[2025-04-14T04:01:05.724+0000] {taskinstance.py:1956} INFO - Dependencies all met for dep_context=non-requeueable deps ti=<TaskInstance: youtube_comment_pipeline_us_stocks_daily.collect_comments scheduled__2025-04-13T00:00:00+00:00 [queued]>
[2025-04-14T04:01:05.726+0000] {taskinstance.py:1956} INFO - Dependencies all met for dep_context=requeueable deps ti=<TaskInstance: youtube_comment_pipeline_us_stocks_daily.collect_comments scheduled__2025-04-13T00:00:00+00:00 [queued]>
[2025-04-14T04:01:05.727+0000] {taskinstance.py:2170} INFO - Starting attempt 2 of 2
[2025-04-14T04:01:05.730+0000] {taskinstance.py:2191} INFO - Executing <Task(PythonOperator): collect_comments> on 2025-04-13 00:00:00+00:00
[2025-04-14T04:01:05.732+0000] {standard_task_runner.py:60} INFO - Started process 7486 to run task
[2025-04-14T04:01:05.734+0000] {standard_task_runner.py:87} INFO - Running: ['***', 'tasks', 'run', 'youtube_comment_pipeline_us_stocks_daily', 'collect_comments', 'scheduled__2025-04-13T00:00:00+00:00', '--job-id', '337', '--raw', '--subdir', 'DAGS_FOLDER/youtube_comment_pipeline.py', '--cfg-path', '/tmp/tmpjmx7zq2q']
[2025-04-14T04:01:05.735+0000] {standard_task_runner.py:88} INFO - Job 337: Subtask collect_comments
[2025-04-14T04:01:05.753+0000] {task_command.py:423} INFO - Running <TaskInstance: youtube_comment_pipeline_us_stocks_daily.collect_comments scheduled__2025-04-13T00:00:00+00:00 [running]> on host 9d8a82da5923
[2025-04-14T04:01:05.783+0000] {taskinstance.py:2480} INFO - Exporting env vars: AIRFLOW_CTX_DAG_OWNER='***' AIRFLOW_CTX_DAG_ID='youtube_comment_pipeline_us_stocks_daily' AIRFLOW_CTX_TASK_ID='collect_comments' AIRFLOW_CTX_EXECUTION_DATE='2025-04-13T00:00:00+00:00' AIRFLOW_CTX_TRY_NUMBER='2' AIRFLOW_CTX_DAG_RUN_ID='scheduled__2025-04-13T00:00:00+00:00'
[2025-04-14T04:01:05.789+0000] {logging_mixin.py:188} WARNING - /home/***/.local/lib/python3.8/site-packages/***/utils/context.py:315 AirflowContextDeprecationWarning: Accessing 'execution_date' from the template is deprecated and will be removed in a future version. Please use 'data_interval_start' or 'logical_date' instead.
[2025-04-14T04:03:03.243+0000] {logging_mixin.py:188} INFO -  Collected 185 comments.
[2025-04-14T04:03:03.244+0000] {python.py:201} INFO - Done. Returned value was: None
[2025-04-14T04:03:03.248+0000] {taskinstance.py:1138} INFO - Marking task as SUCCESS. dag_id=youtube_comment_pipeline_us_stocks_daily, task_id=collect_comments, execution_date=20250413T000000, start_date=20250414T040105, end_date=20250414T040303
[2025-04-14T04:03:03.271+0000] {local_task_job_runner.py:234} INFO - Task exited with return code 0
[2025-04-14T04:03:03.282+0000] {taskinstance.py:3280} INFO - 1 downstream tasks scheduled from follow-on schedule check
[2025-04-21T01:51:58.305+0000] {taskinstance.py:1956} INFO - Dependencies all met for dep_context=non-requeueable deps ti=<TaskInstance: youtube_comment_pipeline_us_stocks_daily.collect_comments scheduled__2025-04-13T00:00:00+00:00 [queued]>
[2025-04-21T01:51:58.309+0000] {taskinstance.py:1956} INFO - Dependencies all met for dep_context=requeueable deps ti=<TaskInstance: youtube_comment_pipeline_us_stocks_daily.collect_comments scheduled__2025-04-13T00:00:00+00:00 [queued]>
[2025-04-21T01:51:58.309+0000] {taskinstance.py:2170} INFO - Starting attempt 2 of 2
[2025-04-21T01:51:58.314+0000] {taskinstance.py:2191} INFO - Executing <Task(PythonOperator): collect_comments> on 2025-04-13 00:00:00+00:00
[2025-04-21T01:51:58.316+0000] {standard_task_runner.py:60} INFO - Started process 4924 to run task
[2025-04-21T01:51:58.318+0000] {standard_task_runner.py:87} INFO - Running: ['***', 'tasks', 'run', 'youtube_comment_pipeline_us_stocks_daily', 'collect_comments', 'scheduled__2025-04-13T00:00:00+00:00', '--job-id', '1788', '--raw', '--subdir', 'DAGS_FOLDER/youtube_comment_pipeline.py', '--cfg-path', '/tmp/tmpbio1lpr2']
[2025-04-21T01:51:58.320+0000] {standard_task_runner.py:88} INFO - Job 1788: Subtask collect_comments
[2025-04-21T01:51:58.344+0000] {task_command.py:423} INFO - Running <TaskInstance: youtube_comment_pipeline_us_stocks_daily.collect_comments scheduled__2025-04-13T00:00:00+00:00 [running]> on host d705548e86b3
[2025-04-21T01:51:58.382+0000] {taskinstance.py:2480} INFO - Exporting env vars: AIRFLOW_CTX_DAG_OWNER='***' AIRFLOW_CTX_DAG_ID='youtube_comment_pipeline_us_stocks_daily' AIRFLOW_CTX_TASK_ID='collect_comments' AIRFLOW_CTX_EXECUTION_DATE='2025-04-13T00:00:00+00:00' AIRFLOW_CTX_TRY_NUMBER='2' AIRFLOW_CTX_DAG_RUN_ID='scheduled__2025-04-13T00:00:00+00:00'
[2025-04-21T01:51:58.389+0000] {logging_mixin.py:188} WARNING - /home/***/.local/lib/python3.8/site-packages/***/utils/context.py:315 AirflowContextDeprecationWarning: Accessing 'execution_date' from the template is deprecated and will be removed in a future version. Please use 'data_interval_start' or 'logical_date' instead.
[2025-04-21T01:52:26.799+0000] {python.py:201} INFO - Done. Returned value was: None
[2025-04-21T01:52:26.805+0000] {taskinstance.py:1138} INFO - Marking task as SUCCESS. dag_id=youtube_comment_pipeline_us_stocks_daily, task_id=collect_comments, execution_date=20250413T000000, start_date=20250421T015158, end_date=20250421T015226
[2025-04-21T01:52:26.843+0000] {local_task_job_runner.py:234} INFO - Task exited with return code 0
[2025-04-21T01:52:26.854+0000] {taskinstance.py:3280} INFO - 1 downstream tasks scheduled from follow-on schedule check
