[2025-04-14T04:26:12.588+0000] {taskinstance.py:1956} INFO - Dependencies all met for dep_context=non-requeueable deps ti=<TaskInstance: youtube_comment_pipeline_us_stocks_daily.load_to_postgres scheduled__2025-04-12T00:00:00+00:00 [queued]>
[2025-04-14T04:26:12.591+0000] {taskinstance.py:1956} INFO - Dependencies all met for dep_context=requeueable deps ti=<TaskInstance: youtube_comment_pipeline_us_stocks_daily.load_to_postgres scheduled__2025-04-12T00:00:00+00:00 [queued]>
[2025-04-14T04:26:12.591+0000] {taskinstance.py:2170} INFO - Starting attempt 2 of 2
[2025-04-14T04:26:12.596+0000] {taskinstance.py:2191} INFO - Executing <Task(PythonOperator): load_to_postgres> on 2025-04-12 00:00:00+00:00
[2025-04-14T04:26:12.598+0000] {standard_task_runner.py:60} INFO - Started process 9078 to run task
[2025-04-14T04:26:12.599+0000] {standard_task_runner.py:87} INFO - Running: ['***', 'tasks', 'run', 'youtube_comment_pipeline_us_stocks_daily', 'load_to_postgres', 'scheduled__2025-04-12T00:00:00+00:00', '--job-id', '347', '--raw', '--subdir', 'DAGS_FOLDER/youtube_comment_pipeline.py', '--cfg-path', '/tmp/tmp5_vllbo6']
[2025-04-14T04:26:12.600+0000] {standard_task_runner.py:88} INFO - Job 347: Subtask load_to_postgres
[2025-04-14T04:26:12.619+0000] {task_command.py:423} INFO - Running <TaskInstance: youtube_comment_pipeline_us_stocks_daily.load_to_postgres scheduled__2025-04-12T00:00:00+00:00 [running]> on host 9d8a82da5923
[2025-04-14T04:26:12.648+0000] {taskinstance.py:2480} INFO - Exporting env vars: AIRFLOW_CTX_DAG_OWNER='***' AIRFLOW_CTX_DAG_ID='youtube_comment_pipeline_us_stocks_daily' AIRFLOW_CTX_TASK_ID='load_to_postgres' AIRFLOW_CTX_EXECUTION_DATE='2025-04-12T00:00:00+00:00' AIRFLOW_CTX_TRY_NUMBER='2' AIRFLOW_CTX_DAG_RUN_ID='scheduled__2025-04-12T00:00:00+00:00'
[2025-04-14T04:26:12.664+0000] {base.py:83} INFO - Using connection ID 'aws_pg' for task execution.
[2025-04-14T04:26:22.397+0000] {logging_mixin.py:188} INFO - 批次插入 1358 筆留言成功
[2025-04-14T04:26:22.400+0000] {python.py:201} INFO - Done. Returned value was: None
[2025-04-14T04:26:22.418+0000] {taskinstance.py:1138} INFO - Marking task as SUCCESS. dag_id=youtube_comment_pipeline_us_stocks_daily, task_id=load_to_postgres, execution_date=20250412T000000, start_date=20250414T042612, end_date=20250414T042622
[2025-04-14T04:26:22.463+0000] {local_task_job_runner.py:234} INFO - Task exited with return code 0
[2025-04-14T04:26:22.477+0000] {taskinstance.py:3280} INFO - 0 downstream tasks scheduled from follow-on schedule check
[2025-04-20T02:46:53.253+0000] {taskinstance.py:1956} INFO - Dependencies all met for dep_context=non-requeueable deps ti=<TaskInstance: youtube_comment_pipeline_us_stocks_daily.load_to_postgres scheduled__2025-04-12T00:00:00+00:00 [queued]>
[2025-04-20T02:46:53.257+0000] {taskinstance.py:1956} INFO - Dependencies all met for dep_context=requeueable deps ti=<TaskInstance: youtube_comment_pipeline_us_stocks_daily.load_to_postgres scheduled__2025-04-12T00:00:00+00:00 [queued]>
[2025-04-20T02:46:53.257+0000] {taskinstance.py:2170} INFO - Starting attempt 2 of 2
[2025-04-20T02:46:53.262+0000] {taskinstance.py:2191} INFO - Executing <Task(PythonOperator): load_to_postgres> on 2025-04-12 00:00:00+00:00
[2025-04-20T02:46:53.264+0000] {standard_task_runner.py:60} INFO - Started process 3407 to run task
[2025-04-20T02:46:53.265+0000] {standard_task_runner.py:87} INFO - Running: ['***', 'tasks', 'run', 'youtube_comment_pipeline_us_stocks_daily', 'load_to_postgres', 'scheduled__2025-04-12T00:00:00+00:00', '--job-id', '677', '--raw', '--subdir', 'DAGS_FOLDER/youtube_comment_pipeline.py', '--cfg-path', '/tmp/tmpse3wjhj4']
[2025-04-20T02:46:53.266+0000] {standard_task_runner.py:88} INFO - Job 677: Subtask load_to_postgres
[2025-04-20T02:46:53.285+0000] {task_command.py:423} INFO - Running <TaskInstance: youtube_comment_pipeline_us_stocks_daily.load_to_postgres scheduled__2025-04-12T00:00:00+00:00 [running]> on host 7e480c288e12
[2025-04-20T02:46:53.316+0000] {taskinstance.py:2480} INFO - Exporting env vars: AIRFLOW_CTX_DAG_OWNER='***' AIRFLOW_CTX_DAG_ID='youtube_comment_pipeline_us_stocks_daily' AIRFLOW_CTX_TASK_ID='load_to_postgres' AIRFLOW_CTX_EXECUTION_DATE='2025-04-12T00:00:00+00:00' AIRFLOW_CTX_TRY_NUMBER='2' AIRFLOW_CTX_DAG_RUN_ID='scheduled__2025-04-12T00:00:00+00:00'
[2025-04-20T02:46:53.326+0000] {base.py:83} INFO - Using connection ID 'aws_pg' for task execution.
[2025-04-20T02:46:56.945+0000] {logging_mixin.py:188} INFO - Successfully batch-inserted 28 comments.
[2025-04-20T02:46:56.946+0000] {python.py:201} INFO - Done. Returned value was: None
[2025-04-20T02:46:56.962+0000] {taskinstance.py:1138} INFO - Marking task as SUCCESS. dag_id=youtube_comment_pipeline_us_stocks_daily, task_id=load_to_postgres, execution_date=20250412T000000, start_date=20250420T024653, end_date=20250420T024656
[2025-04-20T02:46:56.984+0000] {local_task_job_runner.py:234} INFO - Task exited with return code 0
[2025-04-20T02:46:56.998+0000] {taskinstance.py:3280} INFO - 0 downstream tasks scheduled from follow-on schedule check
