[2025-04-13T00:00:54.628+0000] {taskinstance.py:1956} INFO - Dependencies all met for dep_context=non-requeueable deps ti=<TaskInstance: youtube_comment_pipeline_us_stocks_daily.load_to_postgres scheduled__2025-04-12T00:00:00+00:00 [queued]>
[2025-04-13T00:00:54.631+0000] {taskinstance.py:1956} INFO - Dependencies all met for dep_context=requeueable deps ti=<TaskInstance: youtube_comment_pipeline_us_stocks_daily.load_to_postgres scheduled__2025-04-12T00:00:00+00:00 [queued]>
[2025-04-13T00:00:54.632+0000] {taskinstance.py:2170} INFO - Starting attempt 1 of 1
[2025-04-13T00:00:54.637+0000] {taskinstance.py:2191} INFO - Executing <Task(PythonOperator): load_to_postgres> on 2025-04-12 00:00:00+00:00
[2025-04-13T00:00:54.640+0000] {standard_task_runner.py:60} INFO - Started process 396 to run task
[2025-04-13T00:00:54.642+0000] {standard_task_runner.py:87} INFO - Running: ['***', 'tasks', 'run', 'youtube_comment_pipeline_us_stocks_daily', 'load_to_postgres', 'scheduled__2025-04-12T00:00:00+00:00', '--job-id', '288', '--raw', '--subdir', 'DAGS_FOLDER/youtube_comment_pipeline.py', '--cfg-path', '/tmp/tmpdk1058b4']
[2025-04-13T00:00:54.645+0000] {standard_task_runner.py:88} INFO - Job 288: Subtask load_to_postgres
[2025-04-13T00:00:54.682+0000] {task_command.py:423} INFO - Running <TaskInstance: youtube_comment_pipeline_us_stocks_daily.load_to_postgres scheduled__2025-04-12T00:00:00+00:00 [running]> on host 61c0c751e7f9
[2025-04-13T00:00:54.743+0000] {taskinstance.py:2480} INFO - Exporting env vars: AIRFLOW_CTX_DAG_OWNER='***' AIRFLOW_CTX_DAG_ID='youtube_comment_pipeline_us_stocks_daily' AIRFLOW_CTX_TASK_ID='load_to_postgres' AIRFLOW_CTX_EXECUTION_DATE='2025-04-12T00:00:00+00:00' AIRFLOW_CTX_TRY_NUMBER='1' AIRFLOW_CTX_DAG_RUN_ID='scheduled__2025-04-12T00:00:00+00:00'
[2025-04-13T00:00:54.764+0000] {base.py:83} INFO - Using connection ID 'aws_pg' for task execution.
[2025-04-13T00:00:58.690+0000] {logging_mixin.py:188} INFO - 批次插入 186 筆留言成功
[2025-04-13T00:00:58.690+0000] {python.py:201} INFO - Done. Returned value was: None
[2025-04-13T00:00:58.698+0000] {taskinstance.py:1138} INFO - Marking task as SUCCESS. dag_id=youtube_comment_pipeline_us_stocks_daily, task_id=load_to_postgres, execution_date=20250412T000000, start_date=20250413T000054, end_date=20250413T000058
[2025-04-13T00:00:58.729+0000] {local_task_job_runner.py:234} INFO - Task exited with return code 0
[2025-04-13T00:00:58.738+0000] {taskinstance.py:3280} INFO - 0 downstream tasks scheduled from follow-on schedule check
[2025-04-20T02:25:14.641+0000] {taskinstance.py:1956} INFO - Dependencies all met for dep_context=non-requeueable deps ti=<TaskInstance: youtube_comment_pipeline_us_stocks_daily.load_to_postgres scheduled__2025-04-12T00:00:00+00:00 [queued]>
[2025-04-20T02:25:14.645+0000] {taskinstance.py:1956} INFO - Dependencies all met for dep_context=requeueable deps ti=<TaskInstance: youtube_comment_pipeline_us_stocks_daily.load_to_postgres scheduled__2025-04-12T00:00:00+00:00 [queued]>
[2025-04-20T02:25:14.645+0000] {taskinstance.py:2170} INFO - Starting attempt 1 of 1
[2025-04-20T02:25:14.651+0000] {taskinstance.py:2191} INFO - Executing <Task(PythonOperator): load_to_postgres> on 2025-04-12 00:00:00+00:00
[2025-04-20T02:25:14.653+0000] {standard_task_runner.py:60} INFO - Started process 2276 to run task
[2025-04-20T02:25:14.655+0000] {standard_task_runner.py:87} INFO - Running: ['***', 'tasks', 'run', 'youtube_comment_pipeline_us_stocks_daily', 'load_to_postgres', 'scheduled__2025-04-12T00:00:00+00:00', '--job-id', '576', '--raw', '--subdir', 'DAGS_FOLDER/youtube_comment_pipeline.py', '--cfg-path', '/tmp/tmp08yion0l']
[2025-04-20T02:25:14.656+0000] {standard_task_runner.py:88} INFO - Job 576: Subtask load_to_postgres
[2025-04-20T02:25:14.676+0000] {task_command.py:423} INFO - Running <TaskInstance: youtube_comment_pipeline_us_stocks_daily.load_to_postgres scheduled__2025-04-12T00:00:00+00:00 [running]> on host 7e480c288e12
[2025-04-20T02:25:14.709+0000] {taskinstance.py:2480} INFO - Exporting env vars: AIRFLOW_CTX_DAG_OWNER='***' AIRFLOW_CTX_DAG_ID='youtube_comment_pipeline_us_stocks_daily' AIRFLOW_CTX_TASK_ID='load_to_postgres' AIRFLOW_CTX_EXECUTION_DATE='2025-04-12T00:00:00+00:00' AIRFLOW_CTX_TRY_NUMBER='1' AIRFLOW_CTX_DAG_RUN_ID='scheduled__2025-04-12T00:00:00+00:00'
[2025-04-20T02:25:14.720+0000] {base.py:83} INFO - Using connection ID 'aws_pg' for task execution.
[2025-04-20T02:25:17.081+0000] {logging_mixin.py:188} INFO - Successfully batch-inserted 2 comments.
[2025-04-20T02:25:17.081+0000] {python.py:201} INFO - Done. Returned value was: None
[2025-04-20T02:25:17.086+0000] {taskinstance.py:1138} INFO - Marking task as SUCCESS. dag_id=youtube_comment_pipeline_us_stocks_daily, task_id=load_to_postgres, execution_date=20250412T000000, start_date=20250420T022514, end_date=20250420T022517
[2025-04-20T02:25:17.124+0000] {local_task_job_runner.py:234} INFO - Task exited with return code 0
[2025-04-20T02:25:17.133+0000] {taskinstance.py:3280} INFO - 0 downstream tasks scheduled from follow-on schedule check
