[2025-04-14T04:00:35.426+0000] {taskinstance.py:1956} INFO - Dependencies all met for dep_context=non-requeueable deps ti=<TaskInstance: youtube_comment_pipeline_us_stocks_daily.search_youtube scheduled__2025-04-13T00:00:00+00:00 [queued]>
[2025-04-14T04:00:35.428+0000] {taskinstance.py:1956} INFO - Dependencies all met for dep_context=requeueable deps ti=<TaskInstance: youtube_comment_pipeline_us_stocks_daily.search_youtube scheduled__2025-04-13T00:00:00+00:00 [queued]>
[2025-04-14T04:00:35.428+0000] {taskinstance.py:2170} INFO - Starting attempt 2 of 2
[2025-04-14T04:00:35.432+0000] {taskinstance.py:2191} INFO - Executing <Task(PythonOperator): search_youtube> on 2025-04-13 00:00:00+00:00
[2025-04-14T04:00:35.434+0000] {standard_task_runner.py:60} INFO - Started process 7447 to run task
[2025-04-14T04:00:35.436+0000] {standard_task_runner.py:87} INFO - Running: ['***', 'tasks', 'run', 'youtube_comment_pipeline_us_stocks_daily', 'search_youtube', 'scheduled__2025-04-13T00:00:00+00:00', '--job-id', '334', '--raw', '--subdir', 'DAGS_FOLDER/youtube_comment_pipeline.py', '--cfg-path', '/tmp/tmp5zgsf51a']
[2025-04-14T04:00:35.437+0000] {standard_task_runner.py:88} INFO - Job 334: Subtask search_youtube
[2025-04-14T04:00:35.457+0000] {task_command.py:423} INFO - Running <TaskInstance: youtube_comment_pipeline_us_stocks_daily.search_youtube scheduled__2025-04-13T00:00:00+00:00 [running]> on host 9d8a82da5923
[2025-04-14T04:00:35.487+0000] {taskinstance.py:2480} INFO - Exporting env vars: AIRFLOW_CTX_DAG_OWNER='***' AIRFLOW_CTX_DAG_ID='youtube_comment_pipeline_us_stocks_daily' AIRFLOW_CTX_TASK_ID='search_youtube' AIRFLOW_CTX_EXECUTION_DATE='2025-04-13T00:00:00+00:00' AIRFLOW_CTX_TRY_NUMBER='2' AIRFLOW_CTX_DAG_RUN_ID='scheduled__2025-04-13T00:00:00+00:00'
[2025-04-14T04:00:36.566+0000] {python.py:201} INFO - Done. Returned value was: None
[2025-04-14T04:00:36.574+0000] {taskinstance.py:1138} INFO - Marking task as SUCCESS. dag_id=youtube_comment_pipeline_us_stocks_daily, task_id=search_youtube, execution_date=20250413T000000, start_date=20250414T040035, end_date=20250414T040036
[2025-04-14T04:00:36.605+0000] {local_task_job_runner.py:234} INFO - Task exited with return code 0
[2025-04-14T04:00:36.622+0000] {taskinstance.py:3280} INFO - 1 downstream tasks scheduled from follow-on schedule check
[2025-04-20T02:46:59.875+0000] {taskinstance.py:1956} INFO - Dependencies all met for dep_context=non-requeueable deps ti=<TaskInstance: youtube_comment_pipeline_us_stocks_daily.search_youtube scheduled__2025-04-13T00:00:00+00:00 [queued]>
[2025-04-20T02:46:59.878+0000] {taskinstance.py:1956} INFO - Dependencies all met for dep_context=requeueable deps ti=<TaskInstance: youtube_comment_pipeline_us_stocks_daily.search_youtube scheduled__2025-04-13T00:00:00+00:00 [queued]>
[2025-04-20T02:46:59.878+0000] {taskinstance.py:2170} INFO - Starting attempt 2 of 2
[2025-04-20T02:46:59.882+0000] {taskinstance.py:2191} INFO - Executing <Task(PythonOperator): search_youtube> on 2025-04-13 00:00:00+00:00
[2025-04-20T02:46:59.884+0000] {standard_task_runner.py:60} INFO - Started process 3409 to run task
[2025-04-20T02:46:59.886+0000] {standard_task_runner.py:87} INFO - Running: ['***', 'tasks', 'run', 'youtube_comment_pipeline_us_stocks_daily', 'search_youtube', 'scheduled__2025-04-13T00:00:00+00:00', '--job-id', '678', '--raw', '--subdir', 'DAGS_FOLDER/youtube_comment_pipeline.py', '--cfg-path', '/tmp/tmpeq5_2zr4']
[2025-04-20T02:46:59.888+0000] {standard_task_runner.py:88} INFO - Job 678: Subtask search_youtube
[2025-04-20T02:46:59.908+0000] {task_command.py:423} INFO - Running <TaskInstance: youtube_comment_pipeline_us_stocks_daily.search_youtube scheduled__2025-04-13T00:00:00+00:00 [running]> on host 7e480c288e12
[2025-04-20T02:46:59.939+0000] {taskinstance.py:2480} INFO - Exporting env vars: AIRFLOW_CTX_DAG_OWNER='***' AIRFLOW_CTX_DAG_ID='youtube_comment_pipeline_us_stocks_daily' AIRFLOW_CTX_TASK_ID='search_youtube' AIRFLOW_CTX_EXECUTION_DATE='2025-04-13T00:00:00+00:00' AIRFLOW_CTX_TRY_NUMBER='2' AIRFLOW_CTX_DAG_RUN_ID='scheduled__2025-04-13T00:00:00+00:00'
[2025-04-20T02:47:00.801+0000] {python.py:201} INFO - Done. Returned value was: None
[2025-04-20T02:47:00.808+0000] {taskinstance.py:1138} INFO - Marking task as SUCCESS. dag_id=youtube_comment_pipeline_us_stocks_daily, task_id=search_youtube, execution_date=20250413T000000, start_date=20250420T024659, end_date=20250420T024700
[2025-04-20T02:47:00.827+0000] {local_task_job_runner.py:234} INFO - Task exited with return code 0
[2025-04-20T02:47:00.842+0000] {taskinstance.py:3280} INFO - 1 downstream tasks scheduled from follow-on schedule check
