[2025-04-14T04:24:16.958+0000] {taskinstance.py:1956} INFO - Dependencies all met for dep_context=non-requeueable deps ti=<TaskInstance: youtube_comment_pipeline_us_stocks_daily.search_youtube scheduled__2025-04-13T00:00:00+00:00 [queued]>
[2025-04-14T04:24:16.960+0000] {taskinstance.py:1956} INFO - Dependencies all met for dep_context=requeueable deps ti=<TaskInstance: youtube_comment_pipeline_us_stocks_daily.search_youtube scheduled__2025-04-13T00:00:00+00:00 [queued]>
[2025-04-14T04:24:16.961+0000] {taskinstance.py:2170} INFO - Starting attempt 3 of 3
[2025-04-14T04:24:16.964+0000] {taskinstance.py:2191} INFO - Executing <Task(PythonOperator): search_youtube> on 2025-04-13 00:00:00+00:00
[2025-04-14T04:24:16.967+0000] {standard_task_runner.py:60} INFO - Started process 8947 to run task
[2025-04-14T04:24:16.968+0000] {standard_task_runner.py:87} INFO - Running: ['***', 'tasks', 'run', 'youtube_comment_pipeline_us_stocks_daily', 'search_youtube', 'scheduled__2025-04-13T00:00:00+00:00', '--job-id', '341', '--raw', '--subdir', 'DAGS_FOLDER/youtube_comment_pipeline.py', '--cfg-path', '/tmp/tmpjl390u21']
[2025-04-14T04:24:16.969+0000] {standard_task_runner.py:88} INFO - Job 341: Subtask search_youtube
[2025-04-14T04:24:16.988+0000] {task_command.py:423} INFO - Running <TaskInstance: youtube_comment_pipeline_us_stocks_daily.search_youtube scheduled__2025-04-13T00:00:00+00:00 [running]> on host 9d8a82da5923
[2025-04-14T04:24:17.018+0000] {taskinstance.py:2480} INFO - Exporting env vars: AIRFLOW_CTX_DAG_OWNER='***' AIRFLOW_CTX_DAG_ID='youtube_comment_pipeline_us_stocks_daily' AIRFLOW_CTX_TASK_ID='search_youtube' AIRFLOW_CTX_EXECUTION_DATE='2025-04-13T00:00:00+00:00' AIRFLOW_CTX_TRY_NUMBER='3' AIRFLOW_CTX_DAG_RUN_ID='scheduled__2025-04-13T00:00:00+00:00'
[2025-04-14T04:24:17.697+0000] {python.py:201} INFO - Done. Returned value was: None
[2025-04-14T04:24:17.705+0000] {taskinstance.py:1138} INFO - Marking task as SUCCESS. dag_id=youtube_comment_pipeline_us_stocks_daily, task_id=search_youtube, execution_date=20250413T000000, start_date=20250414T042416, end_date=20250414T042417
[2025-04-14T04:24:17.753+0000] {local_task_job_runner.py:234} INFO - Task exited with return code 0
[2025-04-14T04:24:17.769+0000] {taskinstance.py:3280} INFO - 1 downstream tasks scheduled from follow-on schedule check
[2025-04-20T02:49:35.983+0000] {taskinstance.py:1956} INFO - Dependencies all met for dep_context=non-requeueable deps ti=<TaskInstance: youtube_comment_pipeline_us_stocks_daily.search_youtube scheduled__2025-04-13T00:00:00+00:00 [queued]>
[2025-04-20T02:49:35.986+0000] {taskinstance.py:1956} INFO - Dependencies all met for dep_context=requeueable deps ti=<TaskInstance: youtube_comment_pipeline_us_stocks_daily.search_youtube scheduled__2025-04-13T00:00:00+00:00 [queued]>
[2025-04-20T02:49:35.986+0000] {taskinstance.py:2170} INFO - Starting attempt 3 of 3
[2025-04-20T02:49:35.991+0000] {taskinstance.py:2191} INFO - Executing <Task(PythonOperator): search_youtube> on 2025-04-13 00:00:00+00:00
[2025-04-20T02:49:35.993+0000] {standard_task_runner.py:60} INFO - Started process 3570 to run task
[2025-04-20T02:49:35.995+0000] {standard_task_runner.py:87} INFO - Running: ['***', 'tasks', 'run', 'youtube_comment_pipeline_us_stocks_daily', 'search_youtube', 'scheduled__2025-04-13T00:00:00+00:00', '--job-id', '697', '--raw', '--subdir', 'DAGS_FOLDER/youtube_comment_pipeline.py', '--cfg-path', '/tmp/tmplpwbjslh']
[2025-04-20T02:49:35.996+0000] {standard_task_runner.py:88} INFO - Job 697: Subtask search_youtube
[2025-04-20T02:49:36.018+0000] {task_command.py:423} INFO - Running <TaskInstance: youtube_comment_pipeline_us_stocks_daily.search_youtube scheduled__2025-04-13T00:00:00+00:00 [running]> on host 7e480c288e12
[2025-04-20T02:49:36.054+0000] {taskinstance.py:2480} INFO - Exporting env vars: AIRFLOW_CTX_DAG_OWNER='***' AIRFLOW_CTX_DAG_ID='youtube_comment_pipeline_us_stocks_daily' AIRFLOW_CTX_TASK_ID='search_youtube' AIRFLOW_CTX_EXECUTION_DATE='2025-04-13T00:00:00+00:00' AIRFLOW_CTX_TRY_NUMBER='3' AIRFLOW_CTX_DAG_RUN_ID='scheduled__2025-04-13T00:00:00+00:00'
[2025-04-20T02:49:36.216+0000] {python.py:201} INFO - Done. Returned value was: None
[2025-04-20T02:49:36.220+0000] {taskinstance.py:1138} INFO - Marking task as SUCCESS. dag_id=youtube_comment_pipeline_us_stocks_daily, task_id=search_youtube, execution_date=20250413T000000, start_date=20250420T024935, end_date=20250420T024936
[2025-04-20T02:49:36.260+0000] {local_task_job_runner.py:234} INFO - Task exited with return code 0
[2025-04-20T02:49:36.271+0000] {taskinstance.py:3280} INFO - 1 downstream tasks scheduled from follow-on schedule check
