[2025-04-14T04:45:01.991+0000] {taskinstance.py:1956} INFO - Dependencies all met for dep_context=non-requeueable deps ti=<TaskInstance: youtube_comment_pipeline_us_stocks_daily.search_youtube scheduled__2025-04-13T00:00:00+00:00 [queued]>
[2025-04-14T04:45:01.993+0000] {taskinstance.py:1956} INFO - Dependencies all met for dep_context=requeueable deps ti=<TaskInstance: youtube_comment_pipeline_us_stocks_daily.search_youtube scheduled__2025-04-13T00:00:00+00:00 [queued]>
[2025-04-14T04:45:01.993+0000] {taskinstance.py:2170} INFO - Starting attempt 5 of 5
[2025-04-14T04:45:01.997+0000] {taskinstance.py:2191} INFO - Executing <Task(PythonOperator): search_youtube> on 2025-04-13 00:00:00+00:00
[2025-04-14T04:45:02.000+0000] {standard_task_runner.py:60} INFO - Started process 10266 to run task
[2025-04-14T04:45:02.002+0000] {standard_task_runner.py:87} INFO - Running: ['***', 'tasks', 'run', 'youtube_comment_pipeline_us_stocks_daily', 'search_youtube', 'scheduled__2025-04-13T00:00:00+00:00', '--job-id', '354', '--raw', '--subdir', 'DAGS_FOLDER/youtube_comment_pipeline.py', '--cfg-path', '/tmp/tmpt2_iq1w3']
[2025-04-14T04:45:02.003+0000] {standard_task_runner.py:88} INFO - Job 354: Subtask search_youtube
[2025-04-14T04:45:02.022+0000] {task_command.py:423} INFO - Running <TaskInstance: youtube_comment_pipeline_us_stocks_daily.search_youtube scheduled__2025-04-13T00:00:00+00:00 [running]> on host 9d8a82da5923
[2025-04-14T04:45:02.053+0000] {taskinstance.py:2480} INFO - Exporting env vars: AIRFLOW_CTX_DAG_OWNER='***' AIRFLOW_CTX_DAG_ID='youtube_comment_pipeline_us_stocks_daily' AIRFLOW_CTX_TASK_ID='search_youtube' AIRFLOW_CTX_EXECUTION_DATE='2025-04-13T00:00:00+00:00' AIRFLOW_CTX_TRY_NUMBER='5' AIRFLOW_CTX_DAG_RUN_ID='scheduled__2025-04-13T00:00:00+00:00'
[2025-04-14T04:45:02.782+0000] {python.py:201} INFO - Done. Returned value was: None
[2025-04-14T04:45:02.789+0000] {taskinstance.py:1138} INFO - Marking task as SUCCESS. dag_id=youtube_comment_pipeline_us_stocks_daily, task_id=search_youtube, execution_date=20250413T000000, start_date=20250414T044501, end_date=20250414T044502
[2025-04-14T04:45:02.814+0000] {local_task_job_runner.py:234} INFO - Task exited with return code 0
[2025-04-14T04:45:02.828+0000] {taskinstance.py:3280} INFO - 1 downstream tasks scheduled from follow-on schedule check
[2025-04-21T01:51:46.400+0000] {taskinstance.py:1956} INFO - Dependencies all met for dep_context=non-requeueable deps ti=<TaskInstance: youtube_comment_pipeline_us_stocks_daily.search_youtube scheduled__2025-04-13T00:00:00+00:00 [queued]>
[2025-04-21T01:51:46.403+0000] {taskinstance.py:1956} INFO - Dependencies all met for dep_context=requeueable deps ti=<TaskInstance: youtube_comment_pipeline_us_stocks_daily.search_youtube scheduled__2025-04-13T00:00:00+00:00 [queued]>
[2025-04-21T01:51:46.403+0000] {taskinstance.py:2170} INFO - Starting attempt 5 of 5
[2025-04-21T01:51:46.407+0000] {taskinstance.py:2191} INFO - Executing <Task(PythonOperator): search_youtube> on 2025-04-13 00:00:00+00:00
[2025-04-21T01:51:46.410+0000] {standard_task_runner.py:60} INFO - Started process 4891 to run task
[2025-04-21T01:51:46.411+0000] {standard_task_runner.py:87} INFO - Running: ['***', 'tasks', 'run', 'youtube_comment_pipeline_us_stocks_daily', 'search_youtube', 'scheduled__2025-04-13T00:00:00+00:00', '--job-id', '1786', '--raw', '--subdir', 'DAGS_FOLDER/youtube_comment_pipeline.py', '--cfg-path', '/tmp/tmpykc7i0tc']
[2025-04-21T01:51:46.412+0000] {standard_task_runner.py:88} INFO - Job 1786: Subtask search_youtube
[2025-04-21T01:51:46.431+0000] {task_command.py:423} INFO - Running <TaskInstance: youtube_comment_pipeline_us_stocks_daily.search_youtube scheduled__2025-04-13T00:00:00+00:00 [running]> on host d705548e86b3
[2025-04-21T01:51:46.462+0000] {taskinstance.py:2480} INFO - Exporting env vars: AIRFLOW_CTX_DAG_OWNER='***' AIRFLOW_CTX_DAG_ID='youtube_comment_pipeline_us_stocks_daily' AIRFLOW_CTX_TASK_ID='search_youtube' AIRFLOW_CTX_EXECUTION_DATE='2025-04-13T00:00:00+00:00' AIRFLOW_CTX_TRY_NUMBER='5' AIRFLOW_CTX_DAG_RUN_ID='scheduled__2025-04-13T00:00:00+00:00'
[2025-04-21T01:51:46.464+0000] {logging_mixin.py:188} WARNING - /home/***/.local/lib/python3.8/site-packages/***/utils/context.py:315 AirflowContextDeprecationWarning: Accessing 'execution_date' from the template is deprecated and will be removed in a future version. Please use 'data_interval_start' or 'logical_date' instead.
[2025-04-21T01:51:47.190+0000] {python.py:201} INFO - Done. Returned value was: None
[2025-04-21T01:51:47.197+0000] {taskinstance.py:1138} INFO - Marking task as SUCCESS. dag_id=youtube_comment_pipeline_us_stocks_daily, task_id=search_youtube, execution_date=20250413T000000, start_date=20250421T015146, end_date=20250421T015147
[2025-04-21T01:51:47.232+0000] {local_task_job_runner.py:234} INFO - Task exited with return code 0
[2025-04-21T01:51:47.246+0000] {taskinstance.py:3280} INFO - 1 downstream tasks scheduled from follow-on schedule check
