[2025-04-14T02:03:03.554+0000] {taskinstance.py:1956} INFO - Dependencies all met for dep_context=non-requeueable deps ti=<TaskInstance: youtube_comment_pipeline_us_stocks_daily.search_youtube scheduled__2025-04-13T00:00:00+00:00 [queued]>
[2025-04-14T02:03:03.562+0000] {taskinstance.py:1956} INFO - Dependencies all met for dep_context=requeueable deps ti=<TaskInstance: youtube_comment_pipeline_us_stocks_daily.search_youtube scheduled__2025-04-13T00:00:00+00:00 [queued]>
[2025-04-14T02:03:03.562+0000] {taskinstance.py:2170} INFO - Starting attempt 1 of 1
[2025-04-14T02:03:03.569+0000] {taskinstance.py:2191} INFO - Executing <Task(PythonOperator): search_youtube> on 2025-04-13 00:00:00+00:00
[2025-04-14T02:03:03.572+0000] {standard_task_runner.py:60} INFO - Started process 191 to run task
[2025-04-14T02:03:03.573+0000] {standard_task_runner.py:87} INFO - Running: ['***', 'tasks', 'run', 'youtube_comment_pipeline_us_stocks_daily', 'search_youtube', 'scheduled__2025-04-13T00:00:00+00:00', '--job-id', '329', '--raw', '--subdir', 'DAGS_FOLDER/youtube_comment_pipeline.py', '--cfg-path', '/tmp/tmpqiepz3_y']
[2025-04-14T02:03:03.575+0000] {standard_task_runner.py:88} INFO - Job 329: Subtask search_youtube
[2025-04-14T02:03:03.604+0000] {task_command.py:423} INFO - Running <TaskInstance: youtube_comment_pipeline_us_stocks_daily.search_youtube scheduled__2025-04-13T00:00:00+00:00 [running]> on host 9d8a82da5923
[2025-04-14T02:03:03.650+0000] {taskinstance.py:2480} INFO - Exporting env vars: AIRFLOW_CTX_DAG_OWNER='***' AIRFLOW_CTX_DAG_ID='youtube_comment_pipeline_us_stocks_daily' AIRFLOW_CTX_TASK_ID='search_youtube' AIRFLOW_CTX_EXECUTION_DATE='2025-04-13T00:00:00+00:00' AIRFLOW_CTX_TRY_NUMBER='1' AIRFLOW_CTX_DAG_RUN_ID='scheduled__2025-04-13T00:00:00+00:00'
[2025-04-14T02:03:04.285+0000] {python.py:201} INFO - Done. Returned value was: None
[2025-04-14T02:03:04.290+0000] {taskinstance.py:1138} INFO - Marking task as SUCCESS. dag_id=youtube_comment_pipeline_us_stocks_daily, task_id=search_youtube, execution_date=20250413T000000, start_date=20250414T020303, end_date=20250414T020304
[2025-04-14T02:03:04.334+0000] {local_task_job_runner.py:234} INFO - Task exited with return code 0
[2025-04-14T02:03:04.353+0000] {taskinstance.py:3280} INFO - 1 downstream tasks scheduled from follow-on schedule check
[2025-04-20T02:24:44.439+0000] {taskinstance.py:1956} INFO - Dependencies all met for dep_context=non-requeueable deps ti=<TaskInstance: youtube_comment_pipeline_us_stocks_daily.search_youtube scheduled__2025-04-13T00:00:00+00:00 [queued]>
[2025-04-20T02:24:44.450+0000] {taskinstance.py:1956} INFO - Dependencies all met for dep_context=requeueable deps ti=<TaskInstance: youtube_comment_pipeline_us_stocks_daily.search_youtube scheduled__2025-04-13T00:00:00+00:00 [queued]>
[2025-04-20T02:24:44.454+0000] {taskinstance.py:2170} INFO - Starting attempt 1 of 1
[2025-04-20T02:24:44.497+0000] {taskinstance.py:2191} INFO - Executing <Task(PythonOperator): search_youtube> on 2025-04-13 00:00:00+00:00
[2025-04-20T02:24:44.500+0000] {standard_task_runner.py:60} INFO - Started process 2160 to run task
[2025-04-20T02:24:44.511+0000] {standard_task_runner.py:87} INFO - Running: ['***', 'tasks', 'run', 'youtube_comment_pipeline_us_stocks_daily', 'search_youtube', 'scheduled__2025-04-13T00:00:00+00:00', '--job-id', '528', '--raw', '--subdir', 'DAGS_FOLDER/youtube_comment_pipeline.py', '--cfg-path', '/tmp/tmpxnoulyag']
[2025-04-20T02:24:44.515+0000] {standard_task_runner.py:88} INFO - Job 528: Subtask search_youtube
[2025-04-20T02:24:44.578+0000] {task_command.py:423} INFO - Running <TaskInstance: youtube_comment_pipeline_us_stocks_daily.search_youtube scheduled__2025-04-13T00:00:00+00:00 [running]> on host 7e480c288e12
[2025-04-20T02:24:44.674+0000] {taskinstance.py:2480} INFO - Exporting env vars: AIRFLOW_CTX_DAG_OWNER='***' AIRFLOW_CTX_DAG_ID='youtube_comment_pipeline_us_stocks_daily' AIRFLOW_CTX_TASK_ID='search_youtube' AIRFLOW_CTX_EXECUTION_DATE='2025-04-13T00:00:00+00:00' AIRFLOW_CTX_TRY_NUMBER='1' AIRFLOW_CTX_DAG_RUN_ID='scheduled__2025-04-13T00:00:00+00:00'
[2025-04-20T02:24:45.203+0000] {python.py:201} INFO - Done. Returned value was: None
[2025-04-20T02:24:45.215+0000] {taskinstance.py:1138} INFO - Marking task as SUCCESS. dag_id=youtube_comment_pipeline_us_stocks_daily, task_id=search_youtube, execution_date=20250413T000000, start_date=20250420T022444, end_date=20250420T022445
[2025-04-20T02:24:45.229+0000] {local_task_job_runner.py:234} INFO - Task exited with return code 0
[2025-04-20T02:24:45.246+0000] {taskinstance.py:3280} INFO - 1 downstream tasks scheduled from follow-on schedule check
