[2025-04-07T01:52:59.703+0000] {taskinstance.py:1956} INFO - Dependencies all met for dep_context=non-requeueable deps ti=<TaskInstance: youtube_comment_pipeline_us_stocks_daily.search_youtube scheduled__2025-04-06T00:00:00+00:00 [queued]>
[2025-04-07T01:52:59.707+0000] {taskinstance.py:1956} INFO - Dependencies all met for dep_context=requeueable deps ti=<TaskInstance: youtube_comment_pipeline_us_stocks_daily.search_youtube scheduled__2025-04-06T00:00:00+00:00 [queued]>
[2025-04-07T01:52:59.710+0000] {taskinstance.py:2170} INFO - Starting attempt 1 of 1
[2025-04-07T01:52:59.720+0000] {taskinstance.py:2191} INFO - Executing <Task(PythonOperator): search_youtube> on 2025-04-06 00:00:00+00:00
[2025-04-07T01:52:59.724+0000] {standard_task_runner.py:60} INFO - Started process 184 to run task
[2025-04-07T01:52:59.725+0000] {standard_task_runner.py:87} INFO - Running: ['***', 'tasks', 'run', 'youtube_comment_pipeline_us_stocks_daily', 'search_youtube', 'scheduled__2025-04-06T00:00:00+00:00', '--job-id', '138', '--raw', '--subdir', 'DAGS_FOLDER/youtube_comment_pipeline.py', '--cfg-path', '/tmp/tmpt02ji0j1']
[2025-04-07T01:52:59.726+0000] {standard_task_runner.py:88} INFO - Job 138: Subtask search_youtube
[2025-04-07T01:52:59.753+0000] {task_command.py:423} INFO - Running <TaskInstance: youtube_comment_pipeline_us_stocks_daily.search_youtube scheduled__2025-04-06T00:00:00+00:00 [running]> on host 849d650dd1bb
[2025-04-07T01:52:59.842+0000] {taskinstance.py:2480} INFO - Exporting env vars: AIRFLOW_CTX_DAG_OWNER='***' AIRFLOW_CTX_DAG_ID='youtube_comment_pipeline_us_stocks_daily' AIRFLOW_CTX_TASK_ID='search_youtube' AIRFLOW_CTX_EXECUTION_DATE='2025-04-06T00:00:00+00:00' AIRFLOW_CTX_TRY_NUMBER='1' AIRFLOW_CTX_DAG_RUN_ID='scheduled__2025-04-06T00:00:00+00:00'
[2025-04-07T01:53:00.420+0000] {python.py:201} INFO - Done. Returned value was: None
[2025-04-07T01:53:00.432+0000] {taskinstance.py:1138} INFO - Marking task as SUCCESS. dag_id=youtube_comment_pipeline_us_stocks_daily, task_id=search_youtube, execution_date=20250406T000000, start_date=20250407T015259, end_date=20250407T015300
[2025-04-07T01:53:00.456+0000] {local_task_job_runner.py:234} INFO - Task exited with return code 0
[2025-04-07T01:53:00.477+0000] {taskinstance.py:3280} INFO - 1 downstream tasks scheduled from follow-on schedule check
[2025-04-20T02:24:43.106+0000] {taskinstance.py:1956} INFO - Dependencies all met for dep_context=non-requeueable deps ti=<TaskInstance: youtube_comment_pipeline_us_stocks_daily.search_youtube scheduled__2025-04-06T00:00:00+00:00 [queued]>
[2025-04-20T02:24:43.111+0000] {taskinstance.py:1956} INFO - Dependencies all met for dep_context=requeueable deps ti=<TaskInstance: youtube_comment_pipeline_us_stocks_daily.search_youtube scheduled__2025-04-06T00:00:00+00:00 [queued]>
[2025-04-20T02:24:43.111+0000] {taskinstance.py:2170} INFO - Starting attempt 1 of 1
[2025-04-20T02:24:43.175+0000] {taskinstance.py:2191} INFO - Executing <Task(PythonOperator): search_youtube> on 2025-04-06 00:00:00+00:00
[2025-04-20T02:24:43.179+0000] {standard_task_runner.py:60} INFO - Started process 2141 to run task
[2025-04-20T02:24:43.182+0000] {standard_task_runner.py:87} INFO - Running: ['***', 'tasks', 'run', 'youtube_comment_pipeline_us_stocks_daily', 'search_youtube', 'scheduled__2025-04-06T00:00:00+00:00', '--job-id', '517', '--raw', '--subdir', 'DAGS_FOLDER/youtube_comment_pipeline.py', '--cfg-path', '/tmp/tmp8jpop7bw']
[2025-04-20T02:24:43.186+0000] {standard_task_runner.py:88} INFO - Job 517: Subtask search_youtube
[2025-04-20T02:24:43.263+0000] {task_command.py:423} INFO - Running <TaskInstance: youtube_comment_pipeline_us_stocks_daily.search_youtube scheduled__2025-04-06T00:00:00+00:00 [running]> on host 7e480c288e12
[2025-04-20T02:24:43.395+0000] {taskinstance.py:2480} INFO - Exporting env vars: AIRFLOW_CTX_DAG_OWNER='***' AIRFLOW_CTX_DAG_ID='youtube_comment_pipeline_us_stocks_daily' AIRFLOW_CTX_TASK_ID='search_youtube' AIRFLOW_CTX_EXECUTION_DATE='2025-04-06T00:00:00+00:00' AIRFLOW_CTX_TRY_NUMBER='1' AIRFLOW_CTX_DAG_RUN_ID='scheduled__2025-04-06T00:00:00+00:00'
[2025-04-20T02:24:44.205+0000] {python.py:201} INFO - Done. Returned value was: None
[2025-04-20T02:24:44.215+0000] {taskinstance.py:1138} INFO - Marking task as SUCCESS. dag_id=youtube_comment_pipeline_us_stocks_daily, task_id=search_youtube, execution_date=20250406T000000, start_date=20250420T022443, end_date=20250420T022444
[2025-04-20T02:24:44.319+0000] {local_task_job_runner.py:234} INFO - Task exited with return code 0
[2025-04-20T02:24:44.366+0000] {taskinstance.py:3280} INFO - 1 downstream tasks scheduled from follow-on schedule check
