[2025-04-07T01:53:24.533+0000] {taskinstance.py:1956} INFO - Dependencies all met for dep_context=non-requeueable deps ti=<TaskInstance: youtube_comment_pipeline_us_stocks_daily.select_top_videos scheduled__2025-04-06T00:00:00+00:00 [queued]>
[2025-04-07T01:53:24.536+0000] {taskinstance.py:1956} INFO - Dependencies all met for dep_context=requeueable deps ti=<TaskInstance: youtube_comment_pipeline_us_stocks_daily.select_top_videos scheduled__2025-04-06T00:00:00+00:00 [queued]>
[2025-04-07T01:53:24.536+0000] {taskinstance.py:2170} INFO - Starting attempt 1 of 1
[2025-04-07T01:53:24.543+0000] {taskinstance.py:2191} INFO - Executing <Task(PythonOperator): select_top_videos> on 2025-04-06 00:00:00+00:00
[2025-04-07T01:53:24.546+0000] {standard_task_runner.py:60} INFO - Started process 207 to run task
[2025-04-07T01:53:24.555+0000] {standard_task_runner.py:87} INFO - Running: ['***', 'tasks', 'run', 'youtube_comment_pipeline_us_stocks_daily', 'select_top_videos', 'scheduled__2025-04-06T00:00:00+00:00', '--job-id', '140', '--raw', '--subdir', 'DAGS_FOLDER/youtube_comment_pipeline.py', '--cfg-path', '/tmp/tmpwp82awu1']
[2025-04-07T01:53:24.558+0000] {standard_task_runner.py:88} INFO - Job 140: Subtask select_top_videos
[2025-04-07T01:53:24.596+0000] {task_command.py:423} INFO - Running <TaskInstance: youtube_comment_pipeline_us_stocks_daily.select_top_videos scheduled__2025-04-06T00:00:00+00:00 [running]> on host 849d650dd1bb
[2025-04-07T01:53:24.641+0000] {taskinstance.py:2480} INFO - Exporting env vars: AIRFLOW_CTX_DAG_OWNER='***' AIRFLOW_CTX_DAG_ID='youtube_comment_pipeline_us_stocks_daily' AIRFLOW_CTX_TASK_ID='select_top_videos' AIRFLOW_CTX_EXECUTION_DATE='2025-04-06T00:00:00+00:00' AIRFLOW_CTX_TRY_NUMBER='1' AIRFLOW_CTX_DAG_RUN_ID='scheduled__2025-04-06T00:00:00+00:00'
[2025-04-07T01:53:25.285+0000] {python.py:201} INFO - Done. Returned value was: None
[2025-04-07T01:53:25.291+0000] {taskinstance.py:1138} INFO - Marking task as SUCCESS. dag_id=youtube_comment_pipeline_us_stocks_daily, task_id=select_top_videos, execution_date=20250406T000000, start_date=20250407T015324, end_date=20250407T015325
[2025-04-07T01:53:25.316+0000] {local_task_job_runner.py:234} INFO - Task exited with return code 0
[2025-04-07T01:53:25.331+0000] {taskinstance.py:3280} INFO - 1 downstream tasks scheduled from follow-on schedule check
[2025-04-20T02:24:55.843+0000] {taskinstance.py:1956} INFO - Dependencies all met for dep_context=non-requeueable deps ti=<TaskInstance: youtube_comment_pipeline_us_stocks_daily.select_top_videos scheduled__2025-04-06T00:00:00+00:00 [queued]>
[2025-04-20T02:24:55.846+0000] {taskinstance.py:1956} INFO - Dependencies all met for dep_context=requeueable deps ti=<TaskInstance: youtube_comment_pipeline_us_stocks_daily.select_top_videos scheduled__2025-04-06T00:00:00+00:00 [queued]>
[2025-04-20T02:24:55.846+0000] {taskinstance.py:2170} INFO - Starting attempt 1 of 1
[2025-04-20T02:24:55.855+0000] {taskinstance.py:2191} INFO - Executing <Task(PythonOperator): select_top_videos> on 2025-04-06 00:00:00+00:00
[2025-04-20T02:24:55.858+0000] {standard_task_runner.py:60} INFO - Started process 2202 to run task
[2025-04-20T02:24:55.860+0000] {standard_task_runner.py:87} INFO - Running: ['***', 'tasks', 'run', 'youtube_comment_pipeline_us_stocks_daily', 'select_top_videos', 'scheduled__2025-04-06T00:00:00+00:00', '--job-id', '548', '--raw', '--subdir', 'DAGS_FOLDER/youtube_comment_pipeline.py', '--cfg-path', '/tmp/tmpi_wjcmcb']
[2025-04-20T02:24:55.861+0000] {standard_task_runner.py:88} INFO - Job 548: Subtask select_top_videos
[2025-04-20T02:24:55.881+0000] {task_command.py:423} INFO - Running <TaskInstance: youtube_comment_pipeline_us_stocks_daily.select_top_videos scheduled__2025-04-06T00:00:00+00:00 [running]> on host 7e480c288e12
[2025-04-20T02:24:55.914+0000] {taskinstance.py:2480} INFO - Exporting env vars: AIRFLOW_CTX_DAG_OWNER='***' AIRFLOW_CTX_DAG_ID='youtube_comment_pipeline_us_stocks_daily' AIRFLOW_CTX_TASK_ID='select_top_videos' AIRFLOW_CTX_EXECUTION_DATE='2025-04-06T00:00:00+00:00' AIRFLOW_CTX_TRY_NUMBER='1' AIRFLOW_CTX_DAG_RUN_ID='scheduled__2025-04-06T00:00:00+00:00'
[2025-04-20T02:24:56.052+0000] {python.py:201} INFO - Done. Returned value was: None
[2025-04-20T02:24:56.056+0000] {taskinstance.py:1138} INFO - Marking task as SUCCESS. dag_id=youtube_comment_pipeline_us_stocks_daily, task_id=select_top_videos, execution_date=20250406T000000, start_date=20250420T022455, end_date=20250420T022456
[2025-04-20T02:24:56.081+0000] {local_task_job_runner.py:234} INFO - Task exited with return code 0
[2025-04-20T02:24:56.091+0000] {taskinstance.py:3280} INFO - 1 downstream tasks scheduled from follow-on schedule check
