[2025-04-14T04:24:13.360+0000] {taskinstance.py:1956} INFO - Dependencies all met for dep_context=non-requeueable deps ti=<TaskInstance: youtube_comment_pipeline_us_stocks_daily.search_youtube scheduled__2025-04-12T00:00:00+00:00 [queued]>
[2025-04-14T04:24:13.362+0000] {taskinstance.py:1956} INFO - Dependencies all met for dep_context=requeueable deps ti=<TaskInstance: youtube_comment_pipeline_us_stocks_daily.search_youtube scheduled__2025-04-12T00:00:00+00:00 [queued]>
[2025-04-14T04:24:13.362+0000] {taskinstance.py:2170} INFO - Starting attempt 2 of 2
[2025-04-14T04:24:13.366+0000] {taskinstance.py:2191} INFO - Executing <Task(PythonOperator): search_youtube> on 2025-04-12 00:00:00+00:00
[2025-04-14T04:24:13.368+0000] {standard_task_runner.py:60} INFO - Started process 8943 to run task
[2025-04-14T04:24:13.370+0000] {standard_task_runner.py:87} INFO - Running: ['***', 'tasks', 'run', 'youtube_comment_pipeline_us_stocks_daily', 'search_youtube', 'scheduled__2025-04-12T00:00:00+00:00', '--job-id', '339', '--raw', '--subdir', 'DAGS_FOLDER/youtube_comment_pipeline.py', '--cfg-path', '/tmp/tmpwoj6nlo0']
[2025-04-14T04:24:13.371+0000] {standard_task_runner.py:88} INFO - Job 339: Subtask search_youtube
[2025-04-14T04:24:13.390+0000] {task_command.py:423} INFO - Running <TaskInstance: youtube_comment_pipeline_us_stocks_daily.search_youtube scheduled__2025-04-12T00:00:00+00:00 [running]> on host 9d8a82da5923
[2025-04-14T04:24:13.421+0000] {taskinstance.py:2480} INFO - Exporting env vars: AIRFLOW_CTX_DAG_OWNER='***' AIRFLOW_CTX_DAG_ID='youtube_comment_pipeline_us_stocks_daily' AIRFLOW_CTX_TASK_ID='search_youtube' AIRFLOW_CTX_EXECUTION_DATE='2025-04-12T00:00:00+00:00' AIRFLOW_CTX_TRY_NUMBER='2' AIRFLOW_CTX_DAG_RUN_ID='scheduled__2025-04-12T00:00:00+00:00'
[2025-04-14T04:24:14.316+0000] {python.py:201} INFO - Done. Returned value was: None
[2025-04-14T04:24:14.324+0000] {taskinstance.py:1138} INFO - Marking task as SUCCESS. dag_id=youtube_comment_pipeline_us_stocks_daily, task_id=search_youtube, execution_date=20250412T000000, start_date=20250414T042413, end_date=20250414T042414
[2025-04-14T04:24:14.338+0000] {local_task_job_runner.py:234} INFO - Task exited with return code 0
[2025-04-14T04:24:14.351+0000] {taskinstance.py:3280} INFO - 1 downstream tasks scheduled from follow-on schedule check
[2025-04-20T02:45:58.929+0000] {taskinstance.py:1956} INFO - Dependencies all met for dep_context=non-requeueable deps ti=<TaskInstance: youtube_comment_pipeline_us_stocks_daily.search_youtube scheduled__2025-04-12T00:00:00+00:00 [queued]>
[2025-04-20T02:45:58.932+0000] {taskinstance.py:1956} INFO - Dependencies all met for dep_context=requeueable deps ti=<TaskInstance: youtube_comment_pipeline_us_stocks_daily.search_youtube scheduled__2025-04-12T00:00:00+00:00 [queued]>
[2025-04-20T02:45:58.932+0000] {taskinstance.py:2170} INFO - Starting attempt 2 of 2
[2025-04-20T02:45:58.936+0000] {taskinstance.py:2191} INFO - Executing <Task(PythonOperator): search_youtube> on 2025-04-12 00:00:00+00:00
[2025-04-20T02:45:58.939+0000] {standard_task_runner.py:60} INFO - Started process 3337 to run task
[2025-04-20T02:45:58.940+0000] {standard_task_runner.py:87} INFO - Running: ['***', 'tasks', 'run', 'youtube_comment_pipeline_us_stocks_daily', 'search_youtube', 'scheduled__2025-04-12T00:00:00+00:00', '--job-id', '665', '--raw', '--subdir', 'DAGS_FOLDER/youtube_comment_pipeline.py', '--cfg-path', '/tmp/tmp12qflv_f']
[2025-04-20T02:45:58.941+0000] {standard_task_runner.py:88} INFO - Job 665: Subtask search_youtube
[2025-04-20T02:45:58.960+0000] {task_command.py:423} INFO - Running <TaskInstance: youtube_comment_pipeline_us_stocks_daily.search_youtube scheduled__2025-04-12T00:00:00+00:00 [running]> on host 7e480c288e12
[2025-04-20T02:45:58.993+0000] {taskinstance.py:2480} INFO - Exporting env vars: AIRFLOW_CTX_DAG_OWNER='***' AIRFLOW_CTX_DAG_ID='youtube_comment_pipeline_us_stocks_daily' AIRFLOW_CTX_TASK_ID='search_youtube' AIRFLOW_CTX_EXECUTION_DATE='2025-04-12T00:00:00+00:00' AIRFLOW_CTX_TRY_NUMBER='2' AIRFLOW_CTX_DAG_RUN_ID='scheduled__2025-04-12T00:00:00+00:00'
[2025-04-20T02:45:59.402+0000] {python.py:201} INFO - Done. Returned value was: None
[2025-04-20T02:45:59.408+0000] {taskinstance.py:1138} INFO - Marking task as SUCCESS. dag_id=youtube_comment_pipeline_us_stocks_daily, task_id=search_youtube, execution_date=20250412T000000, start_date=20250420T024558, end_date=20250420T024559
[2025-04-20T02:45:59.419+0000] {local_task_job_runner.py:234} INFO - Task exited with return code 0
[2025-04-20T02:45:59.433+0000] {taskinstance.py:3280} INFO - 1 downstream tasks scheduled from follow-on schedule check
