[2025-04-13T00:00:01.171+0000] {taskinstance.py:1956} INFO - Dependencies all met for dep_context=non-requeueable deps ti=<TaskInstance: youtube_comment_pipeline_us_stocks_daily.search_youtube scheduled__2025-04-12T00:00:00+00:00 [queued]>
[2025-04-13T00:00:01.174+0000] {taskinstance.py:1956} INFO - Dependencies all met for dep_context=requeueable deps ti=<TaskInstance: youtube_comment_pipeline_us_stocks_daily.search_youtube scheduled__2025-04-12T00:00:00+00:00 [queued]>
[2025-04-13T00:00:01.174+0000] {taskinstance.py:2170} INFO - Starting attempt 1 of 1
[2025-04-13T00:00:01.179+0000] {taskinstance.py:2191} INFO - Executing <Task(PythonOperator): search_youtube> on 2025-04-12 00:00:00+00:00
[2025-04-13T00:00:01.181+0000] {standard_task_runner.py:60} INFO - Started process 294 to run task
[2025-04-13T00:00:01.182+0000] {standard_task_runner.py:87} INFO - Running: ['***', 'tasks', 'run', 'youtube_comment_pipeline_us_stocks_daily', 'search_youtube', 'scheduled__2025-04-12T00:00:00+00:00', '--job-id', '283', '--raw', '--subdir', 'DAGS_FOLDER/youtube_comment_pipeline.py', '--cfg-path', '/tmp/tmpo5y5kubn']
[2025-04-13T00:00:01.183+0000] {standard_task_runner.py:88} INFO - Job 283: Subtask search_youtube
[2025-04-13T00:00:01.202+0000] {task_command.py:423} INFO - Running <TaskInstance: youtube_comment_pipeline_us_stocks_daily.search_youtube scheduled__2025-04-12T00:00:00+00:00 [running]> on host 61c0c751e7f9
[2025-04-13T00:00:01.234+0000] {taskinstance.py:2480} INFO - Exporting env vars: AIRFLOW_CTX_DAG_OWNER='***' AIRFLOW_CTX_DAG_ID='youtube_comment_pipeline_us_stocks_daily' AIRFLOW_CTX_TASK_ID='search_youtube' AIRFLOW_CTX_EXECUTION_DATE='2025-04-12T00:00:00+00:00' AIRFLOW_CTX_TRY_NUMBER='1' AIRFLOW_CTX_DAG_RUN_ID='scheduled__2025-04-12T00:00:00+00:00'
[2025-04-13T00:00:01.865+0000] {python.py:201} INFO - Done. Returned value was: None
[2025-04-13T00:00:01.869+0000] {taskinstance.py:1138} INFO - Marking task as SUCCESS. dag_id=youtube_comment_pipeline_us_stocks_daily, task_id=search_youtube, execution_date=20250412T000000, start_date=20250413T000001, end_date=20250413T000001
[2025-04-13T00:00:01.909+0000] {local_task_job_runner.py:234} INFO - Task exited with return code 0
[2025-04-13T00:00:01.920+0000] {taskinstance.py:3280} INFO - 1 downstream tasks scheduled from follow-on schedule check
[2025-04-20T02:24:43.991+0000] {taskinstance.py:1956} INFO - Dependencies all met for dep_context=non-requeueable deps ti=<TaskInstance: youtube_comment_pipeline_us_stocks_daily.search_youtube scheduled__2025-04-12T00:00:00+00:00 [queued]>
[2025-04-20T02:24:44.005+0000] {taskinstance.py:1956} INFO - Dependencies all met for dep_context=requeueable deps ti=<TaskInstance: youtube_comment_pipeline_us_stocks_daily.search_youtube scheduled__2025-04-12T00:00:00+00:00 [queued]>
[2025-04-20T02:24:44.007+0000] {taskinstance.py:2170} INFO - Starting attempt 1 of 1
[2025-04-20T02:24:44.019+0000] {taskinstance.py:2191} INFO - Executing <Task(PythonOperator): search_youtube> on 2025-04-12 00:00:00+00:00
[2025-04-20T02:24:44.027+0000] {standard_task_runner.py:60} INFO - Started process 2154 to run task
[2025-04-20T02:24:44.032+0000] {standard_task_runner.py:87} INFO - Running: ['***', 'tasks', 'run', 'youtube_comment_pipeline_us_stocks_daily', 'search_youtube', 'scheduled__2025-04-12T00:00:00+00:00', '--job-id', '523', '--raw', '--subdir', 'DAGS_FOLDER/youtube_comment_pipeline.py', '--cfg-path', '/tmp/tmpu8u9p__n']
[2025-04-20T02:24:44.034+0000] {standard_task_runner.py:88} INFO - Job 523: Subtask search_youtube
[2025-04-20T02:24:44.116+0000] {task_command.py:423} INFO - Running <TaskInstance: youtube_comment_pipeline_us_stocks_daily.search_youtube scheduled__2025-04-12T00:00:00+00:00 [running]> on host 7e480c288e12
[2025-04-20T02:24:44.289+0000] {taskinstance.py:2480} INFO - Exporting env vars: AIRFLOW_CTX_DAG_OWNER='***' AIRFLOW_CTX_DAG_ID='youtube_comment_pipeline_us_stocks_daily' AIRFLOW_CTX_TASK_ID='search_youtube' AIRFLOW_CTX_EXECUTION_DATE='2025-04-12T00:00:00+00:00' AIRFLOW_CTX_TRY_NUMBER='1' AIRFLOW_CTX_DAG_RUN_ID='scheduled__2025-04-12T00:00:00+00:00'
[2025-04-20T02:24:44.969+0000] {python.py:201} INFO - Done. Returned value was: None
[2025-04-20T02:24:44.983+0000] {taskinstance.py:1138} INFO - Marking task as SUCCESS. dag_id=youtube_comment_pipeline_us_stocks_daily, task_id=search_youtube, execution_date=20250412T000000, start_date=20250420T022443, end_date=20250420T022444
[2025-04-20T02:24:45.005+0000] {local_task_job_runner.py:234} INFO - Task exited with return code 0
[2025-04-20T02:24:45.022+0000] {taskinstance.py:3280} INFO - 1 downstream tasks scheduled from follow-on schedule check
