[2025-04-12T13:54:39.122+0000] {taskinstance.py:1956} INFO - Dependencies all met for dep_context=non-requeueable deps ti=<TaskInstance: weekly_comment_analysis_pipeline.run_bertopic manual__2025-04-12T00:00:00+00:00 [None]>
[2025-04-12T13:54:39.126+0000] {taskinstance.py:1956} INFO - Dependencies all met for dep_context=requeueable deps ti=<TaskInstance: weekly_comment_analysis_pipeline.run_bertopic manual__2025-04-12T00:00:00+00:00 [None]>
[2025-04-12T13:54:39.126+0000] {taskinstance.py:2170} INFO - Starting attempt 1 of 1
[2025-04-12T13:54:39.137+0000] {taskinstance.py:2191} INFO - Executing <Task(PythonOperator): run_bertopic> on 2025-04-12 00:00:00+00:00
[2025-04-12T13:54:39.150+0000] {standard_task_runner.py:60} INFO - Started process 82977 to run task
[2025-04-12T13:54:39.158+0000] {standard_task_runner.py:87} INFO - Running: ['***', 'tasks', 'run', 'weekly_comment_analysis_pipeline', 'run_bertopic', 'manual__2025-04-12T00:00:00+00:00', '--job-id', '238', '--raw', '--subdir', 'DAGS_FOLDER/Sentiment_Topicmodelling.py', '--cfg-path', '/tmp/tmpa8e1m7xf']
[2025-04-12T13:54:39.161+0000] {standard_task_runner.py:88} INFO - Job 238: Subtask run_bertopic
[2025-04-12T13:54:39.211+0000] {task_command.py:423} INFO - Running <TaskInstance: weekly_comment_analysis_pipeline.run_bertopic manual__2025-04-12T00:00:00+00:00 [running]> on host 09c1abf4dbfb
[2025-04-12T13:54:39.258+0000] {taskinstance.py:2480} INFO - Exporting env vars: AIRFLOW_CTX_DAG_OWNER='***' AIRFLOW_CTX_DAG_ID='weekly_comment_analysis_pipeline' AIRFLOW_CTX_TASK_ID='run_bertopic' AIRFLOW_CTX_EXECUTION_DATE='2025-04-12T00:00:00+00:00' AIRFLOW_CTX_TRY_NUMBER='1' AIRFLOW_CTX_DAG_RUN_ID='manual__2025-04-12T00:00:00+00:00'
[2025-04-12T13:54:39.313+0000] {SentenceTransformer.py:208} INFO - Use pytorch device_name: cpu
[2025-04-12T13:54:39.313+0000] {SentenceTransformer.py:216} INFO - Load pretrained SentenceTransformer: sentence-transformers/all-MiniLM-L6-v2
[2025-04-12T13:54:49.280+0000] {local_task_job_runner.py:302} WARNING - State of this instance has been externally set to failed. Terminating instance.
[2025-04-12T13:54:49.284+0000] {process_utils.py:131} INFO - Sending 15 to group 82977. PIDs of all processes in the group: [82977]
[2025-04-12T13:54:49.286+0000] {process_utils.py:86} INFO - Sending the signal 15 to group 82977
[2025-04-12T13:54:49.300+0000] {taskinstance.py:2450} ERROR - Received SIGTERM. Terminating subprocesses.
[2025-04-12T13:54:49.352+0000] {process_utils.py:79} INFO - Process psutil.Process(pid=82977, status='terminated', exitcode=0, started='13:54:38') (82977) terminated with exit code 0
[2025-04-12T13:56:50.766+0000] {taskinstance.py:1956} INFO - Dependencies all met for dep_context=non-requeueable deps ti=<TaskInstance: weekly_comment_analysis_pipeline.run_bertopic manual__2025-04-12T00:00:00+00:00 [queued]>
[2025-04-12T13:56:50.780+0000] {taskinstance.py:1956} INFO - Dependencies all met for dep_context=requeueable deps ti=<TaskInstance: weekly_comment_analysis_pipeline.run_bertopic manual__2025-04-12T00:00:00+00:00 [queued]>
[2025-04-12T13:56:50.781+0000] {taskinstance.py:2170} INFO - Starting attempt 1 of 1
[2025-04-12T13:56:50.803+0000] {taskinstance.py:2191} INFO - Executing <Task(PythonOperator): run_bertopic> on 2025-04-12 00:00:00+00:00
[2025-04-12T13:56:50.820+0000] {standard_task_runner.py:60} INFO - Started process 83135 to run task
[2025-04-12T13:56:50.824+0000] {standard_task_runner.py:87} INFO - Running: ['***', 'tasks', 'run', 'weekly_comment_analysis_pipeline', 'run_bertopic', 'manual__2025-04-12T00:00:00+00:00', '--job-id', '242', '--raw', '--subdir', 'DAGS_FOLDER/Sentiment_Topicmodelling.py', '--cfg-path', '/tmp/tmpbg_jrq95']
[2025-04-12T13:56:50.828+0000] {standard_task_runner.py:88} INFO - Job 242: Subtask run_bertopic
[2025-04-12T13:56:50.896+0000] {task_command.py:423} INFO - Running <TaskInstance: weekly_comment_analysis_pipeline.run_bertopic manual__2025-04-12T00:00:00+00:00 [running]> on host 09c1abf4dbfb
[2025-04-12T13:56:50.973+0000] {taskinstance.py:2480} INFO - Exporting env vars: AIRFLOW_CTX_DAG_OWNER='***' AIRFLOW_CTX_DAG_ID='weekly_comment_analysis_pipeline' AIRFLOW_CTX_TASK_ID='run_bertopic' AIRFLOW_CTX_EXECUTION_DATE='2025-04-12T00:00:00+00:00' AIRFLOW_CTX_TRY_NUMBER='1' AIRFLOW_CTX_DAG_RUN_ID='manual__2025-04-12T00:00:00+00:00'
[2025-04-12T13:56:51.033+0000] {SentenceTransformer.py:208} INFO - Use pytorch device_name: cpu
[2025-04-12T13:56:51.033+0000] {SentenceTransformer.py:216} INFO - Load pretrained SentenceTransformer: sentence-transformers/all-MiniLM-L6-v2
[2025-04-12T13:57:26.537+0000] {local_task_job_runner.py:302} WARNING - State of this instance has been externally set to failed. Terminating instance.
[2025-04-12T13:57:26.568+0000] {process_utils.py:131} INFO - Sending 15 to group 83135. PIDs of all processes in the group: [83135]
[2025-04-12T13:57:26.569+0000] {process_utils.py:86} INFO - Sending the signal 15 to group 83135
[2025-04-12T13:57:26.573+0000] {taskinstance.py:2450} ERROR - Received SIGTERM. Terminating subprocesses.
[2025-04-12T13:57:26.834+0000] {process_utils.py:79} INFO - Process psutil.Process(pid=83135, status='terminated', exitcode=0, started='13:56:50') (83135) terminated with exit code 0
