[2025-04-14T04:45:32.095+0000] {taskinstance.py:1956} INFO - Dependencies all met for dep_context=non-requeueable deps ti=<TaskInstance: youtube_comment_pipeline_us_stocks_daily.select_top_videos scheduled__2025-04-13T00:00:00+00:00 [queued]>
[2025-04-14T04:45:32.097+0000] {taskinstance.py:1956} INFO - Dependencies all met for dep_context=requeueable deps ti=<TaskInstance: youtube_comment_pipeline_us_stocks_daily.select_top_videos scheduled__2025-04-13T00:00:00+00:00 [queued]>
[2025-04-14T04:45:32.098+0000] {taskinstance.py:2170} INFO - Starting attempt 5 of 5
[2025-04-14T04:45:32.102+0000] {taskinstance.py:2191} INFO - Executing <Task(PythonOperator): select_top_videos> on 2025-04-13 00:00:00+00:00
[2025-04-14T04:45:32.104+0000] {standard_task_runner.py:60} INFO - Started process 10303 to run task
[2025-04-14T04:45:32.105+0000] {standard_task_runner.py:87} INFO - Running: ['***', 'tasks', 'run', 'youtube_comment_pipeline_us_stocks_daily', 'select_top_videos', 'scheduled__2025-04-13T00:00:00+00:00', '--job-id', '356', '--raw', '--subdir', 'DAGS_FOLDER/youtube_comment_pipeline.py', '--cfg-path', '/tmp/tmp22du4wa8']
[2025-04-14T04:45:32.106+0000] {standard_task_runner.py:88} INFO - Job 356: Subtask select_top_videos
[2025-04-14T04:45:32.125+0000] {task_command.py:423} INFO - Running <TaskInstance: youtube_comment_pipeline_us_stocks_daily.select_top_videos scheduled__2025-04-13T00:00:00+00:00 [running]> on host 9d8a82da5923
[2025-04-14T04:45:32.154+0000] {taskinstance.py:2480} INFO - Exporting env vars: AIRFLOW_CTX_DAG_OWNER='***' AIRFLOW_CTX_DAG_ID='youtube_comment_pipeline_us_stocks_daily' AIRFLOW_CTX_TASK_ID='select_top_videos' AIRFLOW_CTX_EXECUTION_DATE='2025-04-13T00:00:00+00:00' AIRFLOW_CTX_TRY_NUMBER='5' AIRFLOW_CTX_DAG_RUN_ID='scheduled__2025-04-13T00:00:00+00:00'
[2025-04-14T04:45:32.556+0000] {python.py:201} INFO - Done. Returned value was: None
[2025-04-14T04:45:32.562+0000] {taskinstance.py:1138} INFO - Marking task as SUCCESS. dag_id=youtube_comment_pipeline_us_stocks_daily, task_id=select_top_videos, execution_date=20250413T000000, start_date=20250414T044532, end_date=20250414T044532
[2025-04-14T04:45:32.577+0000] {local_task_job_runner.py:234} INFO - Task exited with return code 0
[2025-04-14T04:45:32.591+0000] {taskinstance.py:3280} INFO - 1 downstream tasks scheduled from follow-on schedule check
[2025-04-20T02:49:38.300+0000] {taskinstance.py:1956} INFO - Dependencies all met for dep_context=non-requeueable deps ti=<TaskInstance: youtube_comment_pipeline_us_stocks_daily.select_top_videos scheduled__2025-04-13T00:00:00+00:00 [queued]>
[2025-04-20T02:49:38.303+0000] {taskinstance.py:1956} INFO - Dependencies all met for dep_context=requeueable deps ti=<TaskInstance: youtube_comment_pipeline_us_stocks_daily.select_top_videos scheduled__2025-04-13T00:00:00+00:00 [queued]>
[2025-04-20T02:49:38.303+0000] {taskinstance.py:2170} INFO - Starting attempt 5 of 5
[2025-04-20T02:49:38.308+0000] {taskinstance.py:2191} INFO - Executing <Task(PythonOperator): select_top_videos> on 2025-04-13 00:00:00+00:00
[2025-04-20T02:49:38.311+0000] {standard_task_runner.py:60} INFO - Started process 3574 to run task
[2025-04-20T02:49:38.313+0000] {standard_task_runner.py:87} INFO - Running: ['***', 'tasks', 'run', 'youtube_comment_pipeline_us_stocks_daily', 'select_top_videos', 'scheduled__2025-04-13T00:00:00+00:00', '--job-id', '699', '--raw', '--subdir', 'DAGS_FOLDER/youtube_comment_pipeline.py', '--cfg-path', '/tmp/tmp0w7duzxi']
[2025-04-20T02:49:38.317+0000] {standard_task_runner.py:88} INFO - Job 699: Subtask select_top_videos
[2025-04-20T02:49:38.350+0000] {task_command.py:423} INFO - Running <TaskInstance: youtube_comment_pipeline_us_stocks_daily.select_top_videos scheduled__2025-04-13T00:00:00+00:00 [running]> on host 7e480c288e12
[2025-04-20T02:49:38.388+0000] {taskinstance.py:2480} INFO - Exporting env vars: AIRFLOW_CTX_DAG_OWNER='***' AIRFLOW_CTX_DAG_ID='youtube_comment_pipeline_us_stocks_daily' AIRFLOW_CTX_TASK_ID='select_top_videos' AIRFLOW_CTX_EXECUTION_DATE='2025-04-13T00:00:00+00:00' AIRFLOW_CTX_TRY_NUMBER='5' AIRFLOW_CTX_DAG_RUN_ID='scheduled__2025-04-13T00:00:00+00:00'
[2025-04-20T02:49:38.534+0000] {taskinstance.py:2698} ERROR - Task failed with exception
Traceback (most recent call last):
  File "/home/airflow/.local/lib/python3.8/site-packages/airflow/models/taskinstance.py", line 433, in _execute_task
    result = execute_callable(context=context, **execute_callable_kwargs)
  File "/home/airflow/.local/lib/python3.8/site-packages/airflow/operators/python.py", line 199, in execute
    return_value = self.execute_callable()
  File "/home/airflow/.local/lib/python3.8/site-packages/airflow/operators/python.py", line 216, in execute_callable
    return self.python_callable(*self.op_args, **self.op_kwargs)
  File "/opt/airflow/dags/youtube_comment_pipeline.py", line 124, in select_top_videos
    sorted_videos = sorted(res["items"], key=lambda v: int(v["statistics"].get("viewCount", 0)), reverse=True)
KeyError: 'items'
[2025-04-20T02:49:38.541+0000] {taskinstance.py:1138} INFO - Marking task as FAILED. dag_id=youtube_comment_pipeline_us_stocks_daily, task_id=select_top_videos, execution_date=20250413T000000, start_date=20250420T024938, end_date=20250420T024938
[2025-04-20T02:49:38.546+0000] {standard_task_runner.py:107} ERROR - Failed to execute job 699 for task select_top_videos ('items'; 3574)
[2025-04-20T02:49:38.582+0000] {local_task_job_runner.py:234} INFO - Task exited with return code 1
[2025-04-20T02:49:38.593+0000] {taskinstance.py:3280} INFO - 0 downstream tasks scheduled from follow-on schedule check
