[2025-04-08T05:10:48.942+0000] {taskinstance.py:1956} INFO - Dependencies all met for dep_context=non-requeueable deps ti=<TaskInstance: youtube_comment_pipeline_us_stocks_daily.select_top_videos scheduled__2025-04-07T00:00:00+00:00 [queued]>
[2025-04-08T05:10:48.945+0000] {taskinstance.py:1956} INFO - Dependencies all met for dep_context=requeueable deps ti=<TaskInstance: youtube_comment_pipeline_us_stocks_daily.select_top_videos scheduled__2025-04-07T00:00:00+00:00 [queued]>
[2025-04-08T05:10:48.945+0000] {taskinstance.py:2170} INFO - Starting attempt 1 of 1
[2025-04-08T05:10:48.949+0000] {taskinstance.py:2191} INFO - Executing <Task(PythonOperator): select_top_videos> on 2025-04-07 00:00:00+00:00
[2025-04-08T05:10:48.951+0000] {standard_task_runner.py:60} INFO - Started process 7003 to run task
[2025-04-08T05:10:48.952+0000] {standard_task_runner.py:87} INFO - Running: ['***', 'tasks', 'run', 'youtube_comment_pipeline_us_stocks_daily', 'select_top_videos', 'scheduled__2025-04-07T00:00:00+00:00', '--job-id', '167', '--raw', '--subdir', 'DAGS_FOLDER/youtube_comment_pipeline.py', '--cfg-path', '/tmp/tmpqjiv5xjw']
[2025-04-08T05:10:48.953+0000] {standard_task_runner.py:88} INFO - Job 167: Subtask select_top_videos
[2025-04-08T05:10:48.971+0000] {task_command.py:423} INFO - Running <TaskInstance: youtube_comment_pipeline_us_stocks_daily.select_top_videos scheduled__2025-04-07T00:00:00+00:00 [running]> on host 288775c8919d
[2025-04-08T05:10:48.999+0000] {taskinstance.py:2480} INFO - Exporting env vars: AIRFLOW_CTX_DAG_OWNER='***' AIRFLOW_CTX_DAG_ID='youtube_comment_pipeline_us_stocks_daily' AIRFLOW_CTX_TASK_ID='select_top_videos' AIRFLOW_CTX_EXECUTION_DATE='2025-04-07T00:00:00+00:00' AIRFLOW_CTX_TRY_NUMBER='1' AIRFLOW_CTX_DAG_RUN_ID='scheduled__2025-04-07T00:00:00+00:00'
[2025-04-08T05:10:49.306+0000] {python.py:201} INFO - Done. Returned value was: None
[2025-04-08T05:10:49.315+0000] {taskinstance.py:1138} INFO - Marking task as SUCCESS. dag_id=youtube_comment_pipeline_us_stocks_daily, task_id=select_top_videos, execution_date=20250407T000000, start_date=20250408T051048, end_date=20250408T051049
[2025-04-08T05:10:49.350+0000] {local_task_job_runner.py:234} INFO - Task exited with return code 0
[2025-04-08T05:10:49.367+0000] {taskinstance.py:3280} INFO - 1 downstream tasks scheduled from follow-on schedule check
[2025-04-20T02:24:57.078+0000] {taskinstance.py:1956} INFO - Dependencies all met for dep_context=non-requeueable deps ti=<TaskInstance: youtube_comment_pipeline_us_stocks_daily.select_top_videos scheduled__2025-04-07T00:00:00+00:00 [queued]>
[2025-04-20T02:24:57.083+0000] {taskinstance.py:1956} INFO - Dependencies all met for dep_context=requeueable deps ti=<TaskInstance: youtube_comment_pipeline_us_stocks_daily.select_top_videos scheduled__2025-04-07T00:00:00+00:00 [queued]>
[2025-04-20T02:24:57.083+0000] {taskinstance.py:2170} INFO - Starting attempt 1 of 1
[2025-04-20T02:24:57.097+0000] {taskinstance.py:2191} INFO - Executing <Task(PythonOperator): select_top_videos> on 2025-04-07 00:00:00+00:00
[2025-04-20T02:24:57.102+0000] {standard_task_runner.py:60} INFO - Started process 2214 to run task
[2025-04-20T02:24:57.104+0000] {standard_task_runner.py:87} INFO - Running: ['***', 'tasks', 'run', 'youtube_comment_pipeline_us_stocks_daily', 'select_top_videos', 'scheduled__2025-04-07T00:00:00+00:00', '--job-id', '552', '--raw', '--subdir', 'DAGS_FOLDER/youtube_comment_pipeline.py', '--cfg-path', '/tmp/tmp1u2zekem']
[2025-04-20T02:24:57.105+0000] {standard_task_runner.py:88} INFO - Job 552: Subtask select_top_videos
[2025-04-20T02:24:57.139+0000] {task_command.py:423} INFO - Running <TaskInstance: youtube_comment_pipeline_us_stocks_daily.select_top_videos scheduled__2025-04-07T00:00:00+00:00 [running]> on host 7e480c288e12
[2025-04-20T02:24:57.196+0000] {taskinstance.py:2480} INFO - Exporting env vars: AIRFLOW_CTX_DAG_OWNER='***' AIRFLOW_CTX_DAG_ID='youtube_comment_pipeline_us_stocks_daily' AIRFLOW_CTX_TASK_ID='select_top_videos' AIRFLOW_CTX_EXECUTION_DATE='2025-04-07T00:00:00+00:00' AIRFLOW_CTX_TRY_NUMBER='1' AIRFLOW_CTX_DAG_RUN_ID='scheduled__2025-04-07T00:00:00+00:00'
[2025-04-20T02:24:57.327+0000] {python.py:201} INFO - Done. Returned value was: None
[2025-04-20T02:24:57.331+0000] {taskinstance.py:1138} INFO - Marking task as SUCCESS. dag_id=youtube_comment_pipeline_us_stocks_daily, task_id=select_top_videos, execution_date=20250407T000000, start_date=20250420T022457, end_date=20250420T022457
[2025-04-20T02:24:57.371+0000] {local_task_job_runner.py:234} INFO - Task exited with return code 0
[2025-04-20T02:24:57.382+0000] {taskinstance.py:3280} INFO - 1 downstream tasks scheduled from follow-on schedule check
