[2025-04-06T08:55:21.475+0000] {taskinstance.py:1956} INFO - Dependencies all met for dep_context=non-requeueable deps ti=<TaskInstance: youtube_comment_pipeline_us_stocks_daily.search_youtube scheduled__2025-04-03T00:00:00+00:00 [queued]>
[2025-04-06T08:55:21.483+0000] {taskinstance.py:1956} INFO - Dependencies all met for dep_context=requeueable deps ti=<TaskInstance: youtube_comment_pipeline_us_stocks_daily.search_youtube scheduled__2025-04-03T00:00:00+00:00 [queued]>
[2025-04-06T08:55:21.483+0000] {taskinstance.py:2170} INFO - Starting attempt 1 of 1
[2025-04-06T08:55:21.498+0000] {taskinstance.py:2191} INFO - Executing <Task(PythonOperator): search_youtube> on 2025-04-03 00:00:00+00:00
[2025-04-06T08:55:21.502+0000] {standard_task_runner.py:60} INFO - Started process 1798 to run task
[2025-04-06T08:55:21.506+0000] {standard_task_runner.py:87} INFO - Running: ['***', 'tasks', 'run', 'youtube_comment_pipeline_us_stocks_daily', 'search_youtube', 'scheduled__2025-04-03T00:00:00+00:00', '--job-id', '82', '--raw', '--subdir', 'DAGS_FOLDER/youtube_comment_pipeline.py', '--cfg-path', '/tmp/tmp4067npwf']
[2025-04-06T08:55:21.508+0000] {standard_task_runner.py:88} INFO - Job 82: Subtask search_youtube
[2025-04-06T08:55:21.560+0000] {task_command.py:423} INFO - Running <TaskInstance: youtube_comment_pipeline_us_stocks_daily.search_youtube scheduled__2025-04-03T00:00:00+00:00 [running]> on host 04d9bebcd372
[2025-04-06T08:55:21.642+0000] {taskinstance.py:2480} INFO - Exporting env vars: AIRFLOW_CTX_DAG_OWNER='***' AIRFLOW_CTX_DAG_ID='youtube_comment_pipeline_us_stocks_daily' AIRFLOW_CTX_TASK_ID='search_youtube' AIRFLOW_CTX_EXECUTION_DATE='2025-04-03T00:00:00+00:00' AIRFLOW_CTX_TRY_NUMBER='1' AIRFLOW_CTX_DAG_RUN_ID='scheduled__2025-04-03T00:00:00+00:00'
[2025-04-06T08:55:22.340+0000] {python.py:201} INFO - Done. Returned value was: None
[2025-04-06T08:55:22.346+0000] {taskinstance.py:1138} INFO - Marking task as SUCCESS. dag_id=youtube_comment_pipeline_us_stocks_daily, task_id=search_youtube, execution_date=20250403T000000, start_date=20250406T085521, end_date=20250406T085522
[2025-04-06T08:55:22.374+0000] {local_task_job_runner.py:234} INFO - Task exited with return code 0
[2025-04-06T08:55:22.389+0000] {taskinstance.py:3280} INFO - 1 downstream tasks scheduled from follow-on schedule check
[2025-04-20T02:24:41.852+0000] {taskinstance.py:1956} INFO - Dependencies all met for dep_context=non-requeueable deps ti=<TaskInstance: youtube_comment_pipeline_us_stocks_daily.search_youtube scheduled__2025-04-03T00:00:00+00:00 [queued]>
[2025-04-20T02:24:41.857+0000] {taskinstance.py:1956} INFO - Dependencies all met for dep_context=requeueable deps ti=<TaskInstance: youtube_comment_pipeline_us_stocks_daily.search_youtube scheduled__2025-04-03T00:00:00+00:00 [queued]>
[2025-04-20T02:24:41.857+0000] {taskinstance.py:2170} INFO - Starting attempt 1 of 1
[2025-04-20T02:24:41.865+0000] {taskinstance.py:2191} INFO - Executing <Task(PythonOperator): search_youtube> on 2025-04-03 00:00:00+00:00
[2025-04-20T02:24:41.868+0000] {standard_task_runner.py:60} INFO - Started process 2132 to run task
[2025-04-20T02:24:41.870+0000] {standard_task_runner.py:87} INFO - Running: ['***', 'tasks', 'run', 'youtube_comment_pipeline_us_stocks_daily', 'search_youtube', 'scheduled__2025-04-03T00:00:00+00:00', '--job-id', '515', '--raw', '--subdir', 'DAGS_FOLDER/youtube_comment_pipeline.py', '--cfg-path', '/tmp/tmpp41c_co3']
[2025-04-20T02:24:41.871+0000] {standard_task_runner.py:88} INFO - Job 515: Subtask search_youtube
[2025-04-20T02:24:41.898+0000] {task_command.py:423} INFO - Running <TaskInstance: youtube_comment_pipeline_us_stocks_daily.search_youtube scheduled__2025-04-03T00:00:00+00:00 [running]> on host 7e480c288e12
[2025-04-20T02:24:41.940+0000] {taskinstance.py:2480} INFO - Exporting env vars: AIRFLOW_CTX_DAG_OWNER='***' AIRFLOW_CTX_DAG_ID='youtube_comment_pipeline_us_stocks_daily' AIRFLOW_CTX_TASK_ID='search_youtube' AIRFLOW_CTX_EXECUTION_DATE='2025-04-03T00:00:00+00:00' AIRFLOW_CTX_TRY_NUMBER='1' AIRFLOW_CTX_DAG_RUN_ID='scheduled__2025-04-03T00:00:00+00:00'
[2025-04-20T02:24:43.076+0000] {python.py:201} INFO - Done. Returned value was: None
[2025-04-20T02:24:43.098+0000] {taskinstance.py:1138} INFO - Marking task as SUCCESS. dag_id=youtube_comment_pipeline_us_stocks_daily, task_id=search_youtube, execution_date=20250403T000000, start_date=20250420T022441, end_date=20250420T022443
[2025-04-20T02:24:43.214+0000] {local_task_job_runner.py:234} INFO - Task exited with return code 0
[2025-04-20T02:24:43.258+0000] {taskinstance.py:3280} INFO - 1 downstream tasks scheduled from follow-on schedule check
