[2025-04-12T02:05:18.644+0000] {taskinstance.py:1956} INFO - Dependencies all met for dep_context=non-requeueable deps ti=<TaskInstance: youtube_comment_pipeline_us_stocks_daily.search_youtube scheduled__2025-04-10T00:00:00+00:00 [queued]>
[2025-04-12T02:05:18.653+0000] {taskinstance.py:1956} INFO - Dependencies all met for dep_context=requeueable deps ti=<TaskInstance: youtube_comment_pipeline_us_stocks_daily.search_youtube scheduled__2025-04-10T00:00:00+00:00 [queued]>
[2025-04-12T02:05:18.653+0000] {taskinstance.py:2170} INFO - Starting attempt 1 of 1
[2025-04-12T02:05:18.665+0000] {taskinstance.py:2191} INFO - Executing <Task(PythonOperator): search_youtube> on 2025-04-10 00:00:00+00:00
[2025-04-12T02:05:18.670+0000] {standard_task_runner.py:60} INFO - Started process 184 to run task
[2025-04-12T02:05:18.674+0000] {standard_task_runner.py:87} INFO - Running: ['***', 'tasks', 'run', 'youtube_comment_pipeline_us_stocks_daily', 'search_youtube', 'scheduled__2025-04-10T00:00:00+00:00', '--job-id', '176', '--raw', '--subdir', 'DAGS_FOLDER/youtube_comment_pipeline.py', '--cfg-path', '/tmp/tmpqs542894']
[2025-04-12T02:05:18.676+0000] {standard_task_runner.py:88} INFO - Job 176: Subtask search_youtube
[2025-04-12T02:05:18.727+0000] {task_command.py:423} INFO - Running <TaskInstance: youtube_comment_pipeline_us_stocks_daily.search_youtube scheduled__2025-04-10T00:00:00+00:00 [running]> on host 6ca683c63410
[2025-04-12T02:05:18.826+0000] {taskinstance.py:2480} INFO - Exporting env vars: AIRFLOW_CTX_DAG_OWNER='***' AIRFLOW_CTX_DAG_ID='youtube_comment_pipeline_us_stocks_daily' AIRFLOW_CTX_TASK_ID='search_youtube' AIRFLOW_CTX_EXECUTION_DATE='2025-04-10T00:00:00+00:00' AIRFLOW_CTX_TRY_NUMBER='1' AIRFLOW_CTX_DAG_RUN_ID='scheduled__2025-04-10T00:00:00+00:00'
[2025-04-12T02:05:20.016+0000] {python.py:201} INFO - Done. Returned value was: None
[2025-04-12T02:05:20.021+0000] {taskinstance.py:1138} INFO - Marking task as SUCCESS. dag_id=youtube_comment_pipeline_us_stocks_daily, task_id=search_youtube, execution_date=20250410T000000, start_date=20250412T020518, end_date=20250412T020520
[2025-04-12T02:05:20.061+0000] {local_task_job_runner.py:234} INFO - Task exited with return code 0
[2025-04-12T02:05:20.088+0000] {taskinstance.py:3280} INFO - 1 downstream tasks scheduled from follow-on schedule check
[2025-04-20T02:24:43.707+0000] {taskinstance.py:1956} INFO - Dependencies all met for dep_context=non-requeueable deps ti=<TaskInstance: youtube_comment_pipeline_us_stocks_daily.search_youtube scheduled__2025-04-10T00:00:00+00:00 [queued]>
[2025-04-20T02:24:43.735+0000] {taskinstance.py:1956} INFO - Dependencies all met for dep_context=requeueable deps ti=<TaskInstance: youtube_comment_pipeline_us_stocks_daily.search_youtube scheduled__2025-04-10T00:00:00+00:00 [queued]>
[2025-04-20T02:24:43.743+0000] {taskinstance.py:2170} INFO - Starting attempt 1 of 1
[2025-04-20T02:24:43.775+0000] {taskinstance.py:2191} INFO - Executing <Task(PythonOperator): search_youtube> on 2025-04-10 00:00:00+00:00
[2025-04-20T02:24:43.779+0000] {standard_task_runner.py:60} INFO - Started process 2152 to run task
[2025-04-20T02:24:43.784+0000] {standard_task_runner.py:87} INFO - Running: ['***', 'tasks', 'run', 'youtube_comment_pipeline_us_stocks_daily', 'search_youtube', 'scheduled__2025-04-10T00:00:00+00:00', '--job-id', '521', '--raw', '--subdir', 'DAGS_FOLDER/youtube_comment_pipeline.py', '--cfg-path', '/tmp/tmpn741fv61']
[2025-04-20T02:24:43.789+0000] {standard_task_runner.py:88} INFO - Job 521: Subtask search_youtube
[2025-04-20T02:24:43.937+0000] {task_command.py:423} INFO - Running <TaskInstance: youtube_comment_pipeline_us_stocks_daily.search_youtube scheduled__2025-04-10T00:00:00+00:00 [running]> on host 7e480c288e12
[2025-04-20T02:24:44.104+0000] {taskinstance.py:2480} INFO - Exporting env vars: AIRFLOW_CTX_DAG_OWNER='***' AIRFLOW_CTX_DAG_ID='youtube_comment_pipeline_us_stocks_daily' AIRFLOW_CTX_TASK_ID='search_youtube' AIRFLOW_CTX_EXECUTION_DATE='2025-04-10T00:00:00+00:00' AIRFLOW_CTX_TRY_NUMBER='1' AIRFLOW_CTX_DAG_RUN_ID='scheduled__2025-04-10T00:00:00+00:00'
[2025-04-20T02:24:44.735+0000] {python.py:201} INFO - Done. Returned value was: None
[2025-04-20T02:24:44.780+0000] {taskinstance.py:1138} INFO - Marking task as SUCCESS. dag_id=youtube_comment_pipeline_us_stocks_daily, task_id=search_youtube, execution_date=20250410T000000, start_date=20250420T022443, end_date=20250420T022444
[2025-04-20T02:24:44.849+0000] {local_task_job_runner.py:234} INFO - Task exited with return code 0
[2025-04-20T02:24:44.883+0000] {taskinstance.py:3280} INFO - 1 downstream tasks scheduled from follow-on schedule check
