[2025-04-06T03:24:33.605+0000] {taskinstance.py:1956} INFO - Dependencies all met for dep_context=non-requeueable deps ti=<TaskInstance: youtube_comment_pipeline_us_stocks_daily.collect_comments scheduled__2025-04-05T00:00:00+00:00 [queued]>
[2025-04-06T03:24:33.608+0000] {taskinstance.py:1956} INFO - Dependencies all met for dep_context=requeueable deps ti=<TaskInstance: youtube_comment_pipeline_us_stocks_daily.collect_comments scheduled__2025-04-05T00:00:00+00:00 [queued]>
[2025-04-06T03:24:33.608+0000] {taskinstance.py:2170} INFO - Starting attempt 1 of 1
[2025-04-06T03:24:33.612+0000] {taskinstance.py:2191} INFO - Executing <Task(PythonOperator): collect_comments> on 2025-04-05 00:00:00+00:00
[2025-04-06T03:24:33.614+0000] {standard_task_runner.py:60} INFO - Started process 2782 to run task
[2025-04-06T03:24:33.616+0000] {standard_task_runner.py:87} INFO - Running: ['***', 'tasks', 'run', 'youtube_comment_pipeline_us_stocks_daily', 'collect_comments', 'scheduled__2025-04-05T00:00:00+00:00', '--job-id', '50', '--raw', '--subdir', 'DAGS_FOLDER/youtube_comment_pipeline.py', '--cfg-path', '/tmp/tmpee1i3lf_']
[2025-04-06T03:24:33.617+0000] {standard_task_runner.py:88} INFO - Job 50: Subtask collect_comments
[2025-04-06T03:24:33.640+0000] {task_command.py:423} INFO - Running <TaskInstance: youtube_comment_pipeline_us_stocks_daily.collect_comments scheduled__2025-04-05T00:00:00+00:00 [running]> on host 04d9bebcd372
[2025-04-06T03:24:33.670+0000] {taskinstance.py:2480} INFO - Exporting env vars: AIRFLOW_CTX_DAG_OWNER='***' AIRFLOW_CTX_DAG_ID='youtube_comment_pipeline_us_stocks_daily' AIRFLOW_CTX_TASK_ID='collect_comments' AIRFLOW_CTX_EXECUTION_DATE='2025-04-05T00:00:00+00:00' AIRFLOW_CTX_TRY_NUMBER='1' AIRFLOW_CTX_DAG_RUN_ID='scheduled__2025-04-05T00:00:00+00:00'
[2025-04-06T03:25:38.632+0000] {python.py:201} INFO - Done. Returned value was: None
[2025-04-06T03:25:38.640+0000] {taskinstance.py:1138} INFO - Marking task as SUCCESS. dag_id=youtube_comment_pipeline_us_stocks_daily, task_id=collect_comments, execution_date=20250405T000000, start_date=20250406T032433, end_date=20250406T032538
[2025-04-06T03:25:38.681+0000] {local_task_job_runner.py:234} INFO - Task exited with return code 0
[2025-04-06T03:25:38.694+0000] {taskinstance.py:3280} INFO - 1 downstream tasks scheduled from follow-on schedule check
[2025-04-06T04:04:20.797+0000] {taskinstance.py:1956} INFO - Dependencies all met for dep_context=non-requeueable deps ti=<TaskInstance: youtube_comment_pipeline_us_stocks_daily.collect_comments scheduled__2025-04-05T00:00:00+00:00 [queued]>
[2025-04-06T04:04:20.800+0000] {taskinstance.py:1956} INFO - Dependencies all met for dep_context=requeueable deps ti=<TaskInstance: youtube_comment_pipeline_us_stocks_daily.collect_comments scheduled__2025-04-05T00:00:00+00:00 [queued]>
[2025-04-06T04:04:20.800+0000] {taskinstance.py:2170} INFO - Starting attempt 1 of 1
[2025-04-06T04:04:20.804+0000] {taskinstance.py:2191} INFO - Executing <Task(PythonOperator): collect_comments> on 2025-04-05 00:00:00+00:00
[2025-04-06T04:04:20.805+0000] {standard_task_runner.py:60} INFO - Started process 543 to run task
[2025-04-06T04:04:20.807+0000] {standard_task_runner.py:87} INFO - Running: ['***', 'tasks', 'run', 'youtube_comment_pipeline_us_stocks_daily', 'collect_comments', 'scheduled__2025-04-05T00:00:00+00:00', '--job-id', '64', '--raw', '--subdir', 'DAGS_FOLDER/youtube_comment_pipeline.py', '--cfg-path', '/tmp/tmpuvoztmaf']
[2025-04-06T04:04:20.808+0000] {standard_task_runner.py:88} INFO - Job 64: Subtask collect_comments
[2025-04-06T04:04:20.827+0000] {task_command.py:423} INFO - Running <TaskInstance: youtube_comment_pipeline_us_stocks_daily.collect_comments scheduled__2025-04-05T00:00:00+00:00 [running]> on host 04d9bebcd372
[2025-04-06T04:04:20.853+0000] {taskinstance.py:2480} INFO - Exporting env vars: AIRFLOW_CTX_DAG_OWNER='***' AIRFLOW_CTX_DAG_ID='youtube_comment_pipeline_us_stocks_daily' AIRFLOW_CTX_TASK_ID='collect_comments' AIRFLOW_CTX_EXECUTION_DATE='2025-04-05T00:00:00+00:00' AIRFLOW_CTX_TRY_NUMBER='1' AIRFLOW_CTX_DAG_RUN_ID='scheduled__2025-04-05T00:00:00+00:00'
[2025-04-06T04:04:23.528+0000] {logging_mixin.py:188} INFO - ✅ Collected 87 comments.
[2025-04-06T04:04:23.529+0000] {python.py:201} INFO - Done. Returned value was: None
[2025-04-06T04:04:23.539+0000] {taskinstance.py:1138} INFO - Marking task as SUCCESS. dag_id=youtube_comment_pipeline_us_stocks_daily, task_id=collect_comments, execution_date=20250405T000000, start_date=20250406T040420, end_date=20250406T040423
[2025-04-06T04:04:23.590+0000] {local_task_job_runner.py:234} INFO - Task exited with return code 0
[2025-04-06T04:04:23.607+0000] {taskinstance.py:3280} INFO - 1 downstream tasks scheduled from follow-on schedule check
[2025-04-06T08:55:50.326+0000] {taskinstance.py:1956} INFO - Dependencies all met for dep_context=non-requeueable deps ti=<TaskInstance: youtube_comment_pipeline_us_stocks_daily.collect_comments scheduled__2025-04-05T00:00:00+00:00 [queued]>
[2025-04-06T08:55:50.329+0000] {taskinstance.py:1956} INFO - Dependencies all met for dep_context=requeueable deps ti=<TaskInstance: youtube_comment_pipeline_us_stocks_daily.collect_comments scheduled__2025-04-05T00:00:00+00:00 [queued]>
[2025-04-06T08:55:50.329+0000] {taskinstance.py:2170} INFO - Starting attempt 1 of 1
[2025-04-06T08:55:50.333+0000] {taskinstance.py:2191} INFO - Executing <Task(PythonOperator): collect_comments> on 2025-04-05 00:00:00+00:00
[2025-04-06T08:55:50.335+0000] {standard_task_runner.py:60} INFO - Started process 1852 to run task
[2025-04-06T08:55:50.337+0000] {standard_task_runner.py:87} INFO - Running: ['***', 'tasks', 'run', 'youtube_comment_pipeline_us_stocks_daily', 'collect_comments', 'scheduled__2025-04-05T00:00:00+00:00', '--job-id', '103', '--raw', '--subdir', 'DAGS_FOLDER/youtube_comment_pipeline.py', '--cfg-path', '/tmp/tmppzmgcwnc']
[2025-04-06T08:55:50.338+0000] {standard_task_runner.py:88} INFO - Job 103: Subtask collect_comments
[2025-04-06T08:55:50.358+0000] {task_command.py:423} INFO - Running <TaskInstance: youtube_comment_pipeline_us_stocks_daily.collect_comments scheduled__2025-04-05T00:00:00+00:00 [running]> on host 04d9bebcd372
[2025-04-06T08:55:50.387+0000] {taskinstance.py:2480} INFO - Exporting env vars: AIRFLOW_CTX_DAG_OWNER='***' AIRFLOW_CTX_DAG_ID='youtube_comment_pipeline_us_stocks_daily' AIRFLOW_CTX_TASK_ID='collect_comments' AIRFLOW_CTX_EXECUTION_DATE='2025-04-05T00:00:00+00:00' AIRFLOW_CTX_TRY_NUMBER='1' AIRFLOW_CTX_DAG_RUN_ID='scheduled__2025-04-05T00:00:00+00:00'
[2025-04-06T08:55:50.394+0000] {logging_mixin.py:188} WARNING - /home/***/.local/lib/python3.8/site-packages/***/utils/context.py:315 AirflowContextDeprecationWarning: Accessing 'execution_date' from the template is deprecated and will be removed in a future version. Please use 'data_interval_start' or 'logical_date' instead.
[2025-04-06T08:56:30.625+0000] {logging_mixin.py:188} INFO -  Collected 4765 comments.
[2025-04-06T08:56:30.629+0000] {python.py:201} INFO - Done. Returned value was: None
[2025-04-06T08:56:30.636+0000] {taskinstance.py:1138} INFO - Marking task as SUCCESS. dag_id=youtube_comment_pipeline_us_stocks_daily, task_id=collect_comments, execution_date=20250405T000000, start_date=20250406T085550, end_date=20250406T085630
[2025-04-06T08:56:30.647+0000] {local_task_job_runner.py:234} INFO - Task exited with return code 0
[2025-04-06T08:56:30.662+0000] {taskinstance.py:3280} INFO - 1 downstream tasks scheduled from follow-on schedule check
