[2025-04-14T08:00:00.579+0000] {taskinstance.py:1956} INFO - Dependencies all met for dep_context=non-requeueable deps ti=<TaskInstance: youtube_comment_pipeline_us_stocks_daily.search_youtube scheduled__2025-04-13T08:00:00+00:00 [queued]>
[2025-04-14T08:00:00.581+0000] {taskinstance.py:1956} INFO - Dependencies all met for dep_context=requeueable deps ti=<TaskInstance: youtube_comment_pipeline_us_stocks_daily.search_youtube scheduled__2025-04-13T08:00:00+00:00 [queued]>
[2025-04-14T08:00:00.581+0000] {taskinstance.py:2170} INFO - Starting attempt 1 of 1
[2025-04-14T08:00:00.585+0000] {taskinstance.py:2191} INFO - Executing <Task(PythonOperator): search_youtube> on 2025-04-13 08:00:00+00:00
[2025-04-14T08:00:00.588+0000] {standard_task_runner.py:60} INFO - Started process 8645 to run task
[2025-04-14T08:00:00.589+0000] {standard_task_runner.py:87} INFO - Running: ['***', 'tasks', 'run', 'youtube_comment_pipeline_us_stocks_daily', 'search_youtube', 'scheduled__2025-04-13T08:00:00+00:00', '--job-id', '416', '--raw', '--subdir', 'DAGS_FOLDER/youtube_comment_pipeline.py', '--cfg-path', '/tmp/tmprd5y7ulg']
[2025-04-14T08:00:00.590+0000] {standard_task_runner.py:88} INFO - Job 416: Subtask search_youtube
[2025-04-14T08:00:00.609+0000] {task_command.py:423} INFO - Running <TaskInstance: youtube_comment_pipeline_us_stocks_daily.search_youtube scheduled__2025-04-13T08:00:00+00:00 [running]> on host 9d8a82da5923
[2025-04-14T08:00:00.639+0000] {taskinstance.py:2480} INFO - Exporting env vars: AIRFLOW_CTX_DAG_OWNER='***' AIRFLOW_CTX_DAG_ID='youtube_comment_pipeline_us_stocks_daily' AIRFLOW_CTX_TASK_ID='search_youtube' AIRFLOW_CTX_EXECUTION_DATE='2025-04-13T08:00:00+00:00' AIRFLOW_CTX_TRY_NUMBER='1' AIRFLOW_CTX_DAG_RUN_ID='scheduled__2025-04-13T08:00:00+00:00'
[2025-04-14T08:00:00.642+0000] {logging_mixin.py:188} INFO - "nasdaq" OR "us stocks" OR "stock market"and 2025
[2025-04-14T08:00:00.645+0000] {logging_mixin.py:188} WARNING - /home/***/.local/lib/python3.8/site-packages/***/utils/context.py:315 AirflowContextDeprecationWarning: Accessing 'execution_date' from the template is deprecated and will be removed in a future version. Please use 'data_interval_start' or 'logical_date' instead.
[2025-04-14T08:00:00.645+0000] {logging_mixin.py:188} INFO - 2025-04-13 08:00:00+00:00 2025-03-14 08:00:00+00:00
[2025-04-14T08:00:01.581+0000] {python.py:201} INFO - Done. Returned value was: None
[2025-04-14T08:00:01.588+0000] {taskinstance.py:1138} INFO - Marking task as SUCCESS. dag_id=youtube_comment_pipeline_us_stocks_daily, task_id=search_youtube, execution_date=20250413T080000, start_date=20250414T080000, end_date=20250414T080001
[2025-04-14T08:00:01.607+0000] {local_task_job_runner.py:234} INFO - Task exited with return code 0
[2025-04-14T08:00:01.622+0000] {taskinstance.py:3280} INFO - 1 downstream tasks scheduled from follow-on schedule check
[2025-04-20T01:13:14.605+0000] {taskinstance.py:1956} INFO - Dependencies all met for dep_context=non-requeueable deps ti=<TaskInstance: youtube_comment_pipeline_us_stocks_daily.search_youtube scheduled__2025-04-13T08:00:00+00:00 [queued]>
[2025-04-20T01:13:14.619+0000] {taskinstance.py:1956} INFO - Dependencies all met for dep_context=requeueable deps ti=<TaskInstance: youtube_comment_pipeline_us_stocks_daily.search_youtube scheduled__2025-04-13T08:00:00+00:00 [queued]>
[2025-04-20T01:13:14.620+0000] {taskinstance.py:2170} INFO - Starting attempt 1 of 1
[2025-04-20T01:13:14.640+0000] {taskinstance.py:2191} INFO - Executing <Task(PythonOperator): search_youtube> on 2025-04-13 08:00:00+00:00
[2025-04-20T01:13:14.645+0000] {standard_task_runner.py:60} INFO - Started process 25974 to run task
[2025-04-20T01:13:14.648+0000] {standard_task_runner.py:87} INFO - Running: ['***', 'tasks', 'run', 'youtube_comment_pipeline_us_stocks_daily', 'search_youtube', 'scheduled__2025-04-13T08:00:00+00:00', '--job-id', '446', '--raw', '--subdir', 'DAGS_FOLDER/youtube_comment_pipeline.py', '--cfg-path', '/tmp/tmp_mb1ug5r']
[2025-04-20T01:13:14.651+0000] {standard_task_runner.py:88} INFO - Job 446: Subtask search_youtube
[2025-04-20T01:13:14.710+0000] {task_command.py:423} INFO - Running <TaskInstance: youtube_comment_pipeline_us_stocks_daily.search_youtube scheduled__2025-04-13T08:00:00+00:00 [running]> on host 9d8a82da5923
[2025-04-20T01:13:14.789+0000] {taskinstance.py:2480} INFO - Exporting env vars: AIRFLOW_CTX_DAG_OWNER='***' AIRFLOW_CTX_DAG_ID='youtube_comment_pipeline_us_stocks_daily' AIRFLOW_CTX_TASK_ID='search_youtube' AIRFLOW_CTX_EXECUTION_DATE='2025-04-13T08:00:00+00:00' AIRFLOW_CTX_TRY_NUMBER='1' AIRFLOW_CTX_DAG_RUN_ID='scheduled__2025-04-13T08:00:00+00:00'
[2025-04-20T01:13:14.790+0000] {taskinstance.py:2698} ERROR - Task failed with exception
Traceback (most recent call last):
  File "/home/airflow/.local/lib/python3.8/site-packages/airflow/models/taskinstance.py", line 433, in _execute_task
    result = execute_callable(context=context, **execute_callable_kwargs)
  File "/home/airflow/.local/lib/python3.8/site-packages/airflow/operators/python.py", line 199, in execute
    return_value = self.execute_callable()
  File "/home/airflow/.local/lib/python3.8/site-packages/airflow/operators/python.py", line 216, in execute_callable
    return self.python_callable(*self.op_args, **self.op_kwargs)
  File "/opt/airflow/dags/youtube_comment_pipeline.py", line 37, in search_youtube
    query = get_search_query()
  File "/opt/airflow/dags/youtube_comment_pipeline.py", line 25, in get_search_query
    execution_date = context["execution_date"]
KeyError: 'execution_date'
[2025-04-20T01:13:14.805+0000] {taskinstance.py:1138} INFO - Marking task as FAILED. dag_id=youtube_comment_pipeline_us_stocks_daily, task_id=search_youtube, execution_date=20250413T080000, start_date=20250420T011314, end_date=20250420T011314
[2025-04-20T01:13:14.815+0000] {standard_task_runner.py:107} ERROR - Failed to execute job 446 for task search_youtube ('execution_date'; 25974)
[2025-04-20T01:13:14.835+0000] {local_task_job_runner.py:234} INFO - Task exited with return code 1
[2025-04-20T01:13:14.860+0000] {taskinstance.py:3280} INFO - 0 downstream tasks scheduled from follow-on schedule check
