[2025-04-06T04:04:09.711+0000] {taskinstance.py:1956} INFO - Dependencies all met for dep_context=non-requeueable deps ti=<TaskInstance: youtube_comment_pipeline_us_stocks_daily.load_to_postgres manual__2025-04-06T00:00:00+00:00 [queued]>
[2025-04-06T04:04:09.714+0000] {taskinstance.py:1956} INFO - Dependencies all met for dep_context=requeueable deps ti=<TaskInstance: youtube_comment_pipeline_us_stocks_daily.load_to_postgres manual__2025-04-06T00:00:00+00:00 [queued]>
[2025-04-06T04:04:09.714+0000] {taskinstance.py:2170} INFO - Starting attempt 1 of 1
[2025-04-06T04:04:09.718+0000] {taskinstance.py:2191} INFO - Executing <Task(PythonOperator): load_to_postgres> on 2025-04-06 00:00:00+00:00
[2025-04-06T04:04:09.720+0000] {standard_task_runner.py:60} INFO - Started process 534 to run task
[2025-04-06T04:04:09.721+0000] {standard_task_runner.py:87} INFO - Running: ['***', 'tasks', 'run', 'youtube_comment_pipeline_us_stocks_daily', 'load_to_postgres', 'manual__2025-04-06T00:00:00+00:00', '--job-id', '62', '--raw', '--subdir', 'DAGS_FOLDER/youtube_comment_pipeline.py', '--cfg-path', '/tmp/tmpxi9mqyul']
[2025-04-06T04:04:09.722+0000] {standard_task_runner.py:88} INFO - Job 62: Subtask load_to_postgres
[2025-04-06T04:04:09.741+0000] {task_command.py:423} INFO - Running <TaskInstance: youtube_comment_pipeline_us_stocks_daily.load_to_postgres manual__2025-04-06T00:00:00+00:00 [running]> on host 04d9bebcd372
[2025-04-06T04:04:09.768+0000] {taskinstance.py:2480} INFO - Exporting env vars: AIRFLOW_CTX_DAG_OWNER='***' AIRFLOW_CTX_DAG_ID='youtube_comment_pipeline_us_stocks_daily' AIRFLOW_CTX_TASK_ID='load_to_postgres' AIRFLOW_CTX_EXECUTION_DATE='2025-04-06T00:00:00+00:00' AIRFLOW_CTX_TRY_NUMBER='1' AIRFLOW_CTX_DAG_RUN_ID='manual__2025-04-06T00:00:00+00:00'
[2025-04-06T04:04:09.779+0000] {base.py:83} INFO - Using connection ID 'aws_pg' for task execution.
[2025-04-06T04:04:31.847+0000] {logging_mixin.py:188} INFO - ✅ Inserted 80 rows into raw_comments
[2025-04-06T04:04:31.849+0000] {python.py:201} INFO - Done. Returned value was: None
[2025-04-06T04:04:31.863+0000] {taskinstance.py:1138} INFO - Marking task as SUCCESS. dag_id=youtube_comment_pipeline_us_stocks_daily, task_id=load_to_postgres, execution_date=20250406T000000, start_date=20250406T040409, end_date=20250406T040431
[2025-04-06T04:04:31.891+0000] {local_task_job_runner.py:234} INFO - Task exited with return code 0
[2025-04-06T04:04:31.902+0000] {taskinstance.py:3280} INFO - 0 downstream tasks scheduled from follow-on schedule check
[2025-04-06T04:15:41.288+0000] {taskinstance.py:1956} INFO - Dependencies all met for dep_context=non-requeueable deps ti=<TaskInstance: youtube_comment_pipeline_us_stocks_daily.load_to_postgres manual__2025-04-06T00:00:00+00:00 [queued]>
[2025-04-06T04:15:41.293+0000] {taskinstance.py:1956} INFO - Dependencies all met for dep_context=requeueable deps ti=<TaskInstance: youtube_comment_pipeline_us_stocks_daily.load_to_postgres manual__2025-04-06T00:00:00+00:00 [queued]>
[2025-04-06T04:15:41.293+0000] {taskinstance.py:2170} INFO - Starting attempt 1 of 1
[2025-04-06T04:15:41.299+0000] {taskinstance.py:2191} INFO - Executing <Task(PythonOperator): load_to_postgres> on 2025-04-06 00:00:00+00:00
[2025-04-06T04:15:41.301+0000] {standard_task_runner.py:60} INFO - Started process 992 to run task
[2025-04-06T04:15:41.303+0000] {standard_task_runner.py:87} INFO - Running: ['***', 'tasks', 'run', 'youtube_comment_pipeline_us_stocks_daily', 'load_to_postgres', 'manual__2025-04-06T00:00:00+00:00', '--job-id', '69', '--raw', '--subdir', 'DAGS_FOLDER/youtube_comment_pipeline.py', '--cfg-path', '/tmp/tmppyl66_7l']
[2025-04-06T04:15:41.303+0000] {standard_task_runner.py:88} INFO - Job 69: Subtask load_to_postgres
[2025-04-06T04:15:41.325+0000] {task_command.py:423} INFO - Running <TaskInstance: youtube_comment_pipeline_us_stocks_daily.load_to_postgres manual__2025-04-06T00:00:00+00:00 [running]> on host 04d9bebcd372
[2025-04-06T04:15:41.357+0000] {taskinstance.py:2480} INFO - Exporting env vars: AIRFLOW_CTX_DAG_OWNER='***' AIRFLOW_CTX_DAG_ID='youtube_comment_pipeline_us_stocks_daily' AIRFLOW_CTX_TASK_ID='load_to_postgres' AIRFLOW_CTX_EXECUTION_DATE='2025-04-06T00:00:00+00:00' AIRFLOW_CTX_TRY_NUMBER='1' AIRFLOW_CTX_DAG_RUN_ID='manual__2025-04-06T00:00:00+00:00'
[2025-04-06T04:15:41.368+0000] {base.py:83} INFO - Using connection ID 'aws_pg' for task execution.
[2025-04-06T04:16:07.683+0000] {logging_mixin.py:188} INFO - ✅ Inserted 90 rows into raw_comments
[2025-04-06T04:16:07.684+0000] {python.py:201} INFO - Done. Returned value was: None
[2025-04-06T04:16:07.690+0000] {taskinstance.py:1138} INFO - Marking task as SUCCESS. dag_id=youtube_comment_pipeline_us_stocks_daily, task_id=load_to_postgres, execution_date=20250406T000000, start_date=20250406T041541, end_date=20250406T041607
[2025-04-06T04:16:07.730+0000] {local_task_job_runner.py:234} INFO - Task exited with return code 0
[2025-04-06T04:16:07.739+0000] {taskinstance.py:3280} INFO - 0 downstream tasks scheduled from follow-on schedule check
[2025-04-06T04:17:41.282+0000] {taskinstance.py:1956} INFO - Dependencies all met for dep_context=non-requeueable deps ti=<TaskInstance: youtube_comment_pipeline_us_stocks_daily.load_to_postgres manual__2025-04-06T00:00:00+00:00 [queued]>
[2025-04-06T04:17:41.286+0000] {taskinstance.py:1956} INFO - Dependencies all met for dep_context=requeueable deps ti=<TaskInstance: youtube_comment_pipeline_us_stocks_daily.load_to_postgres manual__2025-04-06T00:00:00+00:00 [queued]>
[2025-04-06T04:17:41.286+0000] {taskinstance.py:2170} INFO - Starting attempt 1 of 1
[2025-04-06T04:17:41.295+0000] {taskinstance.py:2191} INFO - Executing <Task(PythonOperator): load_to_postgres> on 2025-04-06 00:00:00+00:00
[2025-04-06T04:17:41.299+0000] {standard_task_runner.py:60} INFO - Started process 1080 to run task
[2025-04-06T04:17:41.303+0000] {standard_task_runner.py:87} INFO - Running: ['***', 'tasks', 'run', 'youtube_comment_pipeline_us_stocks_daily', 'load_to_postgres', 'manual__2025-04-06T00:00:00+00:00', '--job-id', '74', '--raw', '--subdir', 'DAGS_FOLDER/youtube_comment_pipeline.py', '--cfg-path', '/tmp/tmpz_m6rqcd']
[2025-04-06T04:17:41.305+0000] {standard_task_runner.py:88} INFO - Job 74: Subtask load_to_postgres
[2025-04-06T04:17:41.344+0000] {task_command.py:423} INFO - Running <TaskInstance: youtube_comment_pipeline_us_stocks_daily.load_to_postgres manual__2025-04-06T00:00:00+00:00 [running]> on host 04d9bebcd372
[2025-04-06T04:17:41.391+0000] {taskinstance.py:2480} INFO - Exporting env vars: AIRFLOW_CTX_DAG_OWNER='***' AIRFLOW_CTX_DAG_ID='youtube_comment_pipeline_us_stocks_daily' AIRFLOW_CTX_TASK_ID='load_to_postgres' AIRFLOW_CTX_EXECUTION_DATE='2025-04-06T00:00:00+00:00' AIRFLOW_CTX_TRY_NUMBER='1' AIRFLOW_CTX_DAG_RUN_ID='manual__2025-04-06T00:00:00+00:00'
[2025-04-06T04:17:41.407+0000] {base.py:83} INFO - Using connection ID 'aws_pg' for task execution.
[2025-04-06T04:17:44.592+0000] {logging_mixin.py:188} INFO - ✅ 批次插入 90 筆留言成功
[2025-04-06T04:17:44.593+0000] {python.py:201} INFO - Done. Returned value was: None
[2025-04-06T04:17:44.608+0000] {taskinstance.py:1138} INFO - Marking task as SUCCESS. dag_id=youtube_comment_pipeline_us_stocks_daily, task_id=load_to_postgres, execution_date=20250406T000000, start_date=20250406T041741, end_date=20250406T041744
[2025-04-06T04:17:44.639+0000] {local_task_job_runner.py:234} INFO - Task exited with return code 0
[2025-04-06T04:17:44.654+0000] {taskinstance.py:3280} INFO - 0 downstream tasks scheduled from follow-on schedule check
[2025-04-06T04:24:35.793+0000] {taskinstance.py:1956} INFO - Dependencies all met for dep_context=non-requeueable deps ti=<TaskInstance: youtube_comment_pipeline_us_stocks_daily.load_to_postgres manual__2025-04-06T00:00:00+00:00 [queued]>
[2025-04-06T04:24:35.796+0000] {taskinstance.py:1956} INFO - Dependencies all met for dep_context=requeueable deps ti=<TaskInstance: youtube_comment_pipeline_us_stocks_daily.load_to_postgres manual__2025-04-06T00:00:00+00:00 [queued]>
[2025-04-06T04:24:35.796+0000] {taskinstance.py:2170} INFO - Starting attempt 1 of 1
[2025-04-06T04:24:35.801+0000] {taskinstance.py:2191} INFO - Executing <Task(PythonOperator): load_to_postgres> on 2025-04-06 00:00:00+00:00
[2025-04-06T04:24:35.803+0000] {standard_task_runner.py:60} INFO - Started process 1371 to run task
[2025-04-06T04:24:35.804+0000] {standard_task_runner.py:87} INFO - Running: ['***', 'tasks', 'run', 'youtube_comment_pipeline_us_stocks_daily', 'load_to_postgres', 'manual__2025-04-06T00:00:00+00:00', '--job-id', '77', '--raw', '--subdir', 'DAGS_FOLDER/youtube_comment_pipeline.py', '--cfg-path', '/tmp/tmp0udhcivu']
[2025-04-06T04:24:35.805+0000] {standard_task_runner.py:88} INFO - Job 77: Subtask load_to_postgres
[2025-04-06T04:24:35.825+0000] {task_command.py:423} INFO - Running <TaskInstance: youtube_comment_pipeline_us_stocks_daily.load_to_postgres manual__2025-04-06T00:00:00+00:00 [running]> on host 04d9bebcd372
[2025-04-06T04:24:35.857+0000] {taskinstance.py:2480} INFO - Exporting env vars: AIRFLOW_CTX_DAG_OWNER='***' AIRFLOW_CTX_DAG_ID='youtube_comment_pipeline_us_stocks_daily' AIRFLOW_CTX_TASK_ID='load_to_postgres' AIRFLOW_CTX_EXECUTION_DATE='2025-04-06T00:00:00+00:00' AIRFLOW_CTX_TRY_NUMBER='1' AIRFLOW_CTX_DAG_RUN_ID='manual__2025-04-06T00:00:00+00:00'
[2025-04-06T04:24:35.891+0000] {base.py:83} INFO - Using connection ID 'aws_pg' for task execution.
[2025-04-06T04:24:53.982+0000] {logging_mixin.py:188} INFO - ✅ 批次插入 4610 筆留言成功
[2025-04-06T04:24:53.987+0000] {python.py:201} INFO - Done. Returned value was: None
[2025-04-06T04:24:54.002+0000] {taskinstance.py:1138} INFO - Marking task as SUCCESS. dag_id=youtube_comment_pipeline_us_stocks_daily, task_id=load_to_postgres, execution_date=20250406T000000, start_date=20250406T042435, end_date=20250406T042454
[2025-04-06T04:24:54.030+0000] {local_task_job_runner.py:234} INFO - Task exited with return code 0
[2025-04-06T04:24:54.043+0000] {taskinstance.py:3280} INFO - 0 downstream tasks scheduled from follow-on schedule check
