[2025-04-12T13:54:16.812+0000] {taskinstance.py:1956} INFO - Dependencies all met for dep_context=non-requeueable deps ti=<TaskInstance: weekly_comment_analysis_pipeline.clean_texts manual__2025-04-12T00:00:00+00:00 [queued]>
[2025-04-12T13:54:16.816+0000] {taskinstance.py:1956} INFO - Dependencies all met for dep_context=requeueable deps ti=<TaskInstance: weekly_comment_analysis_pipeline.clean_texts manual__2025-04-12T00:00:00+00:00 [queued]>
[2025-04-12T13:54:16.817+0000] {taskinstance.py:2170} INFO - Starting attempt 1 of 1
[2025-04-12T13:54:16.823+0000] {taskinstance.py:2191} INFO - Executing <Task(PythonOperator): clean_texts> on 2025-04-12 00:00:00+00:00
[2025-04-12T13:54:16.831+0000] {standard_task_runner.py:60} INFO - Started process 82942 to run task
[2025-04-12T13:54:16.834+0000] {standard_task_runner.py:87} INFO - Running: ['***', 'tasks', 'run', 'weekly_comment_analysis_pipeline', 'clean_texts', 'manual__2025-04-12T00:00:00+00:00', '--job-id', '237', '--raw', '--subdir', 'DAGS_FOLDER/Sentiment_Topicmodelling.py', '--cfg-path', '/tmp/tmpu8fuobz1']
[2025-04-12T13:54:16.837+0000] {standard_task_runner.py:88} INFO - Job 237: Subtask clean_texts
[2025-04-12T13:54:16.872+0000] {task_command.py:423} INFO - Running <TaskInstance: weekly_comment_analysis_pipeline.clean_texts manual__2025-04-12T00:00:00+00:00 [running]> on host 09c1abf4dbfb
[2025-04-12T13:54:16.904+0000] {taskinstance.py:2480} INFO - Exporting env vars: AIRFLOW_CTX_DAG_OWNER='***' AIRFLOW_CTX_DAG_ID='weekly_comment_analysis_pipeline' AIRFLOW_CTX_TASK_ID='clean_texts' AIRFLOW_CTX_EXECUTION_DATE='2025-04-12T00:00:00+00:00' AIRFLOW_CTX_TRY_NUMBER='1' AIRFLOW_CTX_DAG_RUN_ID='manual__2025-04-12T00:00:00+00:00'
[2025-04-12T13:54:39.025+0000] {logging_mixin.py:188} INFO - Filtered and cleaned 8988 English comments.
[2025-04-12T13:54:39.042+0000] {python.py:201} INFO - Done. Returned value was: None
[2025-04-12T13:54:39.060+0000] {taskinstance.py:1138} INFO - Marking task as SUCCESS. dag_id=weekly_comment_analysis_pipeline, task_id=clean_texts, execution_date=20250412T000000, start_date=20250412T135416, end_date=20250412T135439
[2025-04-12T13:54:39.130+0000] {local_task_job_runner.py:234} INFO - Task exited with return code 0
[2025-04-12T13:54:39.162+0000] {taskinstance.py:3280} INFO - 0 downstream tasks scheduled from follow-on schedule check
[2025-04-12T13:56:18.928+0000] {taskinstance.py:1956} INFO - Dependencies all met for dep_context=non-requeueable deps ti=<TaskInstance: weekly_comment_analysis_pipeline.clean_texts manual__2025-04-12T00:00:00+00:00 [queued]>
[2025-04-12T13:56:18.934+0000] {taskinstance.py:1956} INFO - Dependencies all met for dep_context=requeueable deps ti=<TaskInstance: weekly_comment_analysis_pipeline.clean_texts manual__2025-04-12T00:00:00+00:00 [queued]>
[2025-04-12T13:56:18.934+0000] {taskinstance.py:2170} INFO - Starting attempt 1 of 1
[2025-04-12T13:56:18.944+0000] {taskinstance.py:2191} INFO - Executing <Task(PythonOperator): clean_texts> on 2025-04-12 00:00:00+00:00
[2025-04-12T13:56:18.955+0000] {standard_task_runner.py:60} INFO - Started process 83097 to run task
[2025-04-12T13:56:18.958+0000] {standard_task_runner.py:87} INFO - Running: ['***', 'tasks', 'run', 'weekly_comment_analysis_pipeline', 'clean_texts', 'manual__2025-04-12T00:00:00+00:00', '--job-id', '241', '--raw', '--subdir', 'DAGS_FOLDER/Sentiment_Topicmodelling.py', '--cfg-path', '/tmp/tmpcfyo5gch']
[2025-04-12T13:56:18.960+0000] {standard_task_runner.py:88} INFO - Job 241: Subtask clean_texts
[2025-04-12T13:56:19.003+0000] {task_command.py:423} INFO - Running <TaskInstance: weekly_comment_analysis_pipeline.clean_texts manual__2025-04-12T00:00:00+00:00 [running]> on host 09c1abf4dbfb
[2025-04-12T13:56:19.057+0000] {taskinstance.py:2480} INFO - Exporting env vars: AIRFLOW_CTX_DAG_OWNER='***' AIRFLOW_CTX_DAG_ID='weekly_comment_analysis_pipeline' AIRFLOW_CTX_TASK_ID='clean_texts' AIRFLOW_CTX_EXECUTION_DATE='2025-04-12T00:00:00+00:00' AIRFLOW_CTX_TRY_NUMBER='1' AIRFLOW_CTX_DAG_RUN_ID='manual__2025-04-12T00:00:00+00:00'
[2025-04-12T13:56:49.268+0000] {local_task_job_runner.py:302} WARNING - State of this instance has been externally set to success. Terminating instance.
[2025-04-12T13:56:49.289+0000] {process_utils.py:131} INFO - Sending 15 to group 83097. PIDs of all processes in the group: [83097]
[2025-04-12T13:56:49.291+0000] {process_utils.py:86} INFO - Sending the signal 15 to group 83097
[2025-04-12T13:56:49.294+0000] {taskinstance.py:2450} ERROR - Received SIGTERM. Terminating subprocesses.
[2025-04-12T13:56:49.432+0000] {process_utils.py:79} INFO - Process psutil.Process(pid=83097, status='terminated', exitcode=0, started='13:56:18') (83097) terminated with exit code 0
[2025-04-12T16:08:15.900+0000] {taskinstance.py:1956} INFO - Dependencies all met for dep_context=non-requeueable deps ti=<TaskInstance: weekly_comment_analysis_pipeline.clean_texts manual__2025-04-12T00:00:00+00:00 [queued]>
[2025-04-12T16:08:15.902+0000] {taskinstance.py:1956} INFO - Dependencies all met for dep_context=requeueable deps ti=<TaskInstance: weekly_comment_analysis_pipeline.clean_texts manual__2025-04-12T00:00:00+00:00 [queued]>
[2025-04-12T16:08:15.903+0000] {taskinstance.py:2170} INFO - Starting attempt 1 of 1
[2025-04-12T16:08:15.908+0000] {taskinstance.py:2191} INFO - Executing <Task(PythonOperator): clean_texts> on 2025-04-12 00:00:00+00:00
[2025-04-12T16:08:15.911+0000] {standard_task_runner.py:60} INFO - Started process 48538 to run task
[2025-04-12T16:08:15.913+0000] {standard_task_runner.py:87} INFO - Running: ['***', 'tasks', 'run', 'weekly_comment_analysis_pipeline', 'clean_texts', 'manual__2025-04-12T00:00:00+00:00', '--job-id', '263', '--raw', '--subdir', 'DAGS_FOLDER/Sentiment_Topicmodelling.py', '--cfg-path', '/tmp/tmppvrwvwfh']
[2025-04-12T16:08:15.914+0000] {standard_task_runner.py:88} INFO - Job 263: Subtask clean_texts
[2025-04-12T16:08:15.933+0000] {task_command.py:423} INFO - Running <TaskInstance: weekly_comment_analysis_pipeline.clean_texts manual__2025-04-12T00:00:00+00:00 [running]> on host b22c3b1dd6e4
[2025-04-12T16:08:15.960+0000] {taskinstance.py:2480} INFO - Exporting env vars: AIRFLOW_CTX_DAG_OWNER='***' AIRFLOW_CTX_DAG_ID='weekly_comment_analysis_pipeline' AIRFLOW_CTX_TASK_ID='clean_texts' AIRFLOW_CTX_EXECUTION_DATE='2025-04-12T00:00:00+00:00' AIRFLOW_CTX_TRY_NUMBER='1' AIRFLOW_CTX_DAG_RUN_ID='manual__2025-04-12T00:00:00+00:00'
[2025-04-12T16:08:31.008+0000] {local_task_job_runner.py:302} WARNING - State of this instance has been externally set to success. Terminating instance.
[2025-04-12T16:08:31.010+0000] {process_utils.py:131} INFO - Sending 15 to group 48538. PIDs of all processes in the group: [48538]
[2025-04-12T16:08:31.010+0000] {process_utils.py:86} INFO - Sending the signal 15 to group 48538
[2025-04-12T16:08:31.010+0000] {taskinstance.py:2450} ERROR - Received SIGTERM. Terminating subprocesses.
[2025-04-12T16:08:31.041+0000] {process_utils.py:79} INFO - Process psutil.Process(pid=48538, status='terminated', exitcode=0, started='16:08:15') (48538) terminated with exit code 0
