[2025-04-06T08:56:34.920+0000] {taskinstance.py:1956} INFO - Dependencies all met for dep_context=non-requeueable deps ti=<TaskInstance: youtube_comment_pipeline_us_stocks_daily.load_to_postgres scheduled__2025-04-02T00:00:00+00:00 [queued]>
[2025-04-06T08:56:34.923+0000] {taskinstance.py:1956} INFO - Dependencies all met for dep_context=requeueable deps ti=<TaskInstance: youtube_comment_pipeline_us_stocks_daily.load_to_postgres scheduled__2025-04-02T00:00:00+00:00 [queued]>
[2025-04-06T08:56:34.923+0000] {taskinstance.py:2170} INFO - Starting attempt 1 of 1
[2025-04-06T08:56:34.927+0000] {taskinstance.py:2191} INFO - Executing <Task(PythonOperator): load_to_postgres> on 2025-04-02 00:00:00+00:00
[2025-04-06T08:56:34.929+0000] {standard_task_runner.py:60} INFO - Started process 1878 to run task
[2025-04-06T08:56:34.931+0000] {standard_task_runner.py:87} INFO - Running: ['***', 'tasks', 'run', 'youtube_comment_pipeline_us_stocks_daily', 'load_to_postgres', 'scheduled__2025-04-02T00:00:00+00:00', '--job-id', '106', '--raw', '--subdir', 'DAGS_FOLDER/youtube_comment_pipeline.py', '--cfg-path', '/tmp/tmphvtzoxij']
[2025-04-06T08:56:34.931+0000] {standard_task_runner.py:88} INFO - Job 106: Subtask load_to_postgres
[2025-04-06T08:56:34.954+0000] {task_command.py:423} INFO - Running <TaskInstance: youtube_comment_pipeline_us_stocks_daily.load_to_postgres scheduled__2025-04-02T00:00:00+00:00 [running]> on host 04d9bebcd372
[2025-04-06T08:56:34.982+0000] {taskinstance.py:2480} INFO - Exporting env vars: AIRFLOW_CTX_DAG_OWNER='***' AIRFLOW_CTX_DAG_ID='youtube_comment_pipeline_us_stocks_daily' AIRFLOW_CTX_TASK_ID='load_to_postgres' AIRFLOW_CTX_EXECUTION_DATE='2025-04-02T00:00:00+00:00' AIRFLOW_CTX_TRY_NUMBER='1' AIRFLOW_CTX_DAG_RUN_ID='scheduled__2025-04-02T00:00:00+00:00'
[2025-04-06T08:56:34.991+0000] {base.py:83} INFO - Using connection ID 'aws_pg' for task execution.
[2025-04-06T08:56:36.543+0000] {logging_mixin.py:188} INFO - 批次插入 0 筆留言成功
[2025-04-06T08:56:36.543+0000] {python.py:201} INFO - Done. Returned value was: None
[2025-04-06T08:56:36.549+0000] {taskinstance.py:1138} INFO - Marking task as SUCCESS. dag_id=youtube_comment_pipeline_us_stocks_daily, task_id=load_to_postgres, execution_date=20250402T000000, start_date=20250406T085634, end_date=20250406T085636
[2025-04-06T08:56:36.565+0000] {local_task_job_runner.py:234} INFO - Task exited with return code 0
[2025-04-06T08:56:36.576+0000] {taskinstance.py:3280} INFO - 0 downstream tasks scheduled from follow-on schedule check
[2025-04-20T02:25:26.885+0000] {taskinstance.py:1956} INFO - Dependencies all met for dep_context=non-requeueable deps ti=<TaskInstance: youtube_comment_pipeline_us_stocks_daily.load_to_postgres scheduled__2025-04-02T00:00:00+00:00 [queued]>
[2025-04-20T02:25:26.891+0000] {taskinstance.py:1956} INFO - Dependencies all met for dep_context=requeueable deps ti=<TaskInstance: youtube_comment_pipeline_us_stocks_daily.load_to_postgres scheduled__2025-04-02T00:00:00+00:00 [queued]>
[2025-04-20T02:25:26.891+0000] {taskinstance.py:2170} INFO - Starting attempt 1 of 1
[2025-04-20T02:25:26.897+0000] {taskinstance.py:2191} INFO - Executing <Task(PythonOperator): load_to_postgres> on 2025-04-02 00:00:00+00:00
[2025-04-20T02:25:26.900+0000] {standard_task_runner.py:60} INFO - Started process 2314 to run task
[2025-04-20T02:25:26.901+0000] {standard_task_runner.py:87} INFO - Running: ['***', 'tasks', 'run', 'youtube_comment_pipeline_us_stocks_daily', 'load_to_postgres', 'scheduled__2025-04-02T00:00:00+00:00', '--job-id', '592', '--raw', '--subdir', 'DAGS_FOLDER/youtube_comment_pipeline.py', '--cfg-path', '/tmp/tmp08fiq2yc']
[2025-04-20T02:25:26.902+0000] {standard_task_runner.py:88} INFO - Job 592: Subtask load_to_postgres
[2025-04-20T02:25:26.924+0000] {task_command.py:423} INFO - Running <TaskInstance: youtube_comment_pipeline_us_stocks_daily.load_to_postgres scheduled__2025-04-02T00:00:00+00:00 [running]> on host 7e480c288e12
[2025-04-20T02:25:26.959+0000] {taskinstance.py:2480} INFO - Exporting env vars: AIRFLOW_CTX_DAG_OWNER='***' AIRFLOW_CTX_DAG_ID='youtube_comment_pipeline_us_stocks_daily' AIRFLOW_CTX_TASK_ID='load_to_postgres' AIRFLOW_CTX_EXECUTION_DATE='2025-04-02T00:00:00+00:00' AIRFLOW_CTX_TRY_NUMBER='1' AIRFLOW_CTX_DAG_RUN_ID='scheduled__2025-04-02T00:00:00+00:00'
[2025-04-20T02:25:26.970+0000] {base.py:83} INFO - Using connection ID 'aws_pg' for task execution.
[2025-04-20T02:25:30.113+0000] {logging_mixin.py:188} INFO - Successfully batch-inserted 2 comments.
[2025-04-20T02:25:30.114+0000] {python.py:201} INFO - Done. Returned value was: None
[2025-04-20T02:25:30.123+0000] {taskinstance.py:1138} INFO - Marking task as SUCCESS. dag_id=youtube_comment_pipeline_us_stocks_daily, task_id=load_to_postgres, execution_date=20250402T000000, start_date=20250420T022526, end_date=20250420T022530
[2025-04-20T02:25:30.158+0000] {local_task_job_runner.py:234} INFO - Task exited with return code 0
[2025-04-20T02:25:30.171+0000] {taskinstance.py:3280} INFO - 0 downstream tasks scheduled from follow-on schedule check
