[2025-04-14T06:05:13.353+0000] {taskinstance.py:1956} INFO - Dependencies all met for dep_context=non-requeueable deps ti=<TaskInstance: youtube_comment_pipeline_us_stocks_daily.search_youtube scheduled__2025-04-12T08:00:00+00:00 [queued]>
[2025-04-14T06:05:13.355+0000] {taskinstance.py:1956} INFO - Dependencies all met for dep_context=requeueable deps ti=<TaskInstance: youtube_comment_pipeline_us_stocks_daily.search_youtube scheduled__2025-04-12T08:00:00+00:00 [queued]>
[2025-04-14T06:05:13.355+0000] {taskinstance.py:2170} INFO - Starting attempt 1 of 1
[2025-04-14T06:05:13.360+0000] {taskinstance.py:2191} INFO - Executing <Task(PythonOperator): search_youtube> on 2025-04-12 08:00:00+00:00
[2025-04-14T06:05:13.362+0000] {standard_task_runner.py:60} INFO - Started process 2809 to run task
[2025-04-14T06:05:13.363+0000] {standard_task_runner.py:87} INFO - Running: ['***', 'tasks', 'run', 'youtube_comment_pipeline_us_stocks_daily', 'search_youtube', 'scheduled__2025-04-12T08:00:00+00:00', '--job-id', '411', '--raw', '--subdir', 'DAGS_FOLDER/youtube_comment_pipeline.py', '--cfg-path', '/tmp/tmpidy9__jo']
[2025-04-14T06:05:13.364+0000] {standard_task_runner.py:88} INFO - Job 411: Subtask search_youtube
[2025-04-14T06:05:13.382+0000] {task_command.py:423} INFO - Running <TaskInstance: youtube_comment_pipeline_us_stocks_daily.search_youtube scheduled__2025-04-12T08:00:00+00:00 [running]> on host 9d8a82da5923
[2025-04-14T06:05:13.414+0000] {taskinstance.py:2480} INFO - Exporting env vars: AIRFLOW_CTX_DAG_OWNER='***' AIRFLOW_CTX_DAG_ID='youtube_comment_pipeline_us_stocks_daily' AIRFLOW_CTX_TASK_ID='search_youtube' AIRFLOW_CTX_EXECUTION_DATE='2025-04-12T08:00:00+00:00' AIRFLOW_CTX_TRY_NUMBER='1' AIRFLOW_CTX_DAG_RUN_ID='scheduled__2025-04-12T08:00:00+00:00'
[2025-04-14T06:05:13.418+0000] {logging_mixin.py:188} INFO - "stock market" OR "dow jones" OR "s&p 500"and 2025
[2025-04-14T06:05:13.420+0000] {logging_mixin.py:188} WARNING - /home/***/.local/lib/python3.8/site-packages/***/utils/context.py:315 AirflowContextDeprecationWarning: Accessing 'execution_date' from the template is deprecated and will be removed in a future version. Please use 'data_interval_start' or 'logical_date' instead.
[2025-04-14T06:05:13.420+0000] {logging_mixin.py:188} INFO - 2025-04-12 08:00:00+00:00 2025-03-13 08:00:00+00:00
[2025-04-14T06:05:14.456+0000] {python.py:201} INFO - Done. Returned value was: None
[2025-04-14T06:05:14.460+0000] {taskinstance.py:1138} INFO - Marking task as SUCCESS. dag_id=youtube_comment_pipeline_us_stocks_daily, task_id=search_youtube, execution_date=20250412T080000, start_date=20250414T060513, end_date=20250414T060514
[2025-04-14T06:05:14.470+0000] {local_task_job_runner.py:234} INFO - Task exited with return code 0
[2025-04-14T06:05:14.481+0000] {taskinstance.py:3280} INFO - 1 downstream tasks scheduled from follow-on schedule check
[2025-04-20T01:13:14.391+0000] {taskinstance.py:1956} INFO - Dependencies all met for dep_context=non-requeueable deps ti=<TaskInstance: youtube_comment_pipeline_us_stocks_daily.search_youtube scheduled__2025-04-12T08:00:00+00:00 [queued]>
[2025-04-20T01:13:14.408+0000] {taskinstance.py:1956} INFO - Dependencies all met for dep_context=requeueable deps ti=<TaskInstance: youtube_comment_pipeline_us_stocks_daily.search_youtube scheduled__2025-04-12T08:00:00+00:00 [queued]>
[2025-04-20T01:13:14.412+0000] {taskinstance.py:2170} INFO - Starting attempt 1 of 1
[2025-04-20T01:13:14.432+0000] {taskinstance.py:2191} INFO - Executing <Task(PythonOperator): search_youtube> on 2025-04-12 08:00:00+00:00
[2025-04-20T01:13:14.439+0000] {standard_task_runner.py:60} INFO - Started process 25972 to run task
[2025-04-20T01:13:14.443+0000] {standard_task_runner.py:87} INFO - Running: ['***', 'tasks', 'run', 'youtube_comment_pipeline_us_stocks_daily', 'search_youtube', 'scheduled__2025-04-12T08:00:00+00:00', '--job-id', '444', '--raw', '--subdir', 'DAGS_FOLDER/youtube_comment_pipeline.py', '--cfg-path', '/tmp/tmp7wujdzjl']
[2025-04-20T01:13:14.448+0000] {standard_task_runner.py:88} INFO - Job 444: Subtask search_youtube
[2025-04-20T01:13:14.520+0000] {task_command.py:423} INFO - Running <TaskInstance: youtube_comment_pipeline_us_stocks_daily.search_youtube scheduled__2025-04-12T08:00:00+00:00 [running]> on host 9d8a82da5923
[2025-04-20T01:13:14.646+0000] {taskinstance.py:2480} INFO - Exporting env vars: AIRFLOW_CTX_DAG_OWNER='***' AIRFLOW_CTX_DAG_ID='youtube_comment_pipeline_us_stocks_daily' AIRFLOW_CTX_TASK_ID='search_youtube' AIRFLOW_CTX_EXECUTION_DATE='2025-04-12T08:00:00+00:00' AIRFLOW_CTX_TRY_NUMBER='1' AIRFLOW_CTX_DAG_RUN_ID='scheduled__2025-04-12T08:00:00+00:00'
[2025-04-20T01:13:14.648+0000] {taskinstance.py:2698} ERROR - Task failed with exception
Traceback (most recent call last):
  File "/home/airflow/.local/lib/python3.8/site-packages/airflow/models/taskinstance.py", line 433, in _execute_task
    result = execute_callable(context=context, **execute_callable_kwargs)
  File "/home/airflow/.local/lib/python3.8/site-packages/airflow/operators/python.py", line 199, in execute
    return_value = self.execute_callable()
  File "/home/airflow/.local/lib/python3.8/site-packages/airflow/operators/python.py", line 216, in execute_callable
    return self.python_callable(*self.op_args, **self.op_kwargs)
  File "/opt/airflow/dags/youtube_comment_pipeline.py", line 37, in search_youtube
    query = get_search_query()
  File "/opt/airflow/dags/youtube_comment_pipeline.py", line 25, in get_search_query
    execution_date = context["execution_date"]
KeyError: 'execution_date'
[2025-04-20T01:13:14.660+0000] {taskinstance.py:1138} INFO - Marking task as FAILED. dag_id=youtube_comment_pipeline_us_stocks_daily, task_id=search_youtube, execution_date=20250412T080000, start_date=20250420T011314, end_date=20250420T011314
[2025-04-20T01:13:14.679+0000] {standard_task_runner.py:107} ERROR - Failed to execute job 444 for task search_youtube ('execution_date'; 25972)
[2025-04-20T01:13:14.710+0000] {local_task_job_runner.py:234} INFO - Task exited with return code 1
[2025-04-20T01:13:14.739+0000] {taskinstance.py:3280} INFO - 0 downstream tasks scheduled from follow-on schedule check
