[2025-04-12T12:39:17.679+0000] {taskinstance.py:1956} INFO - Dependencies all met for dep_context=non-requeueable deps ti=<TaskInstance: weekly_comment_analysis_pipeline.run_bertopic manual__2025-04-06T00:00:00+00:00 [queued]>
[2025-04-12T12:39:17.682+0000] {taskinstance.py:1956} INFO - Dependencies all met for dep_context=requeueable deps ti=<TaskInstance: weekly_comment_analysis_pipeline.run_bertopic manual__2025-04-06T00:00:00+00:00 [queued]>
[2025-04-12T12:39:17.682+0000] {taskinstance.py:2170} INFO - Starting attempt 1 of 1
[2025-04-12T12:39:17.687+0000] {taskinstance.py:2191} INFO - Executing <Task(PythonOperator): run_bertopic> on 2025-04-06 00:00:00+00:00
[2025-04-12T12:39:17.693+0000] {standard_task_runner.py:60} INFO - Started process 30671 to run task
[2025-04-12T12:39:17.695+0000] {standard_task_runner.py:87} INFO - Running: ['***', 'tasks', 'run', 'weekly_comment_analysis_pipeline', 'run_bertopic', 'manual__2025-04-06T00:00:00+00:00', '--job-id', '229', '--raw', '--subdir', 'DAGS_FOLDER/Sentiment_Topicmodelling.py', '--cfg-path', '/tmp/tmposbg8ymt']
[2025-04-12T12:39:17.697+0000] {standard_task_runner.py:88} INFO - Job 229: Subtask run_bertopic
[2025-04-12T12:39:17.719+0000] {task_command.py:423} INFO - Running <TaskInstance: weekly_comment_analysis_pipeline.run_bertopic manual__2025-04-06T00:00:00+00:00 [running]> on host 09c1abf4dbfb
[2025-04-12T12:39:17.751+0000] {taskinstance.py:2480} INFO - Exporting env vars: AIRFLOW_CTX_DAG_OWNER='***' AIRFLOW_CTX_DAG_ID='weekly_comment_analysis_pipeline' AIRFLOW_CTX_TASK_ID='run_bertopic' AIRFLOW_CTX_EXECUTION_DATE='2025-04-06T00:00:00+00:00' AIRFLOW_CTX_TRY_NUMBER='1' AIRFLOW_CTX_DAG_RUN_ID='manual__2025-04-06T00:00:00+00:00'
[2025-04-12T12:39:17.797+0000] {SentenceTransformer.py:208} INFO - Use pytorch device_name: cpu
[2025-04-12T12:39:17.797+0000] {SentenceTransformer.py:216} INFO - Load pretrained SentenceTransformer: sentence-transformers/paraphrase-multilingual-MiniLM-L12-v2
[2025-04-12T13:20:46.013+0000] {local_task_job_runner.py:302} WARNING - State of this instance has been externally set to restarting. Terminating instance.
[2025-04-12T13:20:46.022+0000] {process_utils.py:131} INFO - Sending 15 to group 30671. PIDs of all processes in the group: [30671]
[2025-04-12T13:20:46.023+0000] {process_utils.py:86} INFO - Sending the signal 15 to group 30671
[2025-04-12T13:20:46.027+0000] {taskinstance.py:2450} ERROR - Received SIGTERM. Terminating subprocesses.
[2025-04-12T13:20:46.071+0000] {taskinstance.py:2698} ERROR - Task failed with exception
Traceback (most recent call last):
  File "/home/airflow/.local/lib/python3.8/site-packages/airflow/models/taskinstance.py", line 433, in _execute_task
    result = execute_callable(context=context, **execute_callable_kwargs)
  File "/home/airflow/.local/lib/python3.8/site-packages/airflow/operators/python.py", line 199, in execute
    return_value = self.execute_callable()
  File "/home/airflow/.local/lib/python3.8/site-packages/airflow/operators/python.py", line 216, in execute_callable
    return self.python_callable(*self.op_args, **self.op_kwargs)
  File "/opt/airflow/dags/Sentiment_Topicmodelling.py", line 78, in run_bertopic
    sentiment = analyze_sentiment(texts[i])
  File "/opt/airflow/dags/Sentiment_Topicmodelling.py", line 57, in analyze_sentiment
    outputs = model(**inputs)
  File "/home/airflow/.local/lib/python3.8/site-packages/torch/nn/modules/module.py", line 1553, in _wrapped_call_impl
    return self._call_impl(*args, **kwargs)
  File "/home/airflow/.local/lib/python3.8/site-packages/torch/nn/modules/module.py", line 1562, in _call_impl
    return forward_call(*args, **kwargs)
  File "/home/airflow/.local/lib/python3.8/site-packages/transformers/models/bert/modeling_bert.py", line 1668, in forward
    outputs = self.bert(
  File "/home/airflow/.local/lib/python3.8/site-packages/torch/nn/modules/module.py", line 1553, in _wrapped_call_impl
    return self._call_impl(*args, **kwargs)
  File "/home/airflow/.local/lib/python3.8/site-packages/torch/nn/modules/module.py", line 1562, in _call_impl
    return forward_call(*args, **kwargs)
  File "/home/airflow/.local/lib/python3.8/site-packages/transformers/models/bert/modeling_bert.py", line 1142, in forward
    encoder_outputs = self.encoder(
  File "/home/airflow/.local/lib/python3.8/site-packages/torch/nn/modules/module.py", line 1553, in _wrapped_call_impl
    return self._call_impl(*args, **kwargs)
  File "/home/airflow/.local/lib/python3.8/site-packages/torch/nn/modules/module.py", line 1562, in _call_impl
    return forward_call(*args, **kwargs)
  File "/home/airflow/.local/lib/python3.8/site-packages/transformers/models/bert/modeling_bert.py", line 695, in forward
    layer_outputs = layer_module(
  File "/home/airflow/.local/lib/python3.8/site-packages/torch/nn/modules/module.py", line 1553, in _wrapped_call_impl
    return self._call_impl(*args, **kwargs)
  File "/home/airflow/.local/lib/python3.8/site-packages/torch/nn/modules/module.py", line 1562, in _call_impl
    return forward_call(*args, **kwargs)
  File "/home/airflow/.local/lib/python3.8/site-packages/transformers/models/bert/modeling_bert.py", line 585, in forward
    self_attention_outputs = self.attention(
  File "/home/airflow/.local/lib/python3.8/site-packages/torch/nn/modules/module.py", line 1553, in _wrapped_call_impl
    return self._call_impl(*args, **kwargs)
  File "/home/airflow/.local/lib/python3.8/site-packages/torch/nn/modules/module.py", line 1562, in _call_impl
    return forward_call(*args, **kwargs)
  File "/home/airflow/.local/lib/python3.8/site-packages/transformers/models/bert/modeling_bert.py", line 515, in forward
    self_outputs = self.self(
  File "/home/airflow/.local/lib/python3.8/site-packages/torch/nn/modules/module.py", line 1553, in _wrapped_call_impl
    return self._call_impl(*args, **kwargs)
  File "/home/airflow/.local/lib/python3.8/site-packages/torch/nn/modules/module.py", line 1562, in _call_impl
    return forward_call(*args, **kwargs)
  File "/home/airflow/.local/lib/python3.8/site-packages/transformers/models/bert/modeling_bert.py", line 409, in forward
    value_layer = self.transpose_for_scores(self.value(current_states))
  File "/home/airflow/.local/lib/python3.8/site-packages/torch/nn/modules/module.py", line 1553, in _wrapped_call_impl
    return self._call_impl(*args, **kwargs)
  File "/home/airflow/.local/lib/python3.8/site-packages/torch/nn/modules/module.py", line 1562, in _call_impl
    return forward_call(*args, **kwargs)
  File "/home/airflow/.local/lib/python3.8/site-packages/torch/nn/modules/linear.py", line 117, in forward
    return F.linear(input, self.weight, self.bias)
  File "/home/airflow/.local/lib/python3.8/site-packages/airflow/models/taskinstance.py", line 2452, in signal_handler
    raise AirflowException("Task received SIGTERM signal")
airflow.exceptions.AirflowException: Task received SIGTERM signal
[2025-04-12T13:20:46.082+0000] {taskinstance.py:1138} INFO - Marking task as UP_FOR_RETRY. dag_id=weekly_comment_analysis_pipeline, task_id=run_bertopic, execution_date=20250406T000000, start_date=20250412T123917, end_date=20250412T132046
[2025-04-12T13:20:46.931+0000] {standard_task_runner.py:107} ERROR - Failed to execute job 229 for task run_bertopic (Task received SIGTERM signal; 30671)
[2025-04-12T13:20:47.048+0000] {process_utils.py:79} INFO - Process psutil.Process(pid=30671, status='terminated', exitcode=1, started='12:39:17') (30671) terminated with exit code 1
[2025-04-12T16:27:06.220+0000] {taskinstance.py:1956} INFO - Dependencies all met for dep_context=non-requeueable deps ti=<TaskInstance: weekly_comment_analysis_pipeline.run_bertopic manual__2025-04-06T00:00:00+00:00 [queued]>
[2025-04-12T16:27:06.226+0000] {taskinstance.py:1956} INFO - Dependencies all met for dep_context=requeueable deps ti=<TaskInstance: weekly_comment_analysis_pipeline.run_bertopic manual__2025-04-06T00:00:00+00:00 [queued]>
[2025-04-12T16:27:06.227+0000] {taskinstance.py:2170} INFO - Starting attempt 1 of 1
[2025-04-12T16:27:06.240+0000] {taskinstance.py:2191} INFO - Executing <Task(PythonOperator): run_bertopic> on 2025-04-06 00:00:00+00:00
[2025-04-12T16:27:06.246+0000] {standard_task_runner.py:60} INFO - Started process 49638 to run task
[2025-04-12T16:27:06.250+0000] {standard_task_runner.py:87} INFO - Running: ['***', 'tasks', 'run', 'weekly_comment_analysis_pipeline', 'run_bertopic', 'manual__2025-04-06T00:00:00+00:00', '--job-id', '270', '--raw', '--subdir', 'DAGS_FOLDER/Sentiment_Topicmodelling.py', '--cfg-path', '/tmp/tmpnfmgdlnp']
[2025-04-12T16:27:06.254+0000] {standard_task_runner.py:88} INFO - Job 270: Subtask run_bertopic
[2025-04-12T16:27:06.295+0000] {task_command.py:423} INFO - Running <TaskInstance: weekly_comment_analysis_pipeline.run_bertopic manual__2025-04-06T00:00:00+00:00 [running]> on host b22c3b1dd6e4
[2025-04-12T16:27:06.359+0000] {taskinstance.py:2480} INFO - Exporting env vars: AIRFLOW_CTX_DAG_OWNER='***' AIRFLOW_CTX_DAG_ID='weekly_comment_analysis_pipeline' AIRFLOW_CTX_TASK_ID='run_bertopic' AIRFLOW_CTX_EXECUTION_DATE='2025-04-06T00:00:00+00:00' AIRFLOW_CTX_TRY_NUMBER='1' AIRFLOW_CTX_DAG_RUN_ID='manual__2025-04-06T00:00:00+00:00'
[2025-04-12T16:27:06.433+0000] {SentenceTransformer.py:208} INFO - Use pytorch device_name: cpu
[2025-04-12T16:27:06.434+0000] {SentenceTransformer.py:216} INFO - Load pretrained SentenceTransformer: sentence-transformers/all-MiniLM-L6-v2
[2025-04-12T16:57:05.838+0000] {local_task_job_runner.py:296} WARNING - DagRun timed out after 0:30:05.138286.
[2025-04-12T16:57:10.896+0000] {local_task_job_runner.py:296} WARNING - DagRun timed out after 0:30:10.195899.
[2025-04-12T16:57:10.896+0000] {local_task_job_runner.py:302} WARNING - State of this instance has been externally set to skipped. Terminating instance.
[2025-04-12T16:57:10.898+0000] {process_utils.py:131} INFO - Sending 15 to group 49638. PIDs of all processes in the group: [49638]
[2025-04-12T16:57:10.899+0000] {process_utils.py:86} INFO - Sending the signal 15 to group 49638
[2025-04-12T16:57:10.900+0000] {taskinstance.py:2450} ERROR - Received SIGTERM. Terminating subprocesses.
[2025-04-12T16:57:11.038+0000] {process_utils.py:79} INFO - Process psutil.Process(pid=49638, status='terminated', exitcode=0, started='16:27:05') (49638) terminated with exit code 0
[2025-04-12T23:15:49.569+0000] {taskinstance.py:1956} INFO - Dependencies all met for dep_context=non-requeueable deps ti=<TaskInstance: weekly_comment_analysis_pipeline.run_bertopic manual__2025-04-06T00:00:00+00:00 [queued]>
[2025-04-12T23:15:49.572+0000] {taskinstance.py:1956} INFO - Dependencies all met for dep_context=requeueable deps ti=<TaskInstance: weekly_comment_analysis_pipeline.run_bertopic manual__2025-04-06T00:00:00+00:00 [queued]>
[2025-04-12T23:15:49.573+0000] {taskinstance.py:2170} INFO - Starting attempt 1 of 1
[2025-04-12T23:15:49.580+0000] {taskinstance.py:2191} INFO - Executing <Task(PythonOperator): run_bertopic> on 2025-04-06 00:00:00+00:00
[2025-04-12T23:15:49.584+0000] {standard_task_runner.py:60} INFO - Started process 421 to run task
[2025-04-12T23:15:49.586+0000] {standard_task_runner.py:87} INFO - Running: ['***', 'tasks', 'run', 'weekly_comment_analysis_pipeline', 'run_bertopic', 'manual__2025-04-06T00:00:00+00:00', '--job-id', '279', '--raw', '--subdir', 'DAGS_FOLDER/Sentiment_Topicmodelling.py', '--cfg-path', '/tmp/tmp6ad6itul']
[2025-04-12T23:15:49.587+0000] {standard_task_runner.py:88} INFO - Job 279: Subtask run_bertopic
[2025-04-12T23:15:49.616+0000] {task_command.py:423} INFO - Running <TaskInstance: weekly_comment_analysis_pipeline.run_bertopic manual__2025-04-06T00:00:00+00:00 [running]> on host b22c3b1dd6e4
[2025-04-12T23:15:49.663+0000] {taskinstance.py:2480} INFO - Exporting env vars: AIRFLOW_CTX_DAG_OWNER='***' AIRFLOW_CTX_DAG_ID='weekly_comment_analysis_pipeline' AIRFLOW_CTX_TASK_ID='run_bertopic' AIRFLOW_CTX_EXECUTION_DATE='2025-04-06T00:00:00+00:00' AIRFLOW_CTX_TRY_NUMBER='1' AIRFLOW_CTX_DAG_RUN_ID='manual__2025-04-06T00:00:00+00:00'
[2025-04-12T23:15:49.706+0000] {SentenceTransformer.py:208} INFO - Use pytorch device_name: cpu
[2025-04-12T23:15:49.707+0000] {SentenceTransformer.py:216} INFO - Load pretrained SentenceTransformer: sentence-transformers/all-MiniLM-L6-v2
[2025-04-12T23:57:11.739+0000] {local_task_job_runner.py:121} ERROR - Received SIGTERM. Terminating subprocesses
[2025-04-12T23:57:11.778+0000] {process_utils.py:131} INFO - Sending 15 to group 421. PIDs of all processes in the group: [421]
[2025-04-12T23:57:11.779+0000] {process_utils.py:86} INFO - Sending the signal 15 to group 421
[2025-04-12T23:57:11.790+0000] {taskinstance.py:2450} ERROR - Received SIGTERM. Terminating subprocesses.
[2025-04-12T23:57:11.811+0000] {taskinstance.py:2698} ERROR - Task failed with exception
Traceback (most recent call last):
  File "/home/airflow/.local/lib/python3.8/site-packages/airflow/models/taskinstance.py", line 433, in _execute_task
    result = execute_callable(context=context, **execute_callable_kwargs)
  File "/home/airflow/.local/lib/python3.8/site-packages/airflow/operators/python.py", line 199, in execute
    return_value = self.execute_callable()
  File "/home/airflow/.local/lib/python3.8/site-packages/airflow/operators/python.py", line 216, in execute_callable
    return self.python_callable(*self.op_args, **self.op_kwargs)
  File "/opt/airflow/dags/Sentiment_Topicmodelling.py", line 92, in run_bertopic
    sentiment = analyze_sentiment(texts[i])
  File "/opt/airflow/dags/Sentiment_Topicmodelling.py", line 71, in analyze_sentiment
    outputs = model(**inputs)
  File "/home/airflow/.local/lib/python3.8/site-packages/torch/nn/modules/module.py", line 1553, in _wrapped_call_impl
    return self._call_impl(*args, **kwargs)
  File "/home/airflow/.local/lib/python3.8/site-packages/torch/nn/modules/module.py", line 1562, in _call_impl
    return forward_call(*args, **kwargs)
  File "/home/airflow/.local/lib/python3.8/site-packages/transformers/models/bert/modeling_bert.py", line 1668, in forward
    outputs = self.bert(
  File "/home/airflow/.local/lib/python3.8/site-packages/torch/nn/modules/module.py", line 1553, in _wrapped_call_impl
    return self._call_impl(*args, **kwargs)
  File "/home/airflow/.local/lib/python3.8/site-packages/torch/nn/modules/module.py", line 1562, in _call_impl
    return forward_call(*args, **kwargs)
  File "/home/airflow/.local/lib/python3.8/site-packages/transformers/models/bert/modeling_bert.py", line 1142, in forward
    encoder_outputs = self.encoder(
  File "/home/airflow/.local/lib/python3.8/site-packages/torch/nn/modules/module.py", line 1553, in _wrapped_call_impl
    return self._call_impl(*args, **kwargs)
  File "/home/airflow/.local/lib/python3.8/site-packages/torch/nn/modules/module.py", line 1562, in _call_impl
    return forward_call(*args, **kwargs)
  File "/home/airflow/.local/lib/python3.8/site-packages/transformers/models/bert/modeling_bert.py", line 695, in forward
    layer_outputs = layer_module(
  File "/home/airflow/.local/lib/python3.8/site-packages/torch/nn/modules/module.py", line 1553, in _wrapped_call_impl
    return self._call_impl(*args, **kwargs)
  File "/home/airflow/.local/lib/python3.8/site-packages/torch/nn/modules/module.py", line 1562, in _call_impl
    return forward_call(*args, **kwargs)
  File "/home/airflow/.local/lib/python3.8/site-packages/transformers/models/bert/modeling_bert.py", line 585, in forward
    self_attention_outputs = self.attention(
  File "/home/airflow/.local/lib/python3.8/site-packages/torch/nn/modules/module.py", line 1553, in _wrapped_call_impl
    return self._call_impl(*args, **kwargs)
  File "/home/airflow/.local/lib/python3.8/site-packages/torch/nn/modules/module.py", line 1562, in _call_impl
    return forward_call(*args, **kwargs)
  File "/home/airflow/.local/lib/python3.8/site-packages/transformers/models/bert/modeling_bert.py", line 515, in forward
    self_outputs = self.self(
  File "/home/airflow/.local/lib/python3.8/site-packages/torch/nn/modules/module.py", line 1553, in _wrapped_call_impl
    return self._call_impl(*args, **kwargs)
  File "/home/airflow/.local/lib/python3.8/site-packages/torch/nn/modules/module.py", line 1562, in _call_impl
    return forward_call(*args, **kwargs)
  File "/home/airflow/.local/lib/python3.8/site-packages/transformers/models/bert/modeling_bert.py", line 409, in forward
    value_layer = self.transpose_for_scores(self.value(current_states))
  File "/home/airflow/.local/lib/python3.8/site-packages/torch/nn/modules/module.py", line 1553, in _wrapped_call_impl
    return self._call_impl(*args, **kwargs)
  File "/home/airflow/.local/lib/python3.8/site-packages/torch/nn/modules/module.py", line 1562, in _call_impl
    return forward_call(*args, **kwargs)
  File "/home/airflow/.local/lib/python3.8/site-packages/torch/nn/modules/linear.py", line 117, in forward
    return F.linear(input, self.weight, self.bias)
  File "/home/airflow/.local/lib/python3.8/site-packages/airflow/models/taskinstance.py", line 2452, in signal_handler
    raise AirflowException("Task received SIGTERM signal")
airflow.exceptions.AirflowException: Task received SIGTERM signal
[2025-04-12T23:57:11.823+0000] {taskinstance.py:1138} INFO - Marking task as FAILED. dag_id=weekly_comment_analysis_pipeline, task_id=run_bertopic, execution_date=20250406T000000, start_date=20250412T231549, end_date=20250412T235711
[2025-04-12T23:57:11.843+0000] {standard_task_runner.py:107} ERROR - Failed to execute job 279 for task run_bertopic (Task received SIGTERM signal; 421)
[2025-04-12T23:57:11.920+0000] {process_utils.py:79} INFO - Process psutil.Process(pid=421, status='terminated', exitcode=1, started='23:15:49') (421) terminated with exit code 1
[2025-04-12T23:57:11.921+0000] {local_task_job_runner.py:234} INFO - Task exited with return code 143
[2025-04-12T23:57:11.954+0000] {taskinstance.py:3280} INFO - 0 downstream tasks scheduled from follow-on schedule check
