[2025-04-06T03:24:16.123+0000] {taskinstance.py:1956} INFO - Dependencies all met for dep_context=non-requeueable deps ti=<TaskInstance: youtube_comment_pipeline_us_stocks_daily.search_youtube scheduled__2025-04-05T00:00:00+00:00 [queued]>
[2025-04-06T03:24:16.129+0000] {taskinstance.py:1956} INFO - Dependencies all met for dep_context=requeueable deps ti=<TaskInstance: youtube_comment_pipeline_us_stocks_daily.search_youtube scheduled__2025-04-05T00:00:00+00:00 [queued]>
[2025-04-06T03:24:16.130+0000] {taskinstance.py:2170} INFO - Starting attempt 1 of 1
[2025-04-06T03:24:16.135+0000] {taskinstance.py:2191} INFO - Executing <Task(PythonOperator): search_youtube> on 2025-04-05 00:00:00+00:00
[2025-04-06T03:24:16.137+0000] {standard_task_runner.py:60} INFO - Started process 2755 to run task
[2025-04-06T03:24:16.140+0000] {standard_task_runner.py:87} INFO - Running: ['***', 'tasks', 'run', 'youtube_comment_pipeline_us_stocks_daily', 'search_youtube', 'scheduled__2025-04-05T00:00:00+00:00', '--job-id', '44', '--raw', '--subdir', 'DAGS_FOLDER/youtube_comment_pipeline.py', '--cfg-path', '/tmp/tmp78g0gauj']
[2025-04-06T03:24:16.141+0000] {standard_task_runner.py:88} INFO - Job 44: Subtask search_youtube
[2025-04-06T03:24:16.166+0000] {task_command.py:423} INFO - Running <TaskInstance: youtube_comment_pipeline_us_stocks_daily.search_youtube scheduled__2025-04-05T00:00:00+00:00 [running]> on host 04d9bebcd372
[2025-04-06T03:24:16.198+0000] {taskinstance.py:2480} INFO - Exporting env vars: AIRFLOW_CTX_DAG_OWNER='***' AIRFLOW_CTX_DAG_ID='youtube_comment_pipeline_us_stocks_daily' AIRFLOW_CTX_TASK_ID='search_youtube' AIRFLOW_CTX_EXECUTION_DATE='2025-04-05T00:00:00+00:00' AIRFLOW_CTX_TRY_NUMBER='1' AIRFLOW_CTX_DAG_RUN_ID='scheduled__2025-04-05T00:00:00+00:00'
[2025-04-06T03:24:16.894+0000] {logging_mixin.py:188} INFO - [{'video_id': 'bxxh9V8HbFs', 'title': 'Worst week for US stocks since Covid as President Trump&#39;s tariffs kick in | BBC News'}, {'video_id': 'tl9qHkY_D3s', 'title': 'Stocks drop again after China retaliates against Trump&#39;s tariffs'}, {'video_id': 'PH9eYgoMK-Q', 'title': 'US Stock Market Wipes Out Over $5 Trillion Amid Tariffs and Growth Scare: Closing Bell Analysis'}, {'video_id': '3DHWkK4fdfY', 'title': 'Trump reacts to China&#39;s retaliatory tariffs as U.S. stocks continue to slide'}, {'video_id': 'C08oO9Kg-F0', 'title': 'Nasdaq closes in bear market as Pres. Trump&#39;s tariffs crush stocks'}, {'video_id': 'onxH8OECot0', 'title': 'Trump Tariffs: US Stock Futures Sink as China Retaliates | Opening Trade 04/04'}, {'video_id': 'sNYB0v-mA0Q', 'title': 'President Trump reacts after US stock market leads worldwide sell-off following new tariffs'}, {'video_id': 'FvtG0iZgeVE', 'title': 'US stocks fall as China announces retaliatory tariffs'}, {'video_id': '0GP5Z7QO1Jc', 'title': 'US markets tumble as President Trump says China &#39;played it wrong&#39; in tariffs retaliation | BBC News'}, {'video_id': '9OHyHrq_4YM', 'title': 'China RETALIATES, Sending U.S. Stock Market Into Tailspin'}, {'video_id': 'pmIqAlIgD2Y', 'title': 'US stocks crash after Trump tariff announcement + Tony Mokbel to learn fate | ABC NEWS'}, {'video_id': '8eqWXQzs3HM', 'title': 'It’s Over: Trump Just Broke The Stock Market'}, {'video_id': 'isio87xrjJY', 'title': 'US stocks having worst day since September 2022'}, {'video_id': 'R0VN3iVBgc8', 'title': 'Investors bail out of stocks as Trump&#39;s tarffs sparks recession fears | Close of Business | ABC News'}, {'video_id': 'QHEhB1f2Yig', 'title': 'US stocks slump as China retaliates against Trump tariffs'}, {'video_id': 'VcItg4qMC6A', 'title': 'US Stocks rake up huge losses: What&#39;s Happening? • Is TRUMP deliberately crashing the stock market?'}, {'video_id': 'SV_RrHrkG3E', 'title': 'US Stock Markets Fall Continues | Sunil SubramaniamExpert Take on Second Day Decline'}, {'video_id': 'iY-IlPjyIDI', 'title': 'Trump Tariffs: Worst Crash for US Stock Markets Since the Pandemic | Vantage with Palki Sharma |N18G'}, {'video_id': 'KcnMazELTI0', 'title': 'US Stock Market LIVE: Dow Futures Fall 1,200 Points | Trump Tariffs Trigger Stock Market Crash'}, {'video_id': 'trWxVbaa9eA', 'title': 'US stock market leads a worldwide sell-off following President Trump&#39;s tariff shock'}]
[2025-04-06T03:24:16.894+0000] {python.py:201} INFO - Done. Returned value was: None
[2025-04-06T03:24:16.899+0000] {taskinstance.py:1138} INFO - Marking task as SUCCESS. dag_id=youtube_comment_pipeline_us_stocks_daily, task_id=search_youtube, execution_date=20250405T000000, start_date=20250406T032416, end_date=20250406T032416
[2025-04-06T03:24:16.942+0000] {local_task_job_runner.py:234} INFO - Task exited with return code 0
[2025-04-06T03:24:16.956+0000] {taskinstance.py:3280} INFO - 1 downstream tasks scheduled from follow-on schedule check
[2025-04-06T04:04:06.313+0000] {taskinstance.py:1956} INFO - Dependencies all met for dep_context=non-requeueable deps ti=<TaskInstance: youtube_comment_pipeline_us_stocks_daily.search_youtube scheduled__2025-04-05T00:00:00+00:00 [queued]>
[2025-04-06T04:04:06.318+0000] {taskinstance.py:1956} INFO - Dependencies all met for dep_context=requeueable deps ti=<TaskInstance: youtube_comment_pipeline_us_stocks_daily.search_youtube scheduled__2025-04-05T00:00:00+00:00 [queued]>
[2025-04-06T04:04:06.320+0000] {taskinstance.py:2170} INFO - Starting attempt 1 of 1
[2025-04-06T04:04:06.329+0000] {taskinstance.py:2191} INFO - Executing <Task(PythonOperator): search_youtube> on 2025-04-05 00:00:00+00:00
[2025-04-06T04:04:06.336+0000] {standard_task_runner.py:60} INFO - Started process 529 to run task
[2025-04-06T04:04:06.339+0000] {standard_task_runner.py:87} INFO - Running: ['***', 'tasks', 'run', 'youtube_comment_pipeline_us_stocks_daily', 'search_youtube', 'scheduled__2025-04-05T00:00:00+00:00', '--job-id', '59', '--raw', '--subdir', 'DAGS_FOLDER/youtube_comment_pipeline.py', '--cfg-path', '/tmp/tmpj642w5af']
[2025-04-06T04:04:06.340+0000] {standard_task_runner.py:88} INFO - Job 59: Subtask search_youtube
[2025-04-06T04:04:06.386+0000] {task_command.py:423} INFO - Running <TaskInstance: youtube_comment_pipeline_us_stocks_daily.search_youtube scheduled__2025-04-05T00:00:00+00:00 [running]> on host 04d9bebcd372
[2025-04-06T04:04:06.425+0000] {taskinstance.py:2480} INFO - Exporting env vars: AIRFLOW_CTX_DAG_OWNER='***' AIRFLOW_CTX_DAG_ID='youtube_comment_pipeline_us_stocks_daily' AIRFLOW_CTX_TASK_ID='search_youtube' AIRFLOW_CTX_EXECUTION_DATE='2025-04-05T00:00:00+00:00' AIRFLOW_CTX_TRY_NUMBER='1' AIRFLOW_CTX_DAG_RUN_ID='scheduled__2025-04-05T00:00:00+00:00'
[2025-04-06T04:04:07.079+0000] {logging_mixin.py:188} INFO - [{'video_id': 'bxxh9V8HbFs', 'title': 'Worst week for US stocks since Covid as President Trump&#39;s tariffs kick in | BBC News'}, {'video_id': 'tl9qHkY_D3s', 'title': 'Stocks drop again after China retaliates against Trump&#39;s tariffs'}, {'video_id': '3DHWkK4fdfY', 'title': 'Trump reacts to China&#39;s retaliatory tariffs as U.S. stocks continue to slide'}, {'video_id': 'PH9eYgoMK-Q', 'title': 'US Stock Market Wipes Out Over $5 Trillion Amid Tariffs and Growth Scare: Closing Bell Analysis'}, {'video_id': 'C08oO9Kg-F0', 'title': 'Nasdaq closes in bear market as Pres. Trump&#39;s tariffs crush stocks'}, {'video_id': 'onxH8OECot0', 'title': 'Trump Tariffs: US Stock Futures Sink as China Retaliates | Opening Trade 04/04'}, {'video_id': 'FvtG0iZgeVE', 'title': 'US stocks fall as China announces retaliatory tariffs'}, {'video_id': '0GP5Z7QO1Jc', 'title': 'US markets tumble as President Trump says China &#39;played it wrong&#39; in tariffs retaliation | BBC News'}, {'video_id': 'sNYB0v-mA0Q', 'title': 'President Trump reacts after US stock market leads worldwide sell-off following new tariffs'}, {'video_id': 'pmIqAlIgD2Y', 'title': 'US stocks crash after Trump tariff announcement + Tony Mokbel to learn fate | ABC NEWS'}, {'video_id': '8eqWXQzs3HM', 'title': 'It’s Over: Trump Just Broke The Stock Market'}, {'video_id': 'isio87xrjJY', 'title': 'US stocks having worst day since September 2022'}, {'video_id': 'ZdzZYhHwtZw', 'title': 'US Stock Market LIVE | US Stock Market Crash | NYSE Stock Market LIVE | Trump Tariffs LIVE | N18G'}, {'video_id': 'QHEhB1f2Yig', 'title': 'US stocks slump as China retaliates against Trump tariffs'}, {'video_id': 'R0VN3iVBgc8', 'title': 'Investors bail out of stocks as Trump&#39;s tarffs sparks recession fears | Close of Business | ABC News'}, {'video_id': '9OHyHrq_4YM', 'title': 'China RETALIATES, Sending U.S. Stock Market Into Tailspin'}, {'video_id': 'VcItg4qMC6A', 'title': 'US Stocks rake up huge losses: What&#39;s Happening? • Is TRUMP deliberately crashing the stock market?'}, {'video_id': 'SV_RrHrkG3E', 'title': 'US Stock Markets Fall Continues | Sunil SubramaniamExpert Take on Second Day Decline'}, {'video_id': 'iY-IlPjyIDI', 'title': 'Trump Tariffs: Worst Crash for US Stock Markets Since the Pandemic | Vantage with Palki Sharma |N18G'}, {'video_id': 'KcnMazELTI0', 'title': 'US Stock Market LIVE: Dow Futures Fall 1,200 Points | Trump Tariffs Trigger Stock Market Crash'}]
[2025-04-06T04:04:07.079+0000] {python.py:201} INFO - Done. Returned value was: None
[2025-04-06T04:04:07.087+0000] {taskinstance.py:1138} INFO - Marking task as SUCCESS. dag_id=youtube_comment_pipeline_us_stocks_daily, task_id=search_youtube, execution_date=20250405T000000, start_date=20250406T040406, end_date=20250406T040407
[2025-04-06T04:04:07.137+0000] {local_task_job_runner.py:234} INFO - Task exited with return code 0
[2025-04-06T04:04:07.151+0000] {taskinstance.py:3280} INFO - 1 downstream tasks scheduled from follow-on schedule check
[2025-04-06T08:55:21.676+0000] {taskinstance.py:1956} INFO - Dependencies all met for dep_context=non-requeueable deps ti=<TaskInstance: youtube_comment_pipeline_us_stocks_daily.search_youtube scheduled__2025-04-05T00:00:00+00:00 [queued]>
[2025-04-06T08:55:21.681+0000] {taskinstance.py:1956} INFO - Dependencies all met for dep_context=requeueable deps ti=<TaskInstance: youtube_comment_pipeline_us_stocks_daily.search_youtube scheduled__2025-04-05T00:00:00+00:00 [queued]>
[2025-04-06T08:55:21.681+0000] {taskinstance.py:2170} INFO - Starting attempt 1 of 1
[2025-04-06T08:55:21.687+0000] {taskinstance.py:2191} INFO - Executing <Task(PythonOperator): search_youtube> on 2025-04-05 00:00:00+00:00
[2025-04-06T08:55:21.690+0000] {standard_task_runner.py:60} INFO - Started process 1801 to run task
[2025-04-06T08:55:21.695+0000] {standard_task_runner.py:87} INFO - Running: ['***', 'tasks', 'run', 'youtube_comment_pipeline_us_stocks_daily', 'search_youtube', 'scheduled__2025-04-05T00:00:00+00:00', '--job-id', '85', '--raw', '--subdir', 'DAGS_FOLDER/youtube_comment_pipeline.py', '--cfg-path', '/tmp/tmp4xpa7hwu']
[2025-04-06T08:55:21.698+0000] {standard_task_runner.py:88} INFO - Job 85: Subtask search_youtube
[2025-04-06T08:55:21.732+0000] {task_command.py:423} INFO - Running <TaskInstance: youtube_comment_pipeline_us_stocks_daily.search_youtube scheduled__2025-04-05T00:00:00+00:00 [running]> on host 04d9bebcd372
[2025-04-06T08:55:21.772+0000] {taskinstance.py:2480} INFO - Exporting env vars: AIRFLOW_CTX_DAG_OWNER='***' AIRFLOW_CTX_DAG_ID='youtube_comment_pipeline_us_stocks_daily' AIRFLOW_CTX_TASK_ID='search_youtube' AIRFLOW_CTX_EXECUTION_DATE='2025-04-05T00:00:00+00:00' AIRFLOW_CTX_TRY_NUMBER='1' AIRFLOW_CTX_DAG_RUN_ID='scheduled__2025-04-05T00:00:00+00:00'
[2025-04-06T08:55:22.359+0000] {python.py:201} INFO - Done. Returned value was: None
[2025-04-06T08:55:22.364+0000] {taskinstance.py:1138} INFO - Marking task as SUCCESS. dag_id=youtube_comment_pipeline_us_stocks_daily, task_id=search_youtube, execution_date=20250405T000000, start_date=20250406T085521, end_date=20250406T085522
[2025-04-06T08:55:22.387+0000] {local_task_job_runner.py:234} INFO - Task exited with return code 0
[2025-04-06T08:55:22.403+0000] {taskinstance.py:3280} INFO - 1 downstream tasks scheduled from follow-on schedule check
