[2025-04-12T02:05:18.627+0000] {taskinstance.py:1956} INFO - Dependencies all met for dep_context=non-requeueable deps ti=<TaskInstance: youtube_comment_pipeline_us_stocks_daily.search_youtube scheduled__2025-04-08T00:00:00+00:00 [queued]>
[2025-04-12T02:05:18.633+0000] {taskinstance.py:1956} INFO - Dependencies all met for dep_context=requeueable deps ti=<TaskInstance: youtube_comment_pipeline_us_stocks_daily.search_youtube scheduled__2025-04-08T00:00:00+00:00 [queued]>
[2025-04-12T02:05:18.633+0000] {taskinstance.py:2170} INFO - Starting attempt 1 of 1
[2025-04-12T02:05:18.645+0000] {taskinstance.py:2191} INFO - Executing <Task(PythonOperator): search_youtube> on 2025-04-08 00:00:00+00:00
[2025-04-12T02:05:18.650+0000] {standard_task_runner.py:60} INFO - Started process 183 to run task
[2025-04-12T02:05:18.657+0000] {standard_task_runner.py:87} INFO - Running: ['***', 'tasks', 'run', 'youtube_comment_pipeline_us_stocks_daily', 'search_youtube', 'scheduled__2025-04-08T00:00:00+00:00', '--job-id', '174', '--raw', '--subdir', 'DAGS_FOLDER/youtube_comment_pipeline.py', '--cfg-path', '/tmp/tmpzt7q69jz']
[2025-04-12T02:05:18.659+0000] {standard_task_runner.py:88} INFO - Job 174: Subtask search_youtube
[2025-04-12T02:05:18.719+0000] {task_command.py:423} INFO - Running <TaskInstance: youtube_comment_pipeline_us_stocks_daily.search_youtube scheduled__2025-04-08T00:00:00+00:00 [running]> on host 6ca683c63410
[2025-04-12T02:05:18.789+0000] {taskinstance.py:2480} INFO - Exporting env vars: AIRFLOW_CTX_DAG_OWNER='***' AIRFLOW_CTX_DAG_ID='youtube_comment_pipeline_us_stocks_daily' AIRFLOW_CTX_TASK_ID='search_youtube' AIRFLOW_CTX_EXECUTION_DATE='2025-04-08T00:00:00+00:00' AIRFLOW_CTX_TRY_NUMBER='1' AIRFLOW_CTX_DAG_RUN_ID='scheduled__2025-04-08T00:00:00+00:00'
[2025-04-12T02:05:19.810+0000] {python.py:201} INFO - Done. Returned value was: None
[2025-04-12T02:05:19.816+0000] {taskinstance.py:1138} INFO - Marking task as SUCCESS. dag_id=youtube_comment_pipeline_us_stocks_daily, task_id=search_youtube, execution_date=20250408T000000, start_date=20250412T020518, end_date=20250412T020519
[2025-04-12T02:05:19.862+0000] {local_task_job_runner.py:234} INFO - Task exited with return code 0
[2025-04-12T02:05:19.875+0000] {taskinstance.py:3280} INFO - 1 downstream tasks scheduled from follow-on schedule check
[2025-04-20T02:24:43.212+0000] {taskinstance.py:1956} INFO - Dependencies all met for dep_context=non-requeueable deps ti=<TaskInstance: youtube_comment_pipeline_us_stocks_daily.search_youtube scheduled__2025-04-08T00:00:00+00:00 [queued]>
[2025-04-20T02:24:43.225+0000] {taskinstance.py:1956} INFO - Dependencies all met for dep_context=requeueable deps ti=<TaskInstance: youtube_comment_pipeline_us_stocks_daily.search_youtube scheduled__2025-04-08T00:00:00+00:00 [queued]>
[2025-04-20T02:24:43.226+0000] {taskinstance.py:2170} INFO - Starting attempt 1 of 1
[2025-04-20T02:24:43.256+0000] {taskinstance.py:2191} INFO - Executing <Task(PythonOperator): search_youtube> on 2025-04-08 00:00:00+00:00
[2025-04-20T02:24:43.264+0000] {standard_task_runner.py:60} INFO - Started process 2147 to run task
[2025-04-20T02:24:43.271+0000] {standard_task_runner.py:87} INFO - Running: ['***', 'tasks', 'run', 'youtube_comment_pipeline_us_stocks_daily', 'search_youtube', 'scheduled__2025-04-08T00:00:00+00:00', '--job-id', '519', '--raw', '--subdir', 'DAGS_FOLDER/youtube_comment_pipeline.py', '--cfg-path', '/tmp/tmp_bu_71nl']
[2025-04-20T02:24:43.276+0000] {standard_task_runner.py:88} INFO - Job 519: Subtask search_youtube
[2025-04-20T02:24:43.328+0000] {task_command.py:423} INFO - Running <TaskInstance: youtube_comment_pipeline_us_stocks_daily.search_youtube scheduled__2025-04-08T00:00:00+00:00 [running]> on host 7e480c288e12
[2025-04-20T02:24:43.470+0000] {taskinstance.py:2480} INFO - Exporting env vars: AIRFLOW_CTX_DAG_OWNER='***' AIRFLOW_CTX_DAG_ID='youtube_comment_pipeline_us_stocks_daily' AIRFLOW_CTX_TASK_ID='search_youtube' AIRFLOW_CTX_EXECUTION_DATE='2025-04-08T00:00:00+00:00' AIRFLOW_CTX_TRY_NUMBER='1' AIRFLOW_CTX_DAG_RUN_ID='scheduled__2025-04-08T00:00:00+00:00'
[2025-04-20T02:24:44.178+0000] {python.py:201} INFO - Done. Returned value was: None
[2025-04-20T02:24:44.205+0000] {taskinstance.py:1138} INFO - Marking task as SUCCESS. dag_id=youtube_comment_pipeline_us_stocks_daily, task_id=search_youtube, execution_date=20250408T000000, start_date=20250420T022443, end_date=20250420T022444
[2025-04-20T02:24:44.315+0000] {local_task_job_runner.py:234} INFO - Task exited with return code 0
[2025-04-20T02:24:44.372+0000] {taskinstance.py:3280} INFO - 1 downstream tasks scheduled from follow-on schedule check
