[2025-04-06T08:55:45.306+0000] {taskinstance.py:1956} INFO - Dependencies all met for dep_context=non-requeueable deps ti=<TaskInstance: youtube_comment_pipeline_us_stocks_daily.select_top_videos scheduled__2025-04-04T00:00:00+00:00 [queued]>
[2025-04-06T08:55:45.309+0000] {taskinstance.py:1956} INFO - Dependencies all met for dep_context=requeueable deps ti=<TaskInstance: youtube_comment_pipeline_us_stocks_daily.select_top_videos scheduled__2025-04-04T00:00:00+00:00 [queued]>
[2025-04-06T08:55:45.309+0000] {taskinstance.py:2170} INFO - Starting attempt 1 of 1
[2025-04-06T08:55:45.313+0000] {taskinstance.py:2191} INFO - Executing <Task(PythonOperator): select_top_videos> on 2025-04-04 00:00:00+00:00
[2025-04-06T08:55:45.316+0000] {standard_task_runner.py:60} INFO - Started process 1826 to run task
[2025-04-06T08:55:45.317+0000] {standard_task_runner.py:87} INFO - Running: ['***', 'tasks', 'run', 'youtube_comment_pipeline_us_stocks_daily', 'select_top_videos', 'scheduled__2025-04-04T00:00:00+00:00', '--job-id', '95', '--raw', '--subdir', 'DAGS_FOLDER/youtube_comment_pipeline.py', '--cfg-path', '/tmp/tmp0oycu3nl']
[2025-04-06T08:55:45.318+0000] {standard_task_runner.py:88} INFO - Job 95: Subtask select_top_videos
[2025-04-06T08:55:45.340+0000] {task_command.py:423} INFO - Running <TaskInstance: youtube_comment_pipeline_us_stocks_daily.select_top_videos scheduled__2025-04-04T00:00:00+00:00 [running]> on host 04d9bebcd372
[2025-04-06T08:55:45.370+0000] {taskinstance.py:2480} INFO - Exporting env vars: AIRFLOW_CTX_DAG_OWNER='***' AIRFLOW_CTX_DAG_ID='youtube_comment_pipeline_us_stocks_daily' AIRFLOW_CTX_TASK_ID='select_top_videos' AIRFLOW_CTX_EXECUTION_DATE='2025-04-04T00:00:00+00:00' AIRFLOW_CTX_TRY_NUMBER='1' AIRFLOW_CTX_DAG_RUN_ID='scheduled__2025-04-04T00:00:00+00:00'
[2025-04-06T08:55:45.555+0000] {python.py:201} INFO - Done. Returned value was: None
[2025-04-06T08:55:45.559+0000] {taskinstance.py:1138} INFO - Marking task as SUCCESS. dag_id=youtube_comment_pipeline_us_stocks_daily, task_id=select_top_videos, execution_date=20250404T000000, start_date=20250406T085545, end_date=20250406T085545
[2025-04-06T08:55:45.579+0000] {local_task_job_runner.py:234} INFO - Task exited with return code 0
[2025-04-06T08:55:45.596+0000] {taskinstance.py:3280} INFO - 1 downstream tasks scheduled from follow-on schedule check
[2025-04-20T02:24:55.715+0000] {taskinstance.py:1956} INFO - Dependencies all met for dep_context=non-requeueable deps ti=<TaskInstance: youtube_comment_pipeline_us_stocks_daily.select_top_videos scheduled__2025-04-04T00:00:00+00:00 [queued]>
[2025-04-20T02:24:55.721+0000] {taskinstance.py:1956} INFO - Dependencies all met for dep_context=requeueable deps ti=<TaskInstance: youtube_comment_pipeline_us_stocks_daily.select_top_videos scheduled__2025-04-04T00:00:00+00:00 [queued]>
[2025-04-20T02:24:55.722+0000] {taskinstance.py:2170} INFO - Starting attempt 1 of 1
[2025-04-20T02:24:55.728+0000] {taskinstance.py:2191} INFO - Executing <Task(PythonOperator): select_top_videos> on 2025-04-04 00:00:00+00:00
[2025-04-20T02:24:55.730+0000] {standard_task_runner.py:60} INFO - Started process 2198 to run task
[2025-04-20T02:24:55.732+0000] {standard_task_runner.py:87} INFO - Running: ['***', 'tasks', 'run', 'youtube_comment_pipeline_us_stocks_daily', 'select_top_videos', 'scheduled__2025-04-04T00:00:00+00:00', '--job-id', '544', '--raw', '--subdir', 'DAGS_FOLDER/youtube_comment_pipeline.py', '--cfg-path', '/tmp/tmpf5v2sv3j']
[2025-04-20T02:24:55.734+0000] {standard_task_runner.py:88} INFO - Job 544: Subtask select_top_videos
[2025-04-20T02:24:55.764+0000] {task_command.py:423} INFO - Running <TaskInstance: youtube_comment_pipeline_us_stocks_daily.select_top_videos scheduled__2025-04-04T00:00:00+00:00 [running]> on host 7e480c288e12
[2025-04-20T02:24:55.809+0000] {taskinstance.py:2480} INFO - Exporting env vars: AIRFLOW_CTX_DAG_OWNER='***' AIRFLOW_CTX_DAG_ID='youtube_comment_pipeline_us_stocks_daily' AIRFLOW_CTX_TASK_ID='select_top_videos' AIRFLOW_CTX_EXECUTION_DATE='2025-04-04T00:00:00+00:00' AIRFLOW_CTX_TRY_NUMBER='1' AIRFLOW_CTX_DAG_RUN_ID='scheduled__2025-04-04T00:00:00+00:00'
[2025-04-20T02:24:55.957+0000] {python.py:201} INFO - Done. Returned value was: None
[2025-04-20T02:24:55.962+0000] {taskinstance.py:1138} INFO - Marking task as SUCCESS. dag_id=youtube_comment_pipeline_us_stocks_daily, task_id=select_top_videos, execution_date=20250404T000000, start_date=20250420T022455, end_date=20250420T022455
[2025-04-20T02:24:55.993+0000] {local_task_job_runner.py:234} INFO - Task exited with return code 0
[2025-04-20T02:24:56.003+0000] {taskinstance.py:3280} INFO - 1 downstream tasks scheduled from follow-on schedule check
