[2025-04-06T04:04:06.317+0000] {taskinstance.py:1956} INFO - Dependencies all met for dep_context=non-requeueable deps ti=<TaskInstance: youtube_comment_pipeline_us_stocks_daily.collect_comments manual__2025-04-06T00:00:00+00:00 [queued]>
[2025-04-06T04:04:06.324+0000] {taskinstance.py:1956} INFO - Dependencies all met for dep_context=requeueable deps ti=<TaskInstance: youtube_comment_pipeline_us_stocks_daily.collect_comments manual__2025-04-06T00:00:00+00:00 [queued]>
[2025-04-06T04:04:06.326+0000] {taskinstance.py:2170} INFO - Starting attempt 1 of 1
[2025-04-06T04:04:06.336+0000] {taskinstance.py:2191} INFO - Executing <Task(PythonOperator): collect_comments> on 2025-04-06 00:00:00+00:00
[2025-04-06T04:04:06.340+0000] {standard_task_runner.py:60} INFO - Started process 530 to run task
[2025-04-06T04:04:06.343+0000] {standard_task_runner.py:87} INFO - Running: ['***', 'tasks', 'run', 'youtube_comment_pipeline_us_stocks_daily', 'collect_comments', 'manual__2025-04-06T00:00:00+00:00', '--job-id', '60', '--raw', '--subdir', 'DAGS_FOLDER/youtube_comment_pipeline.py', '--cfg-path', '/tmp/tmpxia02huf']
[2025-04-06T04:04:06.345+0000] {standard_task_runner.py:88} INFO - Job 60: Subtask collect_comments
[2025-04-06T04:04:06.390+0000] {task_command.py:423} INFO - Running <TaskInstance: youtube_comment_pipeline_us_stocks_daily.collect_comments manual__2025-04-06T00:00:00+00:00 [running]> on host 04d9bebcd372
[2025-04-06T04:04:06.427+0000] {taskinstance.py:2480} INFO - Exporting env vars: AIRFLOW_CTX_DAG_OWNER='***' AIRFLOW_CTX_DAG_ID='youtube_comment_pipeline_us_stocks_daily' AIRFLOW_CTX_TASK_ID='collect_comments' AIRFLOW_CTX_EXECUTION_DATE='2025-04-06T00:00:00+00:00' AIRFLOW_CTX_TRY_NUMBER='1' AIRFLOW_CTX_DAG_RUN_ID='manual__2025-04-06T00:00:00+00:00'
[2025-04-06T04:04:09.096+0000] {logging_mixin.py:188} INFO - ✅ Collected 80 comments.
[2025-04-06T04:04:09.097+0000] {python.py:201} INFO - Done. Returned value was: None
[2025-04-06T04:04:09.105+0000] {taskinstance.py:1138} INFO - Marking task as SUCCESS. dag_id=youtube_comment_pipeline_us_stocks_daily, task_id=collect_comments, execution_date=20250406T000000, start_date=20250406T040406, end_date=20250406T040409
[2025-04-06T04:04:09.147+0000] {local_task_job_runner.py:234} INFO - Task exited with return code 0
[2025-04-06T04:04:09.163+0000] {taskinstance.py:3280} INFO - 0 downstream tasks scheduled from follow-on schedule check
[2025-04-06T04:15:39.189+0000] {taskinstance.py:1956} INFO - Dependencies all met for dep_context=non-requeueable deps ti=<TaskInstance: youtube_comment_pipeline_us_stocks_daily.collect_comments manual__2025-04-06T00:00:00+00:00 [queued]>
[2025-04-06T04:15:39.193+0000] {taskinstance.py:1956} INFO - Dependencies all met for dep_context=requeueable deps ti=<TaskInstance: youtube_comment_pipeline_us_stocks_daily.collect_comments manual__2025-04-06T00:00:00+00:00 [queued]>
[2025-04-06T04:15:39.193+0000] {taskinstance.py:2170} INFO - Starting attempt 1 of 1
[2025-04-06T04:15:39.197+0000] {taskinstance.py:2191} INFO - Executing <Task(PythonOperator): collect_comments> on 2025-04-06 00:00:00+00:00
[2025-04-06T04:15:39.200+0000] {standard_task_runner.py:60} INFO - Started process 990 to run task
[2025-04-06T04:15:39.201+0000] {standard_task_runner.py:87} INFO - Running: ['***', 'tasks', 'run', 'youtube_comment_pipeline_us_stocks_daily', 'collect_comments', 'manual__2025-04-06T00:00:00+00:00', '--job-id', '68', '--raw', '--subdir', 'DAGS_FOLDER/youtube_comment_pipeline.py', '--cfg-path', '/tmp/tmpmwwhaxw9']
[2025-04-06T04:15:39.202+0000] {standard_task_runner.py:88} INFO - Job 68: Subtask collect_comments
[2025-04-06T04:15:39.221+0000] {task_command.py:423} INFO - Running <TaskInstance: youtube_comment_pipeline_us_stocks_daily.collect_comments manual__2025-04-06T00:00:00+00:00 [running]> on host 04d9bebcd372
[2025-04-06T04:15:39.250+0000] {taskinstance.py:2480} INFO - Exporting env vars: AIRFLOW_CTX_DAG_OWNER='***' AIRFLOW_CTX_DAG_ID='youtube_comment_pipeline_us_stocks_daily' AIRFLOW_CTX_TASK_ID='collect_comments' AIRFLOW_CTX_EXECUTION_DATE='2025-04-06T00:00:00+00:00' AIRFLOW_CTX_TRY_NUMBER='1' AIRFLOW_CTX_DAG_RUN_ID='manual__2025-04-06T00:00:00+00:00'
[2025-04-06T04:15:41.707+0000] {logging_mixin.py:188} INFO - ✅ Collected 90 comments.
[2025-04-06T04:15:41.708+0000] {python.py:201} INFO - Done. Returned value was: None
[2025-04-06T04:15:41.713+0000] {taskinstance.py:1138} INFO - Marking task as SUCCESS. dag_id=youtube_comment_pipeline_us_stocks_daily, task_id=collect_comments, execution_date=20250406T000000, start_date=20250406T041539, end_date=20250406T041541
[2025-04-06T04:15:41.727+0000] {local_task_job_runner.py:234} INFO - Task exited with return code 0
[2025-04-06T04:15:41.737+0000] {taskinstance.py:3280} INFO - 0 downstream tasks scheduled from follow-on schedule check
[2025-04-06T04:17:39.237+0000] {taskinstance.py:1956} INFO - Dependencies all met for dep_context=non-requeueable deps ti=<TaskInstance: youtube_comment_pipeline_us_stocks_daily.collect_comments manual__2025-04-06T00:00:00+00:00 [queued]>
[2025-04-06T04:17:39.245+0000] {taskinstance.py:1956} INFO - Dependencies all met for dep_context=requeueable deps ti=<TaskInstance: youtube_comment_pipeline_us_stocks_daily.collect_comments manual__2025-04-06T00:00:00+00:00 [queued]>
[2025-04-06T04:17:39.245+0000] {taskinstance.py:2170} INFO - Starting attempt 1 of 1
[2025-04-06T04:17:39.253+0000] {taskinstance.py:2191} INFO - Executing <Task(PythonOperator): collect_comments> on 2025-04-06 00:00:00+00:00
[2025-04-06T04:17:39.255+0000] {standard_task_runner.py:60} INFO - Started process 1078 to run task
[2025-04-06T04:17:39.257+0000] {standard_task_runner.py:87} INFO - Running: ['***', 'tasks', 'run', 'youtube_comment_pipeline_us_stocks_daily', 'collect_comments', 'manual__2025-04-06T00:00:00+00:00', '--job-id', '73', '--raw', '--subdir', 'DAGS_FOLDER/youtube_comment_pipeline.py', '--cfg-path', '/tmp/tmp5vamoln8']
[2025-04-06T04:17:39.258+0000] {standard_task_runner.py:88} INFO - Job 73: Subtask collect_comments
[2025-04-06T04:17:39.277+0000] {task_command.py:423} INFO - Running <TaskInstance: youtube_comment_pipeline_us_stocks_daily.collect_comments manual__2025-04-06T00:00:00+00:00 [running]> on host 04d9bebcd372
[2025-04-06T04:17:39.305+0000] {taskinstance.py:2480} INFO - Exporting env vars: AIRFLOW_CTX_DAG_OWNER='***' AIRFLOW_CTX_DAG_ID='youtube_comment_pipeline_us_stocks_daily' AIRFLOW_CTX_TASK_ID='collect_comments' AIRFLOW_CTX_EXECUTION_DATE='2025-04-06T00:00:00+00:00' AIRFLOW_CTX_TRY_NUMBER='1' AIRFLOW_CTX_DAG_RUN_ID='manual__2025-04-06T00:00:00+00:00'
[2025-04-06T04:17:41.738+0000] {logging_mixin.py:188} INFO - ✅ Collected 90 comments.
[2025-04-06T04:17:41.738+0000] {python.py:201} INFO - Done. Returned value was: None
[2025-04-06T04:17:41.744+0000] {taskinstance.py:1138} INFO - Marking task as SUCCESS. dag_id=youtube_comment_pipeline_us_stocks_daily, task_id=collect_comments, execution_date=20250406T000000, start_date=20250406T041739, end_date=20250406T041741
[2025-04-06T04:17:41.777+0000] {local_task_job_runner.py:234} INFO - Task exited with return code 0
[2025-04-06T04:17:41.788+0000] {taskinstance.py:3280} INFO - 0 downstream tasks scheduled from follow-on schedule check
[2025-04-06T04:23:54.603+0000] {taskinstance.py:1956} INFO - Dependencies all met for dep_context=non-requeueable deps ti=<TaskInstance: youtube_comment_pipeline_us_stocks_daily.collect_comments manual__2025-04-06T00:00:00+00:00 [queued]>
[2025-04-06T04:23:54.608+0000] {taskinstance.py:1956} INFO - Dependencies all met for dep_context=requeueable deps ti=<TaskInstance: youtube_comment_pipeline_us_stocks_daily.collect_comments manual__2025-04-06T00:00:00+00:00 [queued]>
[2025-04-06T04:23:54.608+0000] {taskinstance.py:2170} INFO - Starting attempt 1 of 1
[2025-04-06T04:23:54.613+0000] {taskinstance.py:2191} INFO - Executing <Task(PythonOperator): collect_comments> on 2025-04-06 00:00:00+00:00
[2025-04-06T04:23:54.616+0000] {standard_task_runner.py:60} INFO - Started process 1349 to run task
[2025-04-06T04:23:54.617+0000] {standard_task_runner.py:87} INFO - Running: ['***', 'tasks', 'run', 'youtube_comment_pipeline_us_stocks_daily', 'collect_comments', 'manual__2025-04-06T00:00:00+00:00', '--job-id', '76', '--raw', '--subdir', 'DAGS_FOLDER/youtube_comment_pipeline.py', '--cfg-path', '/tmp/tmpvw91s528']
[2025-04-06T04:23:54.618+0000] {standard_task_runner.py:88} INFO - Job 76: Subtask collect_comments
[2025-04-06T04:23:54.637+0000] {task_command.py:423} INFO - Running <TaskInstance: youtube_comment_pipeline_us_stocks_daily.collect_comments manual__2025-04-06T00:00:00+00:00 [running]> on host 04d9bebcd372
[2025-04-06T04:23:54.668+0000] {taskinstance.py:2480} INFO - Exporting env vars: AIRFLOW_CTX_DAG_OWNER='***' AIRFLOW_CTX_DAG_ID='youtube_comment_pipeline_us_stocks_daily' AIRFLOW_CTX_TASK_ID='collect_comments' AIRFLOW_CTX_EXECUTION_DATE='2025-04-06T00:00:00+00:00' AIRFLOW_CTX_TRY_NUMBER='1' AIRFLOW_CTX_DAG_RUN_ID='manual__2025-04-06T00:00:00+00:00'
[2025-04-06T04:24:34.529+0000] {logging_mixin.py:188} INFO - ✅ Collected 4610 comments.
[2025-04-06T04:24:34.531+0000] {python.py:201} INFO - Done. Returned value was: None
[2025-04-06T04:24:34.535+0000] {taskinstance.py:1138} INFO - Marking task as SUCCESS. dag_id=youtube_comment_pipeline_us_stocks_daily, task_id=collect_comments, execution_date=20250406T000000, start_date=20250406T042354, end_date=20250406T042434
[2025-04-06T04:24:34.573+0000] {local_task_job_runner.py:234} INFO - Task exited with return code 0
[2025-04-06T04:24:34.584+0000] {taskinstance.py:3280} INFO - 1 downstream tasks scheduled from follow-on schedule check
