[2025-04-12T14:24:22.018+0000] {taskinstance.py:1956} INFO - Dependencies all met for dep_context=non-requeueable deps ti=<TaskInstance: weekly_comment_analysis_pipeline.run_bertopic manual__2025-04-12T14:22:31.796470+00:00 [queued]>
[2025-04-12T14:24:22.030+0000] {taskinstance.py:1956} INFO - Dependencies all met for dep_context=requeueable deps ti=<TaskInstance: weekly_comment_analysis_pipeline.run_bertopic manual__2025-04-12T14:22:31.796470+00:00 [queued]>
[2025-04-12T14:24:22.031+0000] {taskinstance.py:2170} INFO - Starting attempt 1 of 1
[2025-04-12T14:24:22.050+0000] {taskinstance.py:2191} INFO - Executing <Task(PythonOperator): run_bertopic> on 2025-04-12 14:22:31.796470+00:00
[2025-04-12T14:24:22.067+0000] {standard_task_runner.py:60} INFO - Started process 94180 to run task
[2025-04-12T14:24:22.075+0000] {standard_task_runner.py:87} INFO - Running: ['***', 'tasks', 'run', 'weekly_comment_analysis_pipeline', 'run_bertopic', 'manual__2025-04-12T14:22:31.796470+00:00', '--job-id', '248', '--raw', '--subdir', 'DAGS_FOLDER/Sentiment_Topicmodelling.py', '--cfg-path', '/tmp/tmp3mxs2riq']
[2025-04-12T14:24:22.080+0000] {standard_task_runner.py:88} INFO - Job 248: Subtask run_bertopic
[2025-04-12T14:24:22.157+0000] {task_command.py:423} INFO - Running <TaskInstance: weekly_comment_analysis_pipeline.run_bertopic manual__2025-04-12T14:22:31.796470+00:00 [running]> on host 09c1abf4dbfb
[2025-04-12T14:24:22.365+0000] {taskinstance.py:2480} INFO - Exporting env vars: AIRFLOW_CTX_DAG_OWNER='***' AIRFLOW_CTX_DAG_ID='weekly_comment_analysis_pipeline' AIRFLOW_CTX_TASK_ID='run_bertopic' AIRFLOW_CTX_EXECUTION_DATE='2025-04-12T14:22:31.796470+00:00' AIRFLOW_CTX_TRY_NUMBER='1' AIRFLOW_CTX_DAG_RUN_ID='manual__2025-04-12T14:22:31.796470+00:00'
[2025-04-12T14:24:22.460+0000] {SentenceTransformer.py:208} INFO - Use pytorch device_name: cpu
[2025-04-12T14:24:22.461+0000] {SentenceTransformer.py:216} INFO - Load pretrained SentenceTransformer: sentence-transformers/all-MiniLM-L6-v2
[2025-04-12T14:26:49.399+0000] {local_task_job_runner.py:121} ERROR - Received SIGTERM. Terminating subprocesses
[2025-04-12T14:26:49.423+0000] {process_utils.py:131} INFO - Sending 15 to group 94180. PIDs of all processes in the group: [94180]
[2025-04-12T14:26:49.424+0000] {process_utils.py:86} INFO - Sending the signal 15 to group 94180
[2025-04-12T14:26:49.444+0000] {taskinstance.py:2450} ERROR - Received SIGTERM. Terminating subprocesses.
[2025-04-12T14:26:49.554+0000] {taskinstance.py:2698} ERROR - Task failed with exception
Traceback (most recent call last):
  File "/home/airflow/.local/lib/python3.8/site-packages/airflow/models/taskinstance.py", line 433, in _execute_task
    result = execute_callable(context=context, **execute_callable_kwargs)
  File "/home/airflow/.local/lib/python3.8/site-packages/airflow/operators/python.py", line 199, in execute
    return_value = self.execute_callable()
  File "/home/airflow/.local/lib/python3.8/site-packages/airflow/operators/python.py", line 216, in execute_callable
    return self.python_callable(*self.op_args, **self.op_kwargs)
  File "/opt/airflow/dags/Sentiment_Topicmodelling.py", line 87, in run_bertopic
    topics, _ = topic_model.fit_transform(texts)
  File "/home/airflow/.local/lib/python3.8/site-packages/bertopic/_bertopic.py", line 431, in fit_transform
    embeddings = self._extract_embeddings(
  File "/home/airflow/.local/lib/python3.8/site-packages/bertopic/_bertopic.py", line 3677, in _extract_embeddings
    embeddings = self.embedding_model.embed_documents(documents, verbose=verbose)
  File "/home/airflow/.local/lib/python3.8/site-packages/bertopic/backend/_base.py", line 62, in embed_documents
    return self.embed(document, verbose)
  File "/home/airflow/.local/lib/python3.8/site-packages/bertopic/backend/_sentencetransformers.py", line 65, in embed
    embeddings = self.embedding_model.encode(documents, show_progress_bar=verbose)
  File "/home/airflow/.local/lib/python3.8/site-packages/sentence_transformers/SentenceTransformer.py", line 621, in encode
    out_features = self.forward(features, **kwargs)
  File "/home/airflow/.local/lib/python3.8/site-packages/sentence_transformers/SentenceTransformer.py", line 688, in forward
    input = module(input, **module_kwargs)
  File "/home/airflow/.local/lib/python3.8/site-packages/torch/nn/modules/module.py", line 1553, in _wrapped_call_impl
    return self._call_impl(*args, **kwargs)
  File "/home/airflow/.local/lib/python3.8/site-packages/torch/nn/modules/module.py", line 1562, in _call_impl
    return forward_call(*args, **kwargs)
  File "/home/airflow/.local/lib/python3.8/site-packages/sentence_transformers/models/Transformer.py", line 350, in forward
    output_states = self.auto_model(**trans_features, **kwargs, return_dict=False)
  File "/home/airflow/.local/lib/python3.8/site-packages/torch/nn/modules/module.py", line 1553, in _wrapped_call_impl
    return self._call_impl(*args, **kwargs)
  File "/home/airflow/.local/lib/python3.8/site-packages/torch/nn/modules/module.py", line 1562, in _call_impl
    return forward_call(*args, **kwargs)
  File "/home/airflow/.local/lib/python3.8/site-packages/transformers/models/bert/modeling_bert.py", line 1142, in forward
    encoder_outputs = self.encoder(
  File "/home/airflow/.local/lib/python3.8/site-packages/torch/nn/modules/module.py", line 1553, in _wrapped_call_impl
    return self._call_impl(*args, **kwargs)
  File "/home/airflow/.local/lib/python3.8/site-packages/torch/nn/modules/module.py", line 1562, in _call_impl
    return forward_call(*args, **kwargs)
  File "/home/airflow/.local/lib/python3.8/site-packages/transformers/models/bert/modeling_bert.py", line 695, in forward
    layer_outputs = layer_module(
  File "/home/airflow/.local/lib/python3.8/site-packages/torch/nn/modules/module.py", line 1553, in _wrapped_call_impl
    return self._call_impl(*args, **kwargs)
  File "/home/airflow/.local/lib/python3.8/site-packages/torch/nn/modules/module.py", line 1562, in _call_impl
    return forward_call(*args, **kwargs)
  File "/home/airflow/.local/lib/python3.8/site-packages/transformers/models/bert/modeling_bert.py", line 627, in forward
    layer_output = apply_chunking_to_forward(
  File "/home/airflow/.local/lib/python3.8/site-packages/transformers/pytorch_utils.py", line 248, in apply_chunking_to_forward
    return forward_fn(*input_tensors)
  File "/home/airflow/.local/lib/python3.8/site-packages/transformers/models/bert/modeling_bert.py", line 639, in feed_forward_chunk
    intermediate_output = self.intermediate(attention_output)
  File "/home/airflow/.local/lib/python3.8/site-packages/torch/nn/modules/module.py", line 1553, in _wrapped_call_impl
    return self._call_impl(*args, **kwargs)
  File "/home/airflow/.local/lib/python3.8/site-packages/torch/nn/modules/module.py", line 1562, in _call_impl
    return forward_call(*args, **kwargs)
  File "/home/airflow/.local/lib/python3.8/site-packages/transformers/models/bert/modeling_bert.py", line 539, in forward
    hidden_states = self.dense(hidden_states)
  File "/home/airflow/.local/lib/python3.8/site-packages/torch/nn/modules/module.py", line 1553, in _wrapped_call_impl
    return self._call_impl(*args, **kwargs)
  File "/home/airflow/.local/lib/python3.8/site-packages/torch/nn/modules/module.py", line 1562, in _call_impl
    return forward_call(*args, **kwargs)
  File "/home/airflow/.local/lib/python3.8/site-packages/torch/nn/modules/linear.py", line 117, in forward
    return F.linear(input, self.weight, self.bias)
  File "/home/airflow/.local/lib/python3.8/site-packages/airflow/models/taskinstance.py", line 2452, in signal_handler
    raise AirflowException("Task received SIGTERM signal")
airflow.exceptions.AirflowException: Task received SIGTERM signal
[2025-04-12T14:26:49.633+0000] {taskinstance.py:1138} INFO - Marking task as FAILED. dag_id=weekly_comment_analysis_pipeline, task_id=run_bertopic, execution_date=20250412T142231, start_date=20250412T142422, end_date=20250412T142649
[2025-04-12T14:26:49.709+0000] {standard_task_runner.py:107} ERROR - Failed to execute job 248 for task run_bertopic (Task received SIGTERM signal; 94180)
[2025-04-12T14:26:49.781+0000] {process_utils.py:79} INFO - Process psutil.Process(pid=94180, status='terminated', exitcode=1, started='14:24:21') (94180) terminated with exit code 1
[2025-04-12T14:26:49.783+0000] {local_task_job_runner.py:234} INFO - Task exited with return code 143
[2025-04-12T14:26:49.826+0000] {taskinstance.py:3280} INFO - 0 downstream tasks scheduled from follow-on schedule check
