[2025-04-06T03:24:32.288+0000] {taskinstance.py:1956} INFO - Dependencies all met for dep_context=non-requeueable deps ti=<TaskInstance: youtube_comment_pipeline_us_stocks_daily.select_top_videos scheduled__2025-04-05T00:00:00+00:00 [queued]>
[2025-04-06T03:24:32.291+0000] {taskinstance.py:1956} INFO - Dependencies all met for dep_context=requeueable deps ti=<TaskInstance: youtube_comment_pipeline_us_stocks_daily.select_top_videos scheduled__2025-04-05T00:00:00+00:00 [queued]>
[2025-04-06T03:24:32.291+0000] {taskinstance.py:2170} INFO - Starting attempt 1 of 1
[2025-04-06T03:24:32.295+0000] {taskinstance.py:2191} INFO - Executing <Task(PythonOperator): select_top_videos> on 2025-04-05 00:00:00+00:00
[2025-04-06T03:24:32.297+0000] {standard_task_runner.py:60} INFO - Started process 2780 to run task
[2025-04-06T03:24:32.299+0000] {standard_task_runner.py:87} INFO - Running: ['***', 'tasks', 'run', 'youtube_comment_pipeline_us_stocks_daily', 'select_top_videos', 'scheduled__2025-04-05T00:00:00+00:00', '--job-id', '49', '--raw', '--subdir', 'DAGS_FOLDER/youtube_comment_pipeline.py', '--cfg-path', '/tmp/tmp1ar6bkba']
[2025-04-06T03:24:32.300+0000] {standard_task_runner.py:88} INFO - Job 49: Subtask select_top_videos
[2025-04-06T03:24:32.320+0000] {task_command.py:423} INFO - Running <TaskInstance: youtube_comment_pipeline_us_stocks_daily.select_top_videos scheduled__2025-04-05T00:00:00+00:00 [running]> on host 04d9bebcd372
[2025-04-06T03:24:32.347+0000] {taskinstance.py:2480} INFO - Exporting env vars: AIRFLOW_CTX_DAG_OWNER='***' AIRFLOW_CTX_DAG_ID='youtube_comment_pipeline_us_stocks_daily' AIRFLOW_CTX_TASK_ID='select_top_videos' AIRFLOW_CTX_EXECUTION_DATE='2025-04-05T00:00:00+00:00' AIRFLOW_CTX_TRY_NUMBER='1' AIRFLOW_CTX_DAG_RUN_ID='scheduled__2025-04-05T00:00:00+00:00'
[2025-04-06T03:24:32.524+0000] {logging_mixin.py:188} INFO - [{'video_id': '0GP5Z7QO1Jc', 'title': "US markets tumble as President Trump says China 'played it wrong' in tariffs retaliation | BBC News", 'views': '1737460'}, {'video_id': 'tl9qHkY_D3s', 'title': "Stocks drop again after China retaliates against Trump's tariffs", 'views': '1567576'}, {'video_id': '8eqWXQzs3HM', 'title': 'It’s Over: Trump Just Broke The Stock Market', 'views': '713599'}, {'video_id': '3DHWkK4fdfY', 'title': "Trump reacts to China's retaliatory tariffs as U.S. stocks continue to slide", 'views': '708963'}, {'video_id': 'iY-IlPjyIDI', 'title': 'Trump Tariffs: Worst Crash for US Stock Markets Since the Pandemic | Vantage with Palki Sharma |N18G', 'views': '344552'}, {'video_id': 'bxxh9V8HbFs', 'title': "Worst week for US stocks since Covid as President Trump's tariffs kick in | BBC News", 'views': '278067'}, {'video_id': 'QHEhB1f2Yig', 'title': 'US stocks slump as China retaliates against Trump tariffs', 'views': '212444'}, {'video_id': 'FvtG0iZgeVE', 'title': 'US stocks fall as China announces retaliatory tariffs', 'views': '136110'}, {'video_id': 'PH9eYgoMK-Q', 'title': 'US Stock Market Wipes Out Over $5 Trillion Amid Tariffs and Growth Scare: Closing Bell Analysis', 'views': '92765'}, {'video_id': 'R0VN3iVBgc8', 'title': "Investors bail out of stocks as Trump's tarffs sparks recession fears | Close of Business | ABC News", 'views': '67034'}]
[2025-04-06T03:24:32.525+0000] {python.py:201} INFO - Done. Returned value was: None
[2025-04-06T03:24:32.530+0000] {taskinstance.py:1138} INFO - Marking task as SUCCESS. dag_id=youtube_comment_pipeline_us_stocks_daily, task_id=select_top_videos, execution_date=20250405T000000, start_date=20250406T032432, end_date=20250406T032432
[2025-04-06T03:24:32.568+0000] {local_task_job_runner.py:234} INFO - Task exited with return code 0
[2025-04-06T03:24:32.582+0000] {taskinstance.py:3280} INFO - 1 downstream tasks scheduled from follow-on schedule check
[2025-04-06T04:04:19.773+0000] {taskinstance.py:1956} INFO - Dependencies all met for dep_context=non-requeueable deps ti=<TaskInstance: youtube_comment_pipeline_us_stocks_daily.select_top_videos scheduled__2025-04-05T00:00:00+00:00 [queued]>
[2025-04-06T04:04:19.776+0000] {taskinstance.py:1956} INFO - Dependencies all met for dep_context=requeueable deps ti=<TaskInstance: youtube_comment_pipeline_us_stocks_daily.select_top_videos scheduled__2025-04-05T00:00:00+00:00 [queued]>
[2025-04-06T04:04:19.776+0000] {taskinstance.py:2170} INFO - Starting attempt 1 of 1
[2025-04-06T04:04:19.780+0000] {taskinstance.py:2191} INFO - Executing <Task(PythonOperator): select_top_videos> on 2025-04-05 00:00:00+00:00
[2025-04-06T04:04:19.782+0000] {standard_task_runner.py:60} INFO - Started process 541 to run task
[2025-04-06T04:04:19.784+0000] {standard_task_runner.py:87} INFO - Running: ['***', 'tasks', 'run', 'youtube_comment_pipeline_us_stocks_daily', 'select_top_videos', 'scheduled__2025-04-05T00:00:00+00:00', '--job-id', '63', '--raw', '--subdir', 'DAGS_FOLDER/youtube_comment_pipeline.py', '--cfg-path', '/tmp/tmpqo6o0a84']
[2025-04-06T04:04:19.784+0000] {standard_task_runner.py:88} INFO - Job 63: Subtask select_top_videos
[2025-04-06T04:04:19.805+0000] {task_command.py:423} INFO - Running <TaskInstance: youtube_comment_pipeline_us_stocks_daily.select_top_videos scheduled__2025-04-05T00:00:00+00:00 [running]> on host 04d9bebcd372
[2025-04-06T04:04:19.830+0000] {taskinstance.py:2480} INFO - Exporting env vars: AIRFLOW_CTX_DAG_OWNER='***' AIRFLOW_CTX_DAG_ID='youtube_comment_pipeline_us_stocks_daily' AIRFLOW_CTX_TASK_ID='select_top_videos' AIRFLOW_CTX_EXECUTION_DATE='2025-04-05T00:00:00+00:00' AIRFLOW_CTX_TRY_NUMBER='1' AIRFLOW_CTX_DAG_RUN_ID='scheduled__2025-04-05T00:00:00+00:00'
[2025-04-06T04:04:20.013+0000] {logging_mixin.py:188} INFO - [{'video_id': '0GP5Z7QO1Jc', 'title': "US markets tumble as President Trump says China 'played it wrong' in tariffs retaliation | BBC News", 'channel': 'BBC News', 'views': '1746070'}, {'video_id': 'tl9qHkY_D3s', 'title': "Stocks drop again after China retaliates against Trump's tariffs", 'channel': 'CNN', 'views': '1569795'}, {'video_id': '3DHWkK4fdfY', 'title': "Trump reacts to China's retaliatory tariffs as U.S. stocks continue to slide", 'channel': 'CBS News', 'views': '711680'}, {'video_id': 'iY-IlPjyIDI', 'title': 'Trump Tariffs: Worst Crash for US Stock Markets Since the Pandemic | Vantage with Palki Sharma |N18G', 'channel': 'Firstpost', 'views': '345717'}, {'video_id': 'bxxh9V8HbFs', 'title': "Worst week for US stocks since Covid as President Trump's tariffs kick in | BBC News", 'channel': 'BBC News', 'views': '280217'}, {'video_id': 'QHEhB1f2Yig', 'title': 'US stocks slump as China retaliates against Trump tariffs', 'channel': 'Channel 4 News', 'views': '212692'}, {'video_id': 'FvtG0iZgeVE', 'title': 'US stocks fall as China announces retaliatory tariffs', 'channel': 'Fox Business', 'views': '136226'}, {'video_id': 'PH9eYgoMK-Q', 'title': 'US Stock Market Wipes Out Over $5 Trillion Amid Tariffs and Growth Scare: Closing Bell Analysis', 'channel': 'Bloomberg Podcasts', 'views': '92901'}, {'video_id': 'ZdzZYhHwtZw', 'title': 'US Stock Market LIVE | US Stock Market Crash | NYSE Stock Market LIVE | Trump Tariffs LIVE | N18G', 'channel': 'CNN-News18', 'views': '79766'}, {'video_id': 'R0VN3iVBgc8', 'title': "Investors bail out of stocks as Trump's tarffs sparks recession fears | Close of Business | ABC News", 'channel': 'ABC News In-depth', 'views': '67557'}]
[2025-04-06T04:04:20.014+0000] {python.py:201} INFO - Done. Returned value was: None
[2025-04-06T04:04:20.019+0000] {taskinstance.py:1138} INFO - Marking task as SUCCESS. dag_id=youtube_comment_pipeline_us_stocks_daily, task_id=select_top_videos, execution_date=20250405T000000, start_date=20250406T040419, end_date=20250406T040420
[2025-04-06T04:04:20.062+0000] {local_task_job_runner.py:234} INFO - Task exited with return code 0
[2025-04-06T04:04:20.077+0000] {taskinstance.py:3280} INFO - 1 downstream tasks scheduled from follow-on schedule check
[2025-04-06T08:55:49.569+0000] {taskinstance.py:1956} INFO - Dependencies all met for dep_context=non-requeueable deps ti=<TaskInstance: youtube_comment_pipeline_us_stocks_daily.select_top_videos scheduled__2025-04-05T00:00:00+00:00 [queued]>
[2025-04-06T08:55:49.572+0000] {taskinstance.py:1956} INFO - Dependencies all met for dep_context=requeueable deps ti=<TaskInstance: youtube_comment_pipeline_us_stocks_daily.select_top_videos scheduled__2025-04-05T00:00:00+00:00 [queued]>
[2025-04-06T08:55:49.573+0000] {taskinstance.py:2170} INFO - Starting attempt 1 of 1
[2025-04-06T08:55:49.577+0000] {taskinstance.py:2191} INFO - Executing <Task(PythonOperator): select_top_videos> on 2025-04-05 00:00:00+00:00
[2025-04-06T08:55:49.580+0000] {standard_task_runner.py:60} INFO - Started process 1850 to run task
[2025-04-06T08:55:49.581+0000] {standard_task_runner.py:87} INFO - Running: ['***', 'tasks', 'run', 'youtube_comment_pipeline_us_stocks_daily', 'select_top_videos', 'scheduled__2025-04-05T00:00:00+00:00', '--job-id', '102', '--raw', '--subdir', 'DAGS_FOLDER/youtube_comment_pipeline.py', '--cfg-path', '/tmp/tmpz6sbqvib']
[2025-04-06T08:55:49.582+0000] {standard_task_runner.py:88} INFO - Job 102: Subtask select_top_videos
[2025-04-06T08:55:49.610+0000] {task_command.py:423} INFO - Running <TaskInstance: youtube_comment_pipeline_us_stocks_daily.select_top_videos scheduled__2025-04-05T00:00:00+00:00 [running]> on host 04d9bebcd372
[2025-04-06T08:55:49.649+0000] {taskinstance.py:2480} INFO - Exporting env vars: AIRFLOW_CTX_DAG_OWNER='***' AIRFLOW_CTX_DAG_ID='youtube_comment_pipeline_us_stocks_daily' AIRFLOW_CTX_TASK_ID='select_top_videos' AIRFLOW_CTX_EXECUTION_DATE='2025-04-05T00:00:00+00:00' AIRFLOW_CTX_TRY_NUMBER='1' AIRFLOW_CTX_DAG_RUN_ID='scheduled__2025-04-05T00:00:00+00:00'
[2025-04-06T08:55:49.857+0000] {python.py:201} INFO - Done. Returned value was: None
[2025-04-06T08:55:49.862+0000] {taskinstance.py:1138} INFO - Marking task as SUCCESS. dag_id=youtube_comment_pipeline_us_stocks_daily, task_id=select_top_videos, execution_date=20250405T000000, start_date=20250406T085549, end_date=20250406T085549
[2025-04-06T08:55:49.886+0000] {local_task_job_runner.py:234} INFO - Task exited with return code 0
[2025-04-06T08:55:49.900+0000] {taskinstance.py:3280} INFO - 1 downstream tasks scheduled from follow-on schedule check
