[2025-04-06T08:55:21.594+0000] {taskinstance.py:1956} INFO - Dependencies all met for dep_context=non-requeueable deps ti=<TaskInstance: youtube_comment_pipeline_us_stocks_daily.search_youtube scheduled__2025-04-04T00:00:00+00:00 [queued]>
[2025-04-06T08:55:21.603+0000] {taskinstance.py:1956} INFO - Dependencies all met for dep_context=requeueable deps ti=<TaskInstance: youtube_comment_pipeline_us_stocks_daily.search_youtube scheduled__2025-04-04T00:00:00+00:00 [queued]>
[2025-04-06T08:55:21.603+0000] {taskinstance.py:2170} INFO - Starting attempt 1 of 1
[2025-04-06T08:55:21.611+0000] {taskinstance.py:2191} INFO - Executing <Task(PythonOperator): search_youtube> on 2025-04-04 00:00:00+00:00
[2025-04-06T08:55:21.614+0000] {standard_task_runner.py:60} INFO - Started process 1800 to run task
[2025-04-06T08:55:21.616+0000] {standard_task_runner.py:87} INFO - Running: ['***', 'tasks', 'run', 'youtube_comment_pipeline_us_stocks_daily', 'search_youtube', 'scheduled__2025-04-04T00:00:00+00:00', '--job-id', '84', '--raw', '--subdir', 'DAGS_FOLDER/youtube_comment_pipeline.py', '--cfg-path', '/tmp/tmp6avt_krp']
[2025-04-06T08:55:21.618+0000] {standard_task_runner.py:88} INFO - Job 84: Subtask search_youtube
[2025-04-06T08:55:21.672+0000] {task_command.py:423} INFO - Running <TaskInstance: youtube_comment_pipeline_us_stocks_daily.search_youtube scheduled__2025-04-04T00:00:00+00:00 [running]> on host 04d9bebcd372
[2025-04-06T08:55:21.724+0000] {taskinstance.py:2480} INFO - Exporting env vars: AIRFLOW_CTX_DAG_OWNER='***' AIRFLOW_CTX_DAG_ID='youtube_comment_pipeline_us_stocks_daily' AIRFLOW_CTX_TASK_ID='search_youtube' AIRFLOW_CTX_EXECUTION_DATE='2025-04-04T00:00:00+00:00' AIRFLOW_CTX_TRY_NUMBER='1' AIRFLOW_CTX_DAG_RUN_ID='scheduled__2025-04-04T00:00:00+00:00'
[2025-04-06T08:55:22.311+0000] {python.py:201} INFO - Done. Returned value was: None
[2025-04-06T08:55:22.318+0000] {taskinstance.py:1138} INFO - Marking task as SUCCESS. dag_id=youtube_comment_pipeline_us_stocks_daily, task_id=search_youtube, execution_date=20250404T000000, start_date=20250406T085521, end_date=20250406T085522
[2025-04-06T08:55:22.351+0000] {local_task_job_runner.py:234} INFO - Task exited with return code 0
[2025-04-06T08:55:22.368+0000] {taskinstance.py:3280} INFO - 1 downstream tasks scheduled from follow-on schedule check
[2025-04-20T02:24:41.920+0000] {taskinstance.py:1956} INFO - Dependencies all met for dep_context=non-requeueable deps ti=<TaskInstance: youtube_comment_pipeline_us_stocks_daily.search_youtube scheduled__2025-04-04T00:00:00+00:00 [queued]>
[2025-04-20T02:24:41.925+0000] {taskinstance.py:1956} INFO - Dependencies all met for dep_context=requeueable deps ti=<TaskInstance: youtube_comment_pipeline_us_stocks_daily.search_youtube scheduled__2025-04-04T00:00:00+00:00 [queued]>
[2025-04-20T02:24:41.925+0000] {taskinstance.py:2170} INFO - Starting attempt 1 of 1
[2025-04-20T02:24:41.930+0000] {taskinstance.py:2191} INFO - Executing <Task(PythonOperator): search_youtube> on 2025-04-04 00:00:00+00:00
[2025-04-20T02:24:41.933+0000] {standard_task_runner.py:60} INFO - Started process 2133 to run task
[2025-04-20T02:24:41.934+0000] {standard_task_runner.py:87} INFO - Running: ['***', 'tasks', 'run', 'youtube_comment_pipeline_us_stocks_daily', 'search_youtube', 'scheduled__2025-04-04T00:00:00+00:00', '--job-id', '516', '--raw', '--subdir', 'DAGS_FOLDER/youtube_comment_pipeline.py', '--cfg-path', '/tmp/tmpt5q1b20r']
[2025-04-20T02:24:41.936+0000] {standard_task_runner.py:88} INFO - Job 516: Subtask search_youtube
[2025-04-20T02:24:41.957+0000] {task_command.py:423} INFO - Running <TaskInstance: youtube_comment_pipeline_us_stocks_daily.search_youtube scheduled__2025-04-04T00:00:00+00:00 [running]> on host 7e480c288e12
[2025-04-20T02:24:41.986+0000] {taskinstance.py:2480} INFO - Exporting env vars: AIRFLOW_CTX_DAG_OWNER='***' AIRFLOW_CTX_DAG_ID='youtube_comment_pipeline_us_stocks_daily' AIRFLOW_CTX_TASK_ID='search_youtube' AIRFLOW_CTX_EXECUTION_DATE='2025-04-04T00:00:00+00:00' AIRFLOW_CTX_TRY_NUMBER='1' AIRFLOW_CTX_DAG_RUN_ID='scheduled__2025-04-04T00:00:00+00:00'
[2025-04-20T02:24:43.042+0000] {python.py:201} INFO - Done. Returned value was: None
[2025-04-20T02:24:43.070+0000] {taskinstance.py:1138} INFO - Marking task as SUCCESS. dag_id=youtube_comment_pipeline_us_stocks_daily, task_id=search_youtube, execution_date=20250404T000000, start_date=20250420T022441, end_date=20250420T022443
[2025-04-20T02:24:43.123+0000] {local_task_job_runner.py:234} INFO - Task exited with return code 0
[2025-04-20T02:24:43.164+0000] {taskinstance.py:3280} INFO - 0 downstream tasks scheduled from follow-on schedule check
