[2025-04-12T12:39:11.782+0000] {taskinstance.py:1956} INFO - Dependencies all met for dep_context=non-requeueable deps ti=<TaskInstance: weekly_comment_analysis_pipeline.fetch_recent_comments manual__2025-04-06T00:00:00+00:00 [queued]>
[2025-04-12T12:39:11.785+0000] {taskinstance.py:1956} INFO - Dependencies all met for dep_context=requeueable deps ti=<TaskInstance: weekly_comment_analysis_pipeline.fetch_recent_comments manual__2025-04-06T00:00:00+00:00 [queued]>
[2025-04-12T12:39:11.786+0000] {taskinstance.py:2170} INFO - Starting attempt 1 of 1
[2025-04-12T12:39:11.791+0000] {taskinstance.py:2191} INFO - Executing <Task(PythonOperator): fetch_recent_comments> on 2025-04-06 00:00:00+00:00
[2025-04-12T12:39:11.797+0000] {standard_task_runner.py:60} INFO - Started process 30637 to run task
[2025-04-12T12:39:11.800+0000] {standard_task_runner.py:87} INFO - Running: ['***', 'tasks', 'run', 'weekly_comment_analysis_pipeline', 'fetch_recent_comments', 'manual__2025-04-06T00:00:00+00:00', '--job-id', '227', '--raw', '--subdir', 'DAGS_FOLDER/Sentiment_Topicmodelling.py', '--cfg-path', '/tmp/tmpjj8favdi']
[2025-04-12T12:39:11.801+0000] {standard_task_runner.py:88} INFO - Job 227: Subtask fetch_recent_comments
[2025-04-12T12:39:11.824+0000] {task_command.py:423} INFO - Running <TaskInstance: weekly_comment_analysis_pipeline.fetch_recent_comments manual__2025-04-06T00:00:00+00:00 [running]> on host 09c1abf4dbfb
[2025-04-12T12:39:11.854+0000] {taskinstance.py:2480} INFO - Exporting env vars: AIRFLOW_CTX_DAG_OWNER='***' AIRFLOW_CTX_DAG_ID='weekly_comment_analysis_pipeline' AIRFLOW_CTX_TASK_ID='fetch_recent_comments' AIRFLOW_CTX_EXECUTION_DATE='2025-04-06T00:00:00+00:00' AIRFLOW_CTX_TRY_NUMBER='1' AIRFLOW_CTX_DAG_RUN_ID='manual__2025-04-06T00:00:00+00:00'
[2025-04-12T12:39:11.857+0000] {logging_mixin.py:188} WARNING - /home/***/.local/lib/python3.8/site-packages/***/utils/context.py:315 AirflowContextDeprecationWarning: Accessing 'execution_date' from the template is deprecated and will be removed in a future version. Please use 'data_interval_start' or 'logical_date' instead.
[2025-04-12T12:39:11.866+0000] {base.py:83} INFO - Using connection ID 'aws_pg' for task execution.
[2025-04-12T12:39:18.028+0000] {python.py:201} INFO - Done. Returned value was: None
[2025-04-12T12:39:18.033+0000] {taskinstance.py:1138} INFO - Marking task as SUCCESS. dag_id=weekly_comment_analysis_pipeline, task_id=fetch_recent_comments, execution_date=20250406T000000, start_date=20250412T123911, end_date=20250412T123918
[2025-04-12T12:39:18.064+0000] {local_task_job_runner.py:234} INFO - Task exited with return code 0
[2025-04-12T12:39:18.076+0000] {taskinstance.py:3280} INFO - 0 downstream tasks scheduled from follow-on schedule check
[2025-04-12T17:46:07.170+0000] {taskinstance.py:1956} INFO - Dependencies all met for dep_context=non-requeueable deps ti=<TaskInstance: weekly_comment_analysis_pipeline.fetch_recent_comments manual__2025-04-06T00:00:00+00:00 [queued]>
[2025-04-12T17:46:07.178+0000] {taskinstance.py:1956} INFO - Dependencies all met for dep_context=requeueable deps ti=<TaskInstance: weekly_comment_analysis_pipeline.fetch_recent_comments manual__2025-04-06T00:00:00+00:00 [queued]>
[2025-04-12T17:46:07.179+0000] {taskinstance.py:2170} INFO - Starting attempt 1 of 1
[2025-04-12T17:46:07.190+0000] {taskinstance.py:2191} INFO - Executing <Task(PythonOperator): fetch_recent_comments> on 2025-04-06 00:00:00+00:00
[2025-04-12T17:46:07.199+0000] {standard_task_runner.py:60} INFO - Started process 79185 to run task
[2025-04-12T17:46:07.203+0000] {standard_task_runner.py:87} INFO - Running: ['***', 'tasks', 'run', 'weekly_comment_analysis_pipeline', 'fetch_recent_comments', 'manual__2025-04-06T00:00:00+00:00', '--job-id', '272', '--raw', '--subdir', 'DAGS_FOLDER/Sentiment_Topicmodelling.py', '--cfg-path', '/tmp/tmpud1kp24m']
[2025-04-12T17:46:07.205+0000] {standard_task_runner.py:88} INFO - Job 272: Subtask fetch_recent_comments
[2025-04-12T17:46:07.248+0000] {task_command.py:423} INFO - Running <TaskInstance: weekly_comment_analysis_pipeline.fetch_recent_comments manual__2025-04-06T00:00:00+00:00 [running]> on host b22c3b1dd6e4
[2025-04-12T17:46:07.330+0000] {taskinstance.py:2480} INFO - Exporting env vars: AIRFLOW_CTX_DAG_OWNER='***' AIRFLOW_CTX_DAG_ID='weekly_comment_analysis_pipeline' AIRFLOW_CTX_TASK_ID='fetch_recent_comments' AIRFLOW_CTX_EXECUTION_DATE='2025-04-06T00:00:00+00:00' AIRFLOW_CTX_TRY_NUMBER='1' AIRFLOW_CTX_DAG_RUN_ID='manual__2025-04-06T00:00:00+00:00'
[2025-04-12T17:46:07.334+0000] {logging_mixin.py:188} WARNING - /home/***/.local/lib/python3.8/site-packages/***/utils/context.py:315 AirflowContextDeprecationWarning: Accessing 'execution_date' from the template is deprecated and will be removed in a future version. Please use 'data_interval_start' or 'logical_date' instead.
[2025-04-12T17:46:07.348+0000] {base.py:83} INFO - Using connection ID 'aws_pg' for task execution.
[2025-04-12T17:46:13.219+0000] {python.py:201} INFO - Done. Returned value was: None
[2025-04-12T17:46:13.226+0000] {taskinstance.py:1138} INFO - Marking task as SUCCESS. dag_id=weekly_comment_analysis_pipeline, task_id=fetch_recent_comments, execution_date=20250406T000000, start_date=20250412T174607, end_date=20250412T174613
[2025-04-12T17:46:13.249+0000] {local_task_job_runner.py:234} INFO - Task exited with return code 0
[2025-04-12T17:46:13.265+0000] {taskinstance.py:3280} INFO - 1 downstream tasks scheduled from follow-on schedule check
[2025-04-12T23:15:15.828+0000] {taskinstance.py:1956} INFO - Dependencies all met for dep_context=non-requeueable deps ti=<TaskInstance: weekly_comment_analysis_pipeline.fetch_recent_comments manual__2025-04-06T00:00:00+00:00 [queued]>
[2025-04-12T23:15:15.831+0000] {taskinstance.py:1956} INFO - Dependencies all met for dep_context=requeueable deps ti=<TaskInstance: weekly_comment_analysis_pipeline.fetch_recent_comments manual__2025-04-06T00:00:00+00:00 [queued]>
[2025-04-12T23:15:15.831+0000] {taskinstance.py:2170} INFO - Starting attempt 1 of 1
[2025-04-12T23:15:15.836+0000] {taskinstance.py:2191} INFO - Executing <Task(PythonOperator): fetch_recent_comments> on 2025-04-06 00:00:00+00:00
[2025-04-12T23:15:15.839+0000] {standard_task_runner.py:60} INFO - Started process 373 to run task
[2025-04-12T23:15:15.840+0000] {standard_task_runner.py:87} INFO - Running: ['***', 'tasks', 'run', 'weekly_comment_analysis_pipeline', 'fetch_recent_comments', 'manual__2025-04-06T00:00:00+00:00', '--job-id', '277', '--raw', '--subdir', 'DAGS_FOLDER/Sentiment_Topicmodelling.py', '--cfg-path', '/tmp/tmpumq2fk72']
[2025-04-12T23:15:15.842+0000] {standard_task_runner.py:88} INFO - Job 277: Subtask fetch_recent_comments
[2025-04-12T23:15:15.865+0000] {task_command.py:423} INFO - Running <TaskInstance: weekly_comment_analysis_pipeline.fetch_recent_comments manual__2025-04-06T00:00:00+00:00 [running]> on host b22c3b1dd6e4
[2025-04-12T23:15:15.897+0000] {taskinstance.py:2480} INFO - Exporting env vars: AIRFLOW_CTX_DAG_OWNER='***' AIRFLOW_CTX_DAG_ID='weekly_comment_analysis_pipeline' AIRFLOW_CTX_TASK_ID='fetch_recent_comments' AIRFLOW_CTX_EXECUTION_DATE='2025-04-06T00:00:00+00:00' AIRFLOW_CTX_TRY_NUMBER='1' AIRFLOW_CTX_DAG_RUN_ID='manual__2025-04-06T00:00:00+00:00'
[2025-04-12T23:15:15.901+0000] {logging_mixin.py:188} WARNING - /home/***/.local/lib/python3.8/site-packages/***/utils/context.py:315 AirflowContextDeprecationWarning: Accessing 'execution_date' from the template is deprecated and will be removed in a future version. Please use 'data_interval_start' or 'logical_date' instead.
[2025-04-12T23:15:15.909+0000] {base.py:83} INFO - Using connection ID 'aws_pg' for task execution.
[2025-04-12T23:15:20.750+0000] {python.py:201} INFO - Done. Returned value was: None
[2025-04-12T23:15:20.754+0000] {taskinstance.py:1138} INFO - Marking task as SUCCESS. dag_id=weekly_comment_analysis_pipeline, task_id=fetch_recent_comments, execution_date=20250406T000000, start_date=20250412T231515, end_date=20250412T231520
[2025-04-12T23:15:20.787+0000] {local_task_job_runner.py:234} INFO - Task exited with return code 0
[2025-04-12T23:15:20.798+0000] {taskinstance.py:3280} INFO - 1 downstream tasks scheduled from follow-on schedule check
