[2025-04-14T04:24:43.662+0000] {taskinstance.py:1956} INFO - Dependencies all met for dep_context=non-requeueable deps ti=<TaskInstance: youtube_comment_pipeline_us_stocks_daily.select_top_videos scheduled__2025-04-12T00:00:00+00:00 [queued]>
[2025-04-14T04:24:43.665+0000] {taskinstance.py:1956} INFO - Dependencies all met for dep_context=requeueable deps ti=<TaskInstance: youtube_comment_pipeline_us_stocks_daily.select_top_videos scheduled__2025-04-12T00:00:00+00:00 [queued]>
[2025-04-14T04:24:43.665+0000] {taskinstance.py:2170} INFO - Starting attempt 2 of 2
[2025-04-14T04:24:43.672+0000] {taskinstance.py:2191} INFO - Executing <Task(PythonOperator): select_top_videos> on 2025-04-12 00:00:00+00:00
[2025-04-14T04:24:43.675+0000] {standard_task_runner.py:60} INFO - Started process 8986 to run task
[2025-04-14T04:24:43.676+0000] {standard_task_runner.py:87} INFO - Running: ['***', 'tasks', 'run', 'youtube_comment_pipeline_us_stocks_daily', 'select_top_videos', 'scheduled__2025-04-12T00:00:00+00:00', '--job-id', '344', '--raw', '--subdir', 'DAGS_FOLDER/youtube_comment_pipeline.py', '--cfg-path', '/tmp/tmpiuw9u7l1']
[2025-04-14T04:24:43.677+0000] {standard_task_runner.py:88} INFO - Job 344: Subtask select_top_videos
[2025-04-14T04:24:43.696+0000] {task_command.py:423} INFO - Running <TaskInstance: youtube_comment_pipeline_us_stocks_daily.select_top_videos scheduled__2025-04-12T00:00:00+00:00 [running]> on host 9d8a82da5923
[2025-04-14T04:24:43.727+0000] {taskinstance.py:2480} INFO - Exporting env vars: AIRFLOW_CTX_DAG_OWNER='***' AIRFLOW_CTX_DAG_ID='youtube_comment_pipeline_us_stocks_daily' AIRFLOW_CTX_TASK_ID='select_top_videos' AIRFLOW_CTX_EXECUTION_DATE='2025-04-12T00:00:00+00:00' AIRFLOW_CTX_TRY_NUMBER='2' AIRFLOW_CTX_DAG_RUN_ID='scheduled__2025-04-12T00:00:00+00:00'
[2025-04-14T04:24:44.103+0000] {python.py:201} INFO - Done. Returned value was: None
[2025-04-14T04:24:44.108+0000] {taskinstance.py:1138} INFO - Marking task as SUCCESS. dag_id=youtube_comment_pipeline_us_stocks_daily, task_id=select_top_videos, execution_date=20250412T000000, start_date=20250414T042443, end_date=20250414T042444
[2025-04-14T04:24:44.146+0000] {local_task_job_runner.py:234} INFO - Task exited with return code 0
[2025-04-14T04:24:44.157+0000] {taskinstance.py:3280} INFO - 1 downstream tasks scheduled from follow-on schedule check
[2025-04-20T02:46:11.614+0000] {taskinstance.py:1956} INFO - Dependencies all met for dep_context=non-requeueable deps ti=<TaskInstance: youtube_comment_pipeline_us_stocks_daily.select_top_videos scheduled__2025-04-12T00:00:00+00:00 [queued]>
[2025-04-20T02:46:11.617+0000] {taskinstance.py:1956} INFO - Dependencies all met for dep_context=requeueable deps ti=<TaskInstance: youtube_comment_pipeline_us_stocks_daily.select_top_videos scheduled__2025-04-12T00:00:00+00:00 [queued]>
[2025-04-20T02:46:11.617+0000] {taskinstance.py:2170} INFO - Starting attempt 2 of 2
[2025-04-20T02:46:11.622+0000] {taskinstance.py:2191} INFO - Executing <Task(PythonOperator): select_top_videos> on 2025-04-12 00:00:00+00:00
[2025-04-20T02:46:11.626+0000] {standard_task_runner.py:60} INFO - Started process 3370 to run task
[2025-04-20T02:46:11.627+0000] {standard_task_runner.py:87} INFO - Running: ['***', 'tasks', 'run', 'youtube_comment_pipeline_us_stocks_daily', 'select_top_videos', 'scheduled__2025-04-12T00:00:00+00:00', '--job-id', '671', '--raw', '--subdir', 'DAGS_FOLDER/youtube_comment_pipeline.py', '--cfg-path', '/tmp/tmpfnpookz6']
[2025-04-20T02:46:11.629+0000] {standard_task_runner.py:88} INFO - Job 671: Subtask select_top_videos
[2025-04-20T02:46:11.654+0000] {task_command.py:423} INFO - Running <TaskInstance: youtube_comment_pipeline_us_stocks_daily.select_top_videos scheduled__2025-04-12T00:00:00+00:00 [running]> on host 7e480c288e12
[2025-04-20T02:46:11.693+0000] {taskinstance.py:2480} INFO - Exporting env vars: AIRFLOW_CTX_DAG_OWNER='***' AIRFLOW_CTX_DAG_ID='youtube_comment_pipeline_us_stocks_daily' AIRFLOW_CTX_TASK_ID='select_top_videos' AIRFLOW_CTX_EXECUTION_DATE='2025-04-12T00:00:00+00:00' AIRFLOW_CTX_TRY_NUMBER='2' AIRFLOW_CTX_DAG_RUN_ID='scheduled__2025-04-12T00:00:00+00:00'
[2025-04-20T02:46:11.835+0000] {python.py:201} INFO - Done. Returned value was: None
[2025-04-20T02:46:11.839+0000] {taskinstance.py:1138} INFO - Marking task as SUCCESS. dag_id=youtube_comment_pipeline_us_stocks_daily, task_id=select_top_videos, execution_date=20250412T000000, start_date=20250420T024611, end_date=20250420T024611
[2025-04-20T02:46:11.852+0000] {local_task_job_runner.py:234} INFO - Task exited with return code 0
[2025-04-20T02:46:11.863+0000] {taskinstance.py:3280} INFO - 1 downstream tasks scheduled from follow-on schedule check
