[2025-04-13T00:00:28.476+0000] {taskinstance.py:1956} INFO - Dependencies all met for dep_context=non-requeueable deps ti=<TaskInstance: youtube_comment_pipeline_us_stocks_daily.select_top_videos scheduled__2025-04-12T00:00:00+00:00 [queued]>
[2025-04-13T00:00:28.481+0000] {taskinstance.py:1956} INFO - Dependencies all met for dep_context=requeueable deps ti=<TaskInstance: youtube_comment_pipeline_us_stocks_daily.select_top_videos scheduled__2025-04-12T00:00:00+00:00 [queued]>
[2025-04-13T00:00:28.481+0000] {taskinstance.py:2170} INFO - Starting attempt 1 of 1
[2025-04-13T00:00:28.488+0000] {taskinstance.py:2191} INFO - Executing <Task(PythonOperator): select_top_videos> on 2025-04-12 00:00:00+00:00
[2025-04-13T00:00:28.492+0000] {standard_task_runner.py:60} INFO - Started process 364 to run task
[2025-04-13T00:00:28.495+0000] {standard_task_runner.py:87} INFO - Running: ['***', 'tasks', 'run', 'youtube_comment_pipeline_us_stocks_daily', 'select_top_videos', 'scheduled__2025-04-12T00:00:00+00:00', '--job-id', '286', '--raw', '--subdir', 'DAGS_FOLDER/youtube_comment_pipeline.py', '--cfg-path', '/tmp/tmp7cixraaq']
[2025-04-13T00:00:28.496+0000] {standard_task_runner.py:88} INFO - Job 286: Subtask select_top_videos
[2025-04-13T00:00:28.538+0000] {task_command.py:423} INFO - Running <TaskInstance: youtube_comment_pipeline_us_stocks_daily.select_top_videos scheduled__2025-04-12T00:00:00+00:00 [running]> on host 61c0c751e7f9
[2025-04-13T00:00:28.594+0000] {taskinstance.py:2480} INFO - Exporting env vars: AIRFLOW_CTX_DAG_OWNER='***' AIRFLOW_CTX_DAG_ID='youtube_comment_pipeline_us_stocks_daily' AIRFLOW_CTX_TASK_ID='select_top_videos' AIRFLOW_CTX_EXECUTION_DATE='2025-04-12T00:00:00+00:00' AIRFLOW_CTX_TRY_NUMBER='1' AIRFLOW_CTX_DAG_RUN_ID='scheduled__2025-04-12T00:00:00+00:00'
[2025-04-13T00:00:28.863+0000] {python.py:201} INFO - Done. Returned value was: None
[2025-04-13T00:00:28.870+0000] {taskinstance.py:1138} INFO - Marking task as SUCCESS. dag_id=youtube_comment_pipeline_us_stocks_daily, task_id=select_top_videos, execution_date=20250412T000000, start_date=20250413T000028, end_date=20250413T000028
[2025-04-13T00:00:28.925+0000] {local_task_job_runner.py:234} INFO - Task exited with return code 0
[2025-04-13T00:00:28.946+0000] {taskinstance.py:3280} INFO - 1 downstream tasks scheduled from follow-on schedule check
[2025-04-20T02:24:58.770+0000] {taskinstance.py:1956} INFO - Dependencies all met for dep_context=non-requeueable deps ti=<TaskInstance: youtube_comment_pipeline_us_stocks_daily.select_top_videos scheduled__2025-04-12T00:00:00+00:00 [queued]>
[2025-04-20T02:24:58.775+0000] {taskinstance.py:1956} INFO - Dependencies all met for dep_context=requeueable deps ti=<TaskInstance: youtube_comment_pipeline_us_stocks_daily.select_top_videos scheduled__2025-04-12T00:00:00+00:00 [queued]>
[2025-04-20T02:24:58.775+0000] {taskinstance.py:2170} INFO - Starting attempt 1 of 1
[2025-04-20T02:24:58.782+0000] {taskinstance.py:2191} INFO - Executing <Task(PythonOperator): select_top_videos> on 2025-04-12 00:00:00+00:00
[2025-04-20T02:24:58.785+0000] {standard_task_runner.py:60} INFO - Started process 2234 to run task
[2025-04-20T02:24:58.786+0000] {standard_task_runner.py:87} INFO - Running: ['***', 'tasks', 'run', 'youtube_comment_pipeline_us_stocks_daily', 'select_top_videos', 'scheduled__2025-04-12T00:00:00+00:00', '--job-id', '564', '--raw', '--subdir', 'DAGS_FOLDER/youtube_comment_pipeline.py', '--cfg-path', '/tmp/tmpu54ps9f3']
[2025-04-20T02:24:58.787+0000] {standard_task_runner.py:88} INFO - Job 564: Subtask select_top_videos
[2025-04-20T02:24:58.811+0000] {task_command.py:423} INFO - Running <TaskInstance: youtube_comment_pipeline_us_stocks_daily.select_top_videos scheduled__2025-04-12T00:00:00+00:00 [running]> on host 7e480c288e12
[2025-04-20T02:24:58.846+0000] {taskinstance.py:2480} INFO - Exporting env vars: AIRFLOW_CTX_DAG_OWNER='***' AIRFLOW_CTX_DAG_ID='youtube_comment_pipeline_us_stocks_daily' AIRFLOW_CTX_TASK_ID='select_top_videos' AIRFLOW_CTX_EXECUTION_DATE='2025-04-12T00:00:00+00:00' AIRFLOW_CTX_TRY_NUMBER='1' AIRFLOW_CTX_DAG_RUN_ID='scheduled__2025-04-12T00:00:00+00:00'
[2025-04-20T02:24:59.011+0000] {python.py:201} INFO - Done. Returned value was: None
[2025-04-20T02:24:59.016+0000] {taskinstance.py:1138} INFO - Marking task as SUCCESS. dag_id=youtube_comment_pipeline_us_stocks_daily, task_id=select_top_videos, execution_date=20250412T000000, start_date=20250420T022458, end_date=20250420T022459
[2025-04-20T02:24:59.047+0000] {local_task_job_runner.py:234} INFO - Task exited with return code 0
[2025-04-20T02:24:59.058+0000] {taskinstance.py:3280} INFO - 1 downstream tasks scheduled from follow-on schedule check
