[2025-04-12T02:05:47.462+0000] {taskinstance.py:1956} INFO - Dependencies all met for dep_context=non-requeueable deps ti=<TaskInstance: youtube_comment_pipeline_us_stocks_daily.select_top_videos scheduled__2025-04-09T00:00:00+00:00 [queued]>
[2025-04-12T02:05:47.464+0000] {taskinstance.py:1956} INFO - Dependencies all met for dep_context=requeueable deps ti=<TaskInstance: youtube_comment_pipeline_us_stocks_daily.select_top_videos scheduled__2025-04-09T00:00:00+00:00 [queued]>
[2025-04-12T02:05:47.465+0000] {taskinstance.py:2170} INFO - Starting attempt 1 of 1
[2025-04-12T02:05:47.469+0000] {taskinstance.py:2191} INFO - Executing <Task(PythonOperator): select_top_videos> on 2025-04-09 00:00:00+00:00
[2025-04-12T02:05:47.471+0000] {standard_task_runner.py:60} INFO - Started process 229 to run task
[2025-04-12T02:05:47.472+0000] {standard_task_runner.py:87} INFO - Running: ['***', 'tasks', 'run', 'youtube_comment_pipeline_us_stocks_daily', 'select_top_videos', 'scheduled__2025-04-09T00:00:00+00:00', '--job-id', '188', '--raw', '--subdir', 'DAGS_FOLDER/youtube_comment_pipeline.py', '--cfg-path', '/tmp/tmpn2tqj_la']
[2025-04-12T02:05:47.473+0000] {standard_task_runner.py:88} INFO - Job 188: Subtask select_top_videos
[2025-04-12T02:05:47.492+0000] {task_command.py:423} INFO - Running <TaskInstance: youtube_comment_pipeline_us_stocks_daily.select_top_videos scheduled__2025-04-09T00:00:00+00:00 [running]> on host 6ca683c63410
[2025-04-12T02:05:47.524+0000] {taskinstance.py:2480} INFO - Exporting env vars: AIRFLOW_CTX_DAG_OWNER='***' AIRFLOW_CTX_DAG_ID='youtube_comment_pipeline_us_stocks_daily' AIRFLOW_CTX_TASK_ID='select_top_videos' AIRFLOW_CTX_EXECUTION_DATE='2025-04-09T00:00:00+00:00' AIRFLOW_CTX_TRY_NUMBER='1' AIRFLOW_CTX_DAG_RUN_ID='scheduled__2025-04-09T00:00:00+00:00'
[2025-04-12T02:05:48.153+0000] {python.py:201} INFO - Done. Returned value was: None
[2025-04-12T02:05:48.162+0000] {taskinstance.py:1138} INFO - Marking task as SUCCESS. dag_id=youtube_comment_pipeline_us_stocks_daily, task_id=select_top_videos, execution_date=20250409T000000, start_date=20250412T020547, end_date=20250412T020548
[2025-04-12T02:05:48.200+0000] {local_task_job_runner.py:234} INFO - Task exited with return code 0
[2025-04-12T02:05:48.218+0000] {taskinstance.py:3280} INFO - 1 downstream tasks scheduled from follow-on schedule check
[2025-04-20T02:24:57.103+0000] {taskinstance.py:1956} INFO - Dependencies all met for dep_context=non-requeueable deps ti=<TaskInstance: youtube_comment_pipeline_us_stocks_daily.select_top_videos scheduled__2025-04-09T00:00:00+00:00 [queued]>
[2025-04-20T02:24:57.113+0000] {taskinstance.py:1956} INFO - Dependencies all met for dep_context=requeueable deps ti=<TaskInstance: youtube_comment_pipeline_us_stocks_daily.select_top_videos scheduled__2025-04-09T00:00:00+00:00 [queued]>
[2025-04-20T02:24:57.114+0000] {taskinstance.py:2170} INFO - Starting attempt 1 of 1
[2025-04-20T02:24:57.123+0000] {taskinstance.py:2191} INFO - Executing <Task(PythonOperator): select_top_videos> on 2025-04-09 00:00:00+00:00
[2025-04-20T02:24:57.126+0000] {standard_task_runner.py:60} INFO - Started process 2216 to run task
[2025-04-20T02:24:57.129+0000] {standard_task_runner.py:87} INFO - Running: ['***', 'tasks', 'run', 'youtube_comment_pipeline_us_stocks_daily', 'select_top_videos', 'scheduled__2025-04-09T00:00:00+00:00', '--job-id', '554', '--raw', '--subdir', 'DAGS_FOLDER/youtube_comment_pipeline.py', '--cfg-path', '/tmp/tmpipxl3uhw']
[2025-04-20T02:24:57.131+0000] {standard_task_runner.py:88} INFO - Job 554: Subtask select_top_videos
[2025-04-20T02:24:57.160+0000] {task_command.py:423} INFO - Running <TaskInstance: youtube_comment_pipeline_us_stocks_daily.select_top_videos scheduled__2025-04-09T00:00:00+00:00 [running]> on host 7e480c288e12
[2025-04-20T02:24:57.208+0000] {taskinstance.py:2480} INFO - Exporting env vars: AIRFLOW_CTX_DAG_OWNER='***' AIRFLOW_CTX_DAG_ID='youtube_comment_pipeline_us_stocks_daily' AIRFLOW_CTX_TASK_ID='select_top_videos' AIRFLOW_CTX_EXECUTION_DATE='2025-04-09T00:00:00+00:00' AIRFLOW_CTX_TRY_NUMBER='1' AIRFLOW_CTX_DAG_RUN_ID='scheduled__2025-04-09T00:00:00+00:00'
[2025-04-20T02:24:57.358+0000] {python.py:201} INFO - Done. Returned value was: None
[2025-04-20T02:24:57.363+0000] {taskinstance.py:1138} INFO - Marking task as SUCCESS. dag_id=youtube_comment_pipeline_us_stocks_daily, task_id=select_top_videos, execution_date=20250409T000000, start_date=20250420T022457, end_date=20250420T022457
[2025-04-20T02:24:57.394+0000] {local_task_job_runner.py:234} INFO - Task exited with return code 0
[2025-04-20T02:24:57.405+0000] {taskinstance.py:3280} INFO - 1 downstream tasks scheduled from follow-on schedule check
