[2025-04-06T03:25:39.263+0000] {taskinstance.py:1956} INFO - Dependencies all met for dep_context=non-requeueable deps ti=<TaskInstance: youtube_comment_pipeline_us_stocks_daily.load_to_postgres scheduled__2025-04-05T00:00:00+00:00 [queued]>
[2025-04-06T03:25:39.266+0000] {taskinstance.py:1956} INFO - Dependencies all met for dep_context=requeueable deps ti=<TaskInstance: youtube_comment_pipeline_us_stocks_daily.load_to_postgres scheduled__2025-04-05T00:00:00+00:00 [queued]>
[2025-04-06T03:25:39.266+0000] {taskinstance.py:2170} INFO - Starting attempt 1 of 1
[2025-04-06T03:25:39.271+0000] {taskinstance.py:2191} INFO - Executing <Task(PythonOperator): load_to_postgres> on 2025-04-05 00:00:00+00:00
[2025-04-06T03:25:39.274+0000] {standard_task_runner.py:60} INFO - Started process 2825 to run task
[2025-04-06T03:25:39.277+0000] {standard_task_runner.py:87} INFO - Running: ['***', 'tasks', 'run', 'youtube_comment_pipeline_us_stocks_daily', 'load_to_postgres', 'scheduled__2025-04-05T00:00:00+00:00', '--job-id', '52', '--raw', '--subdir', 'DAGS_FOLDER/youtube_comment_pipeline.py', '--cfg-path', '/tmp/tmp5t31ufrn']
[2025-04-06T03:25:39.278+0000] {standard_task_runner.py:88} INFO - Job 52: Subtask load_to_postgres
[2025-04-06T03:25:39.300+0000] {task_command.py:423} INFO - Running <TaskInstance: youtube_comment_pipeline_us_stocks_daily.load_to_postgres scheduled__2025-04-05T00:00:00+00:00 [running]> on host 04d9bebcd372
[2025-04-06T03:25:39.330+0000] {taskinstance.py:2480} INFO - Exporting env vars: AIRFLOW_CTX_DAG_OWNER='***' AIRFLOW_CTX_DAG_ID='youtube_comment_pipeline_us_stocks_daily' AIRFLOW_CTX_TASK_ID='load_to_postgres' AIRFLOW_CTX_EXECUTION_DATE='2025-04-05T00:00:00+00:00' AIRFLOW_CTX_TRY_NUMBER='1' AIRFLOW_CTX_DAG_RUN_ID='scheduled__2025-04-05T00:00:00+00:00'
[2025-04-06T03:25:39.351+0000] {base.py:83} INFO - Using connection ID 'aws_pg' for task execution.
[2025-04-06T03:25:49.406+0000] {local_task_job_runner.py:302} WARNING - State of this instance has been externally set to restarting. Terminating instance.
[2025-04-06T03:25:49.408+0000] {process_utils.py:131} INFO - Sending 15 to group 2825. PIDs of all processes in the group: [2825]
[2025-04-06T03:25:49.408+0000] {process_utils.py:86} INFO - Sending the signal 15 to group 2825
[2025-04-06T03:25:49.551+0000] {taskinstance.py:2450} ERROR - Received SIGTERM. Terminating subprocesses.
[2025-04-06T03:25:49.570+0000] {taskinstance.py:2698} ERROR - Task failed with exception
Traceback (most recent call last):
  File "/home/airflow/.local/lib/python3.8/site-packages/airflow/models/taskinstance.py", line 433, in _execute_task
    result = execute_callable(context=context, **execute_callable_kwargs)
  File "/home/airflow/.local/lib/python3.8/site-packages/airflow/operators/python.py", line 199, in execute
    return_value = self.execute_callable()
  File "/home/airflow/.local/lib/python3.8/site-packages/airflow/operators/python.py", line 216, in execute_callable
    return self.python_callable(*self.op_args, **self.op_kwargs)
  File "/opt/airflow/dags/youtube_comment_pipeline.py", line 116, in load_to_postgres
    cur.execute(
  File "/usr/local/lib/python3.8/encodings/utf_8.py", line 15, in decode
    def decode(input, errors='strict'):
  File "/home/airflow/.local/lib/python3.8/site-packages/airflow/models/taskinstance.py", line 2452, in signal_handler
    raise AirflowException("Task received SIGTERM signal")
airflow.exceptions.AirflowException: Task received SIGTERM signal
[2025-04-06T03:25:49.574+0000] {taskinstance.py:1138} INFO - Marking task as UP_FOR_RETRY. dag_id=youtube_comment_pipeline_us_stocks_daily, task_id=load_to_postgres, execution_date=20250405T000000, start_date=20250406T032539, end_date=20250406T032549
[2025-04-06T03:25:49.583+0000] {standard_task_runner.py:107} ERROR - Failed to execute job 52 for task load_to_postgres (Task received SIGTERM signal; 2825)
[2025-04-06T03:25:49.591+0000] {process_utils.py:79} INFO - Process psutil.Process(pid=2825, status='terminated', exitcode=1, started='03:25:38') (2825) terminated with exit code 1
[2025-04-06T04:04:24.364+0000] {taskinstance.py:1956} INFO - Dependencies all met for dep_context=non-requeueable deps ti=<TaskInstance: youtube_comment_pipeline_us_stocks_daily.load_to_postgres scheduled__2025-04-05T00:00:00+00:00 [queued]>
[2025-04-06T04:04:24.367+0000] {taskinstance.py:1956} INFO - Dependencies all met for dep_context=requeueable deps ti=<TaskInstance: youtube_comment_pipeline_us_stocks_daily.load_to_postgres scheduled__2025-04-05T00:00:00+00:00 [queued]>
[2025-04-06T04:04:24.367+0000] {taskinstance.py:2170} INFO - Starting attempt 1 of 1
[2025-04-06T04:04:24.371+0000] {taskinstance.py:2191} INFO - Executing <Task(PythonOperator): load_to_postgres> on 2025-04-05 00:00:00+00:00
[2025-04-06T04:04:24.373+0000] {standard_task_runner.py:60} INFO - Started process 545 to run task
[2025-04-06T04:04:24.374+0000] {standard_task_runner.py:87} INFO - Running: ['***', 'tasks', 'run', 'youtube_comment_pipeline_us_stocks_daily', 'load_to_postgres', 'scheduled__2025-04-05T00:00:00+00:00', '--job-id', '65', '--raw', '--subdir', 'DAGS_FOLDER/youtube_comment_pipeline.py', '--cfg-path', '/tmp/tmpqipvb23t']
[2025-04-06T04:04:24.375+0000] {standard_task_runner.py:88} INFO - Job 65: Subtask load_to_postgres
[2025-04-06T04:04:24.394+0000] {task_command.py:423} INFO - Running <TaskInstance: youtube_comment_pipeline_us_stocks_daily.load_to_postgres scheduled__2025-04-05T00:00:00+00:00 [running]> on host 04d9bebcd372
[2025-04-06T04:04:24.421+0000] {taskinstance.py:2480} INFO - Exporting env vars: AIRFLOW_CTX_DAG_OWNER='***' AIRFLOW_CTX_DAG_ID='youtube_comment_pipeline_us_stocks_daily' AIRFLOW_CTX_TASK_ID='load_to_postgres' AIRFLOW_CTX_EXECUTION_DATE='2025-04-05T00:00:00+00:00' AIRFLOW_CTX_TRY_NUMBER='1' AIRFLOW_CTX_DAG_RUN_ID='scheduled__2025-04-05T00:00:00+00:00'
[2025-04-06T04:04:24.430+0000] {base.py:83} INFO - Using connection ID 'aws_pg' for task execution.
[2025-04-06T04:04:51.993+0000] {logging_mixin.py:188} INFO - ✅ Inserted 87 rows into raw_comments
[2025-04-06T04:04:51.999+0000] {python.py:201} INFO - Done. Returned value was: None
[2025-04-06T04:04:52.022+0000] {taskinstance.py:1138} INFO - Marking task as SUCCESS. dag_id=youtube_comment_pipeline_us_stocks_daily, task_id=load_to_postgres, execution_date=20250405T000000, start_date=20250406T040424, end_date=20250406T040452
[2025-04-06T04:04:52.047+0000] {local_task_job_runner.py:234} INFO - Task exited with return code 0
[2025-04-06T04:04:52.060+0000] {taskinstance.py:3280} INFO - 0 downstream tasks scheduled from follow-on schedule check
[2025-04-06T08:56:31.771+0000] {taskinstance.py:1956} INFO - Dependencies all met for dep_context=non-requeueable deps ti=<TaskInstance: youtube_comment_pipeline_us_stocks_daily.load_to_postgres scheduled__2025-04-05T00:00:00+00:00 [queued]>
[2025-04-06T08:56:31.774+0000] {taskinstance.py:1956} INFO - Dependencies all met for dep_context=requeueable deps ti=<TaskInstance: youtube_comment_pipeline_us_stocks_daily.load_to_postgres scheduled__2025-04-05T00:00:00+00:00 [queued]>
[2025-04-06T08:56:31.774+0000] {taskinstance.py:2170} INFO - Starting attempt 1 of 1
[2025-04-06T08:56:31.778+0000] {taskinstance.py:2191} INFO - Executing <Task(PythonOperator): load_to_postgres> on 2025-04-05 00:00:00+00:00
[2025-04-06T08:56:31.780+0000] {standard_task_runner.py:60} INFO - Started process 1876 to run task
[2025-04-06T08:56:31.782+0000] {standard_task_runner.py:87} INFO - Running: ['***', 'tasks', 'run', 'youtube_comment_pipeline_us_stocks_daily', 'load_to_postgres', 'scheduled__2025-04-05T00:00:00+00:00', '--job-id', '105', '--raw', '--subdir', 'DAGS_FOLDER/youtube_comment_pipeline.py', '--cfg-path', '/tmp/tmpffmm6uax']
[2025-04-06T08:56:31.783+0000] {standard_task_runner.py:88} INFO - Job 105: Subtask load_to_postgres
[2025-04-06T08:56:31.811+0000] {task_command.py:423} INFO - Running <TaskInstance: youtube_comment_pipeline_us_stocks_daily.load_to_postgres scheduled__2025-04-05T00:00:00+00:00 [running]> on host 04d9bebcd372
[2025-04-06T08:56:31.840+0000] {taskinstance.py:2480} INFO - Exporting env vars: AIRFLOW_CTX_DAG_OWNER='***' AIRFLOW_CTX_DAG_ID='youtube_comment_pipeline_us_stocks_daily' AIRFLOW_CTX_TASK_ID='load_to_postgres' AIRFLOW_CTX_EXECUTION_DATE='2025-04-05T00:00:00+00:00' AIRFLOW_CTX_TRY_NUMBER='1' AIRFLOW_CTX_DAG_RUN_ID='scheduled__2025-04-05T00:00:00+00:00'
[2025-04-06T08:56:31.872+0000] {base.py:83} INFO - Using connection ID 'aws_pg' for task execution.
[2025-04-06T08:56:46.204+0000] {logging_mixin.py:188} INFO - 批次插入 4765 筆留言成功
[2025-04-06T08:56:46.215+0000] {python.py:201} INFO - Done. Returned value was: None
[2025-04-06T08:56:46.233+0000] {taskinstance.py:1138} INFO - Marking task as SUCCESS. dag_id=youtube_comment_pipeline_us_stocks_daily, task_id=load_to_postgres, execution_date=20250405T000000, start_date=20250406T085631, end_date=20250406T085646
[2025-04-06T08:56:46.284+0000] {local_task_job_runner.py:234} INFO - Task exited with return code 0
[2025-04-06T08:56:46.297+0000] {taskinstance.py:3280} INFO - 0 downstream tasks scheduled from follow-on schedule check
