[2025-04-14T02:05:01.366+0000] {taskinstance.py:1956} INFO - Dependencies all met for dep_context=non-requeueable deps ti=<TaskInstance: youtube_comment_pipeline_us_stocks_daily.load_to_postgres scheduled__2025-04-13T00:00:00+00:00 [queued]>
[2025-04-14T02:05:01.369+0000] {taskinstance.py:1956} INFO - Dependencies all met for dep_context=requeueable deps ti=<TaskInstance: youtube_comment_pipeline_us_stocks_daily.load_to_postgres scheduled__2025-04-13T00:00:00+00:00 [queued]>
[2025-04-14T02:05:01.369+0000] {taskinstance.py:2170} INFO - Starting attempt 1 of 1
[2025-04-14T02:05:01.373+0000] {taskinstance.py:2191} INFO - Executing <Task(PythonOperator): load_to_postgres> on 2025-04-13 00:00:00+00:00
[2025-04-14T02:05:01.375+0000] {standard_task_runner.py:60} INFO - Started process 313 to run task
[2025-04-14T02:05:01.377+0000] {standard_task_runner.py:87} INFO - Running: ['***', 'tasks', 'run', 'youtube_comment_pipeline_us_stocks_daily', 'load_to_postgres', 'scheduled__2025-04-13T00:00:00+00:00', '--job-id', '333', '--raw', '--subdir', 'DAGS_FOLDER/youtube_comment_pipeline.py', '--cfg-path', '/tmp/tmpyc_j9mt2']
[2025-04-14T02:05:01.378+0000] {standard_task_runner.py:88} INFO - Job 333: Subtask load_to_postgres
[2025-04-14T02:05:01.402+0000] {task_command.py:423} INFO - Running <TaskInstance: youtube_comment_pipeline_us_stocks_daily.load_to_postgres scheduled__2025-04-13T00:00:00+00:00 [running]> on host 9d8a82da5923
[2025-04-14T02:05:01.433+0000] {taskinstance.py:2480} INFO - Exporting env vars: AIRFLOW_CTX_DAG_OWNER='***' AIRFLOW_CTX_DAG_ID='youtube_comment_pipeline_us_stocks_daily' AIRFLOW_CTX_TASK_ID='load_to_postgres' AIRFLOW_CTX_EXECUTION_DATE='2025-04-13T00:00:00+00:00' AIRFLOW_CTX_TRY_NUMBER='1' AIRFLOW_CTX_DAG_RUN_ID='scheduled__2025-04-13T00:00:00+00:00'
[2025-04-14T02:05:01.443+0000] {base.py:83} INFO - Using connection ID 'aws_pg' for task execution.
[2025-04-14T02:05:04.714+0000] {logging_mixin.py:188} INFO - 批次插入 106 筆留言成功
[2025-04-14T02:05:04.715+0000] {python.py:201} INFO - Done. Returned value was: None
[2025-04-14T02:05:04.732+0000] {taskinstance.py:1138} INFO - Marking task as SUCCESS. dag_id=youtube_comment_pipeline_us_stocks_daily, task_id=load_to_postgres, execution_date=20250413T000000, start_date=20250414T020501, end_date=20250414T020504
[2025-04-14T02:05:04.761+0000] {local_task_job_runner.py:234} INFO - Task exited with return code 0
[2025-04-14T02:05:04.775+0000] {taskinstance.py:3280} INFO - 0 downstream tasks scheduled from follow-on schedule check
[2025-04-20T02:25:22.095+0000] {taskinstance.py:1956} INFO - Dependencies all met for dep_context=non-requeueable deps ti=<TaskInstance: youtube_comment_pipeline_us_stocks_daily.load_to_postgres scheduled__2025-04-13T00:00:00+00:00 [queued]>
[2025-04-20T02:25:22.100+0000] {taskinstance.py:1956} INFO - Dependencies all met for dep_context=requeueable deps ti=<TaskInstance: youtube_comment_pipeline_us_stocks_daily.load_to_postgres scheduled__2025-04-13T00:00:00+00:00 [queued]>
[2025-04-20T02:25:22.101+0000] {taskinstance.py:2170} INFO - Starting attempt 1 of 1
[2025-04-20T02:25:22.106+0000] {taskinstance.py:2191} INFO - Executing <Task(PythonOperator): load_to_postgres> on 2025-04-13 00:00:00+00:00
[2025-04-20T02:25:22.108+0000] {standard_task_runner.py:60} INFO - Started process 2303 to run task
[2025-04-20T02:25:22.110+0000] {standard_task_runner.py:87} INFO - Running: ['***', 'tasks', 'run', 'youtube_comment_pipeline_us_stocks_daily', 'load_to_postgres', 'scheduled__2025-04-13T00:00:00+00:00', '--job-id', '587', '--raw', '--subdir', 'DAGS_FOLDER/youtube_comment_pipeline.py', '--cfg-path', '/tmp/tmpynf_c3a4']
[2025-04-20T02:25:22.112+0000] {standard_task_runner.py:88} INFO - Job 587: Subtask load_to_postgres
[2025-04-20T02:25:22.140+0000] {task_command.py:423} INFO - Running <TaskInstance: youtube_comment_pipeline_us_stocks_daily.load_to_postgres scheduled__2025-04-13T00:00:00+00:00 [running]> on host 7e480c288e12
[2025-04-20T02:25:22.183+0000] {taskinstance.py:2480} INFO - Exporting env vars: AIRFLOW_CTX_DAG_OWNER='***' AIRFLOW_CTX_DAG_ID='youtube_comment_pipeline_us_stocks_daily' AIRFLOW_CTX_TASK_ID='load_to_postgres' AIRFLOW_CTX_EXECUTION_DATE='2025-04-13T00:00:00+00:00' AIRFLOW_CTX_TRY_NUMBER='1' AIRFLOW_CTX_DAG_RUN_ID='scheduled__2025-04-13T00:00:00+00:00'
[2025-04-20T02:25:22.195+0000] {base.py:83} INFO - Using connection ID 'aws_pg' for task execution.
[2025-04-20T02:25:24.540+0000] {logging_mixin.py:188} INFO - Successfully batch-inserted 14 comments.
[2025-04-20T02:25:24.540+0000] {python.py:201} INFO - Done. Returned value was: None
[2025-04-20T02:25:24.546+0000] {taskinstance.py:1138} INFO - Marking task as SUCCESS. dag_id=youtube_comment_pipeline_us_stocks_daily, task_id=load_to_postgres, execution_date=20250413T000000, start_date=20250420T022522, end_date=20250420T022524
[2025-04-20T02:25:24.566+0000] {local_task_job_runner.py:234} INFO - Task exited with return code 0
[2025-04-20T02:25:24.576+0000] {taskinstance.py:3280} INFO - 0 downstream tasks scheduled from follow-on schedule check
