[2025-04-12T02:05:18.622+0000] {taskinstance.py:1956} INFO - Dependencies all met for dep_context=non-requeueable deps ti=<TaskInstance: youtube_comment_pipeline_us_stocks_daily.search_youtube scheduled__2025-04-09T00:00:00+00:00 [queued]>
[2025-04-12T02:05:18.631+0000] {taskinstance.py:1956} INFO - Dependencies all met for dep_context=requeueable deps ti=<TaskInstance: youtube_comment_pipeline_us_stocks_daily.search_youtube scheduled__2025-04-09T00:00:00+00:00 [queued]>
[2025-04-12T02:05:18.632+0000] {taskinstance.py:2170} INFO - Starting attempt 1 of 1
[2025-04-12T02:05:18.646+0000] {taskinstance.py:2191} INFO - Executing <Task(PythonOperator): search_youtube> on 2025-04-09 00:00:00+00:00
[2025-04-12T02:05:18.650+0000] {standard_task_runner.py:60} INFO - Started process 182 to run task
[2025-04-12T02:05:18.654+0000] {standard_task_runner.py:87} INFO - Running: ['***', 'tasks', 'run', 'youtube_comment_pipeline_us_stocks_daily', 'search_youtube', 'scheduled__2025-04-09T00:00:00+00:00', '--job-id', '175', '--raw', '--subdir', 'DAGS_FOLDER/youtube_comment_pipeline.py', '--cfg-path', '/tmp/tmp0m3llaj2']
[2025-04-12T02:05:18.658+0000] {standard_task_runner.py:88} INFO - Job 175: Subtask search_youtube
[2025-04-12T02:05:18.715+0000] {task_command.py:423} INFO - Running <TaskInstance: youtube_comment_pipeline_us_stocks_daily.search_youtube scheduled__2025-04-09T00:00:00+00:00 [running]> on host 6ca683c63410
[2025-04-12T02:05:18.789+0000] {taskinstance.py:2480} INFO - Exporting env vars: AIRFLOW_CTX_DAG_OWNER='***' AIRFLOW_CTX_DAG_ID='youtube_comment_pipeline_us_stocks_daily' AIRFLOW_CTX_TASK_ID='search_youtube' AIRFLOW_CTX_EXECUTION_DATE='2025-04-09T00:00:00+00:00' AIRFLOW_CTX_TRY_NUMBER='1' AIRFLOW_CTX_DAG_RUN_ID='scheduled__2025-04-09T00:00:00+00:00'
[2025-04-12T02:05:20.037+0000] {python.py:201} INFO - Done. Returned value was: None
[2025-04-12T02:05:20.048+0000] {taskinstance.py:1138} INFO - Marking task as SUCCESS. dag_id=youtube_comment_pipeline_us_stocks_daily, task_id=search_youtube, execution_date=20250409T000000, start_date=20250412T020518, end_date=20250412T020520
[2025-04-12T02:05:20.102+0000] {local_task_job_runner.py:234} INFO - Task exited with return code 0
[2025-04-12T02:05:20.133+0000] {taskinstance.py:3280} INFO - 1 downstream tasks scheduled from follow-on schedule check
[2025-04-20T02:24:43.399+0000] {taskinstance.py:1956} INFO - Dependencies all met for dep_context=non-requeueable deps ti=<TaskInstance: youtube_comment_pipeline_us_stocks_daily.search_youtube scheduled__2025-04-09T00:00:00+00:00 [queued]>
[2025-04-20T02:24:43.413+0000] {taskinstance.py:1956} INFO - Dependencies all met for dep_context=requeueable deps ti=<TaskInstance: youtube_comment_pipeline_us_stocks_daily.search_youtube scheduled__2025-04-09T00:00:00+00:00 [queued]>
[2025-04-20T02:24:43.413+0000] {taskinstance.py:2170} INFO - Starting attempt 1 of 1
[2025-04-20T02:24:43.448+0000] {taskinstance.py:2191} INFO - Executing <Task(PythonOperator): search_youtube> on 2025-04-09 00:00:00+00:00
[2025-04-20T02:24:43.450+0000] {standard_task_runner.py:60} INFO - Started process 2150 to run task
[2025-04-20T02:24:43.459+0000] {standard_task_runner.py:87} INFO - Running: ['***', 'tasks', 'run', 'youtube_comment_pipeline_us_stocks_daily', 'search_youtube', 'scheduled__2025-04-09T00:00:00+00:00', '--job-id', '520', '--raw', '--subdir', 'DAGS_FOLDER/youtube_comment_pipeline.py', '--cfg-path', '/tmp/tmp_l2mihg4']
[2025-04-20T02:24:43.468+0000] {standard_task_runner.py:88} INFO - Job 520: Subtask search_youtube
[2025-04-20T02:24:43.526+0000] {task_command.py:423} INFO - Running <TaskInstance: youtube_comment_pipeline_us_stocks_daily.search_youtube scheduled__2025-04-09T00:00:00+00:00 [running]> on host 7e480c288e12
[2025-04-20T02:24:43.668+0000] {taskinstance.py:2480} INFO - Exporting env vars: AIRFLOW_CTX_DAG_OWNER='***' AIRFLOW_CTX_DAG_ID='youtube_comment_pipeline_us_stocks_daily' AIRFLOW_CTX_TASK_ID='search_youtube' AIRFLOW_CTX_EXECUTION_DATE='2025-04-09T00:00:00+00:00' AIRFLOW_CTX_TRY_NUMBER='1' AIRFLOW_CTX_DAG_RUN_ID='scheduled__2025-04-09T00:00:00+00:00'
[2025-04-20T02:24:44.481+0000] {python.py:201} INFO - Done. Returned value was: None
[2025-04-20T02:24:44.496+0000] {taskinstance.py:1138} INFO - Marking task as SUCCESS. dag_id=youtube_comment_pipeline_us_stocks_daily, task_id=search_youtube, execution_date=20250409T000000, start_date=20250420T022443, end_date=20250420T022444
[2025-04-20T02:24:44.551+0000] {local_task_job_runner.py:234} INFO - Task exited with return code 0
[2025-04-20T02:24:44.652+0000] {taskinstance.py:3280} INFO - 0 downstream tasks scheduled from follow-on schedule check
