[2025-04-12T14:46:28.302+0000] {taskinstance.py:1956} INFO - Dependencies all met for dep_context=non-requeueable deps ti=<TaskInstance: weekly_comment_analysis_pipeline.run_bertopic manual__2025-04-12T14:45:30.094946+00:00 [queued]>
[2025-04-12T14:46:28.306+0000] {taskinstance.py:1956} INFO - Dependencies all met for dep_context=requeueable deps ti=<TaskInstance: weekly_comment_analysis_pipeline.run_bertopic manual__2025-04-12T14:45:30.094946+00:00 [queued]>
[2025-04-12T14:46:28.307+0000] {taskinstance.py:2170} INFO - Starting attempt 1 of 1
[2025-04-12T14:46:28.314+0000] {taskinstance.py:2191} INFO - Executing <Task(PythonOperator): run_bertopic> on 2025-04-12 14:45:30.094946+00:00
[2025-04-12T14:46:28.322+0000] {standard_task_runner.py:60} INFO - Started process 320 to run task
[2025-04-12T14:46:28.324+0000] {standard_task_runner.py:87} INFO - Running: ['***', 'tasks', 'run', 'weekly_comment_analysis_pipeline', 'run_bertopic', 'manual__2025-04-12T14:45:30.094946+00:00', '--job-id', '254', '--raw', '--subdir', 'DAGS_FOLDER/Sentiment_Topicmodelling.py', '--cfg-path', '/tmp/tmplmiiek1x']
[2025-04-12T14:46:28.327+0000] {standard_task_runner.py:88} INFO - Job 254: Subtask run_bertopic
[2025-04-12T14:46:28.351+0000] {task_command.py:423} INFO - Running <TaskInstance: weekly_comment_analysis_pipeline.run_bertopic manual__2025-04-12T14:45:30.094946+00:00 [running]> on host b22c3b1dd6e4
[2025-04-12T14:46:28.381+0000] {taskinstance.py:2480} INFO - Exporting env vars: AIRFLOW_CTX_DAG_OWNER='***' AIRFLOW_CTX_DAG_ID='weekly_comment_analysis_pipeline' AIRFLOW_CTX_TASK_ID='run_bertopic' AIRFLOW_CTX_EXECUTION_DATE='2025-04-12T14:45:30.094946+00:00' AIRFLOW_CTX_TRY_NUMBER='1' AIRFLOW_CTX_DAG_RUN_ID='manual__2025-04-12T14:45:30.094946+00:00'
[2025-04-12T14:46:28.424+0000] {SentenceTransformer.py:208} INFO - Use pytorch device_name: cpu
[2025-04-12T14:46:28.425+0000] {SentenceTransformer.py:216} INFO - Load pretrained SentenceTransformer: sentence-transformers/all-MiniLM-L6-v2
[2025-04-12T15:07:04.444+0000] {local_task_job_runner.py:302} WARNING - State of this instance has been externally set to restarting. Terminating instance.
[2025-04-12T15:07:04.451+0000] {process_utils.py:131} INFO - Sending 15 to group 320. PIDs of all processes in the group: [320]
[2025-04-12T15:07:04.451+0000] {process_utils.py:86} INFO - Sending the signal 15 to group 320
[2025-04-12T15:07:04.453+0000] {taskinstance.py:2450} ERROR - Received SIGTERM. Terminating subprocesses.
[2025-04-12T15:07:04.469+0000] {taskinstance.py:2698} ERROR - Task failed with exception
Traceback (most recent call last):
  File "/home/airflow/.local/lib/python3.8/site-packages/airflow/models/taskinstance.py", line 433, in _execute_task
    result = execute_callable(context=context, **execute_callable_kwargs)
  File "/home/airflow/.local/lib/python3.8/site-packages/airflow/operators/python.py", line 199, in execute
    return_value = self.execute_callable()
  File "/home/airflow/.local/lib/python3.8/site-packages/airflow/operators/python.py", line 216, in execute_callable
    return self.python_callable(*self.op_args, **self.op_kwargs)
  File "/opt/airflow/dags/Sentiment_Topicmodelling.py", line 92, in run_bertopic
    sentiment = analyze_sentiment(texts[i])
  File "/opt/airflow/dags/Sentiment_Topicmodelling.py", line 71, in analyze_sentiment
    outputs = model(**inputs)
  File "/home/airflow/.local/lib/python3.8/site-packages/torch/nn/modules/module.py", line 1553, in _wrapped_call_impl
    return self._call_impl(*args, **kwargs)
  File "/home/airflow/.local/lib/python3.8/site-packages/torch/nn/modules/module.py", line 1562, in _call_impl
    return forward_call(*args, **kwargs)
  File "/home/airflow/.local/lib/python3.8/site-packages/transformers/models/bert/modeling_bert.py", line 1668, in forward
    outputs = self.bert(
  File "/home/airflow/.local/lib/python3.8/site-packages/torch/nn/modules/module.py", line 1553, in _wrapped_call_impl
    return self._call_impl(*args, **kwargs)
  File "/home/airflow/.local/lib/python3.8/site-packages/torch/nn/modules/module.py", line 1562, in _call_impl
    return forward_call(*args, **kwargs)
  File "/home/airflow/.local/lib/python3.8/site-packages/transformers/models/bert/modeling_bert.py", line 1142, in forward
    encoder_outputs = self.encoder(
  File "/home/airflow/.local/lib/python3.8/site-packages/torch/nn/modules/module.py", line 1553, in _wrapped_call_impl
    return self._call_impl(*args, **kwargs)
  File "/home/airflow/.local/lib/python3.8/site-packages/torch/nn/modules/module.py", line 1562, in _call_impl
    return forward_call(*args, **kwargs)
  File "/home/airflow/.local/lib/python3.8/site-packages/transformers/models/bert/modeling_bert.py", line 695, in forward
    layer_outputs = layer_module(
  File "/home/airflow/.local/lib/python3.8/site-packages/torch/nn/modules/module.py", line 1553, in _wrapped_call_impl
    return self._call_impl(*args, **kwargs)
  File "/home/airflow/.local/lib/python3.8/site-packages/torch/nn/modules/module.py", line 1562, in _call_impl
    return forward_call(*args, **kwargs)
  File "/home/airflow/.local/lib/python3.8/site-packages/transformers/models/bert/modeling_bert.py", line 585, in forward
    self_attention_outputs = self.attention(
  File "/home/airflow/.local/lib/python3.8/site-packages/torch/nn/modules/module.py", line 1553, in _wrapped_call_impl
    return self._call_impl(*args, **kwargs)
  File "/home/airflow/.local/lib/python3.8/site-packages/torch/nn/modules/module.py", line 1562, in _call_impl
    return forward_call(*args, **kwargs)
  File "/home/airflow/.local/lib/python3.8/site-packages/transformers/models/bert/modeling_bert.py", line 524, in forward
    attention_output = self.output(self_outputs[0], hidden_states)
  File "/home/airflow/.local/lib/python3.8/site-packages/torch/nn/modules/module.py", line 1553, in _wrapped_call_impl
    return self._call_impl(*args, **kwargs)
  File "/home/airflow/.local/lib/python3.8/site-packages/torch/nn/modules/module.py", line 1562, in _call_impl
    return forward_call(*args, **kwargs)
  File "/home/airflow/.local/lib/python3.8/site-packages/transformers/models/bert/modeling_bert.py", line 466, in forward
    hidden_states = self.dense(hidden_states)
  File "/home/airflow/.local/lib/python3.8/site-packages/torch/nn/modules/module.py", line 1553, in _wrapped_call_impl
    return self._call_impl(*args, **kwargs)
  File "/home/airflow/.local/lib/python3.8/site-packages/torch/nn/modules/module.py", line 1562, in _call_impl
    return forward_call(*args, **kwargs)
  File "/home/airflow/.local/lib/python3.8/site-packages/torch/nn/modules/linear.py", line 117, in forward
    return F.linear(input, self.weight, self.bias)
  File "/home/airflow/.local/lib/python3.8/site-packages/airflow/models/taskinstance.py", line 2452, in signal_handler
    raise AirflowException("Task received SIGTERM signal")
airflow.exceptions.AirflowException: Task received SIGTERM signal
[2025-04-12T15:07:04.474+0000] {taskinstance.py:1138} INFO - Marking task as UP_FOR_RETRY. dag_id=weekly_comment_analysis_pipeline, task_id=run_bertopic, execution_date=20250412T144530, start_date=20250412T144628, end_date=20250412T150704
[2025-04-12T15:07:04.484+0000] {standard_task_runner.py:107} ERROR - Failed to execute job 254 for task run_bertopic (Task received SIGTERM signal; 320)
[2025-04-12T15:07:04.551+0000] {process_utils.py:79} INFO - Process psutil.Process(pid=320, status='terminated', exitcode=1, started='14:46:27') (320) terminated with exit code 1
