[2025-04-06T08:55:44.629+0000] {taskinstance.py:1956} INFO - Dependencies all met for dep_context=non-requeueable deps ti=<TaskInstance: youtube_comment_pipeline_us_stocks_daily.select_top_videos scheduled__2025-04-02T00:00:00+00:00 [queued]>
[2025-04-06T08:55:44.634+0000] {taskinstance.py:1956} INFO - Dependencies all met for dep_context=requeueable deps ti=<TaskInstance: youtube_comment_pipeline_us_stocks_daily.select_top_videos scheduled__2025-04-02T00:00:00+00:00 [queued]>
[2025-04-06T08:55:44.634+0000] {taskinstance.py:2170} INFO - Starting attempt 1 of 1
[2025-04-06T08:55:44.642+0000] {taskinstance.py:2191} INFO - Executing <Task(PythonOperator): select_top_videos> on 2025-04-02 00:00:00+00:00
[2025-04-06T08:55:44.646+0000] {standard_task_runner.py:60} INFO - Started process 1823 to run task
[2025-04-06T08:55:44.648+0000] {standard_task_runner.py:87} INFO - Running: ['***', 'tasks', 'run', 'youtube_comment_pipeline_us_stocks_daily', 'select_top_videos', 'scheduled__2025-04-02T00:00:00+00:00', '--job-id', '92', '--raw', '--subdir', 'DAGS_FOLDER/youtube_comment_pipeline.py', '--cfg-path', '/tmp/tmpbir1y86l']
[2025-04-06T08:55:44.649+0000] {standard_task_runner.py:88} INFO - Job 92: Subtask select_top_videos
[2025-04-06T08:55:44.675+0000] {task_command.py:423} INFO - Running <TaskInstance: youtube_comment_pipeline_us_stocks_daily.select_top_videos scheduled__2025-04-02T00:00:00+00:00 [running]> on host 04d9bebcd372
[2025-04-06T08:55:44.708+0000] {taskinstance.py:2480} INFO - Exporting env vars: AIRFLOW_CTX_DAG_OWNER='***' AIRFLOW_CTX_DAG_ID='youtube_comment_pipeline_us_stocks_daily' AIRFLOW_CTX_TASK_ID='select_top_videos' AIRFLOW_CTX_EXECUTION_DATE='2025-04-02T00:00:00+00:00' AIRFLOW_CTX_TRY_NUMBER='1' AIRFLOW_CTX_DAG_RUN_ID='scheduled__2025-04-02T00:00:00+00:00'
[2025-04-06T08:55:44.962+0000] {python.py:201} INFO - Done. Returned value was: None
[2025-04-06T08:55:44.969+0000] {taskinstance.py:1138} INFO - Marking task as SUCCESS. dag_id=youtube_comment_pipeline_us_stocks_daily, task_id=select_top_videos, execution_date=20250402T000000, start_date=20250406T085544, end_date=20250406T085544
[2025-04-06T08:55:45.032+0000] {local_task_job_runner.py:234} INFO - Task exited with return code 0
[2025-04-06T08:55:45.051+0000] {taskinstance.py:3280} INFO - 1 downstream tasks scheduled from follow-on schedule check
[2025-04-20T02:24:55.725+0000] {taskinstance.py:1956} INFO - Dependencies all met for dep_context=non-requeueable deps ti=<TaskInstance: youtube_comment_pipeline_us_stocks_daily.select_top_videos scheduled__2025-04-02T00:00:00+00:00 [queued]>
[2025-04-20T02:24:55.730+0000] {taskinstance.py:1956} INFO - Dependencies all met for dep_context=requeueable deps ti=<TaskInstance: youtube_comment_pipeline_us_stocks_daily.select_top_videos scheduled__2025-04-02T00:00:00+00:00 [queued]>
[2025-04-20T02:24:55.731+0000] {taskinstance.py:2170} INFO - Starting attempt 1 of 1
[2025-04-20T02:24:55.738+0000] {taskinstance.py:2191} INFO - Executing <Task(PythonOperator): select_top_videos> on 2025-04-02 00:00:00+00:00
[2025-04-20T02:24:55.741+0000] {standard_task_runner.py:60} INFO - Started process 2201 to run task
[2025-04-20T02:24:55.745+0000] {standard_task_runner.py:87} INFO - Running: ['***', 'tasks', 'run', 'youtube_comment_pipeline_us_stocks_daily', 'select_top_videos', 'scheduled__2025-04-02T00:00:00+00:00', '--job-id', '547', '--raw', '--subdir', 'DAGS_FOLDER/youtube_comment_pipeline.py', '--cfg-path', '/tmp/tmp22apt21y']
[2025-04-20T02:24:55.747+0000] {standard_task_runner.py:88} INFO - Job 547: Subtask select_top_videos
[2025-04-20T02:24:55.777+0000] {task_command.py:423} INFO - Running <TaskInstance: youtube_comment_pipeline_us_stocks_daily.select_top_videos scheduled__2025-04-02T00:00:00+00:00 [running]> on host 7e480c288e12
[2025-04-20T02:24:55.820+0000] {taskinstance.py:2480} INFO - Exporting env vars: AIRFLOW_CTX_DAG_OWNER='***' AIRFLOW_CTX_DAG_ID='youtube_comment_pipeline_us_stocks_daily' AIRFLOW_CTX_TASK_ID='select_top_videos' AIRFLOW_CTX_EXECUTION_DATE='2025-04-02T00:00:00+00:00' AIRFLOW_CTX_TRY_NUMBER='1' AIRFLOW_CTX_DAG_RUN_ID='scheduled__2025-04-02T00:00:00+00:00'
[2025-04-20T02:24:55.953+0000] {python.py:201} INFO - Done. Returned value was: None
[2025-04-20T02:24:55.958+0000] {taskinstance.py:1138} INFO - Marking task as SUCCESS. dag_id=youtube_comment_pipeline_us_stocks_daily, task_id=select_top_videos, execution_date=20250402T000000, start_date=20250420T022455, end_date=20250420T022455
[2025-04-20T02:24:56.004+0000] {local_task_job_runner.py:234} INFO - Task exited with return code 0
[2025-04-20T02:24:56.016+0000] {taskinstance.py:3280} INFO - 1 downstream tasks scheduled from follow-on schedule check
