[2025-04-12T12:39:17.078+0000] {taskinstance.py:1946} INFO - Dependencies not met for <TaskInstance: weekly_comment_analysis_pipeline.clean_texts manual__2025-04-06T00:00:00+00:00 [success]>, dependency 'Task Instance State' FAILED: Task is in the 'success' state.
[2025-04-12T12:39:17.078+0000] {local_task_job_runner.py:160} INFO - Task is not able to be run
[2025-04-12T17:46:19.066+0000] {taskinstance.py:1956} INFO - Dependencies all met for dep_context=non-requeueable deps ti=<TaskInstance: weekly_comment_analysis_pipeline.clean_texts manual__2025-04-06T00:00:00+00:00 [queued]>
[2025-04-12T17:46:19.072+0000] {taskinstance.py:1956} INFO - Dependencies all met for dep_context=requeueable deps ti=<TaskInstance: weekly_comment_analysis_pipeline.clean_texts manual__2025-04-06T00:00:00+00:00 [queued]>
[2025-04-12T17:46:19.072+0000] {taskinstance.py:2170} INFO - Starting attempt 1 of 1
[2025-04-12T17:46:19.079+0000] {taskinstance.py:2191} INFO - Executing <Task(PythonOperator): clean_texts> on 2025-04-06 00:00:00+00:00
[2025-04-12T17:46:19.086+0000] {standard_task_runner.py:60} INFO - Started process 79237 to run task
[2025-04-12T17:46:19.089+0000] {standard_task_runner.py:87} INFO - Running: ['***', 'tasks', 'run', 'weekly_comment_analysis_pipeline', 'clean_texts', 'manual__2025-04-06T00:00:00+00:00', '--job-id', '273', '--raw', '--subdir', 'DAGS_FOLDER/Sentiment_Topicmodelling.py', '--cfg-path', '/tmp/tmpmchiaykd']
[2025-04-12T17:46:19.091+0000] {standard_task_runner.py:88} INFO - Job 273: Subtask clean_texts
[2025-04-12T17:46:19.124+0000] {task_command.py:423} INFO - Running <TaskInstance: weekly_comment_analysis_pipeline.clean_texts manual__2025-04-06T00:00:00+00:00 [running]> on host b22c3b1dd6e4
[2025-04-12T17:46:19.171+0000] {taskinstance.py:2480} INFO - Exporting env vars: AIRFLOW_CTX_DAG_OWNER='***' AIRFLOW_CTX_DAG_ID='weekly_comment_analysis_pipeline' AIRFLOW_CTX_TASK_ID='clean_texts' AIRFLOW_CTX_EXECUTION_DATE='2025-04-06T00:00:00+00:00' AIRFLOW_CTX_TRY_NUMBER='1' AIRFLOW_CTX_DAG_RUN_ID='manual__2025-04-06T00:00:00+00:00'
[2025-04-12T17:46:59.333+0000] {logging_mixin.py:188} INFO - Filtered and cleaned 14403 English comments.
[2025-04-12T17:46:59.338+0000] {python.py:201} INFO - Done. Returned value was: None
[2025-04-12T17:46:59.347+0000] {taskinstance.py:1138} INFO - Marking task as SUCCESS. dag_id=weekly_comment_analysis_pipeline, task_id=clean_texts, execution_date=20250406T000000, start_date=20250412T174619, end_date=20250412T174659
[2025-04-12T17:46:59.374+0000] {local_task_job_runner.py:234} INFO - Task exited with return code 0
[2025-04-12T17:46:59.389+0000] {taskinstance.py:3280} INFO - 1 downstream tasks scheduled from follow-on schedule check
[2025-04-12T23:15:24.915+0000] {taskinstance.py:1956} INFO - Dependencies all met for dep_context=non-requeueable deps ti=<TaskInstance: weekly_comment_analysis_pipeline.clean_texts manual__2025-04-06T00:00:00+00:00 [queued]>
[2025-04-12T23:15:24.918+0000] {taskinstance.py:1956} INFO - Dependencies all met for dep_context=requeueable deps ti=<TaskInstance: weekly_comment_analysis_pipeline.clean_texts manual__2025-04-06T00:00:00+00:00 [queued]>
[2025-04-12T23:15:24.918+0000] {taskinstance.py:2170} INFO - Starting attempt 1 of 1
[2025-04-12T23:15:24.923+0000] {taskinstance.py:2191} INFO - Executing <Task(PythonOperator): clean_texts> on 2025-04-06 00:00:00+00:00
[2025-04-12T23:15:24.926+0000] {standard_task_runner.py:60} INFO - Started process 383 to run task
[2025-04-12T23:15:24.928+0000] {standard_task_runner.py:87} INFO - Running: ['***', 'tasks', 'run', 'weekly_comment_analysis_pipeline', 'clean_texts', 'manual__2025-04-06T00:00:00+00:00', '--job-id', '278', '--raw', '--subdir', 'DAGS_FOLDER/Sentiment_Topicmodelling.py', '--cfg-path', '/tmp/tmp5hpcg6eo']
[2025-04-12T23:15:24.929+0000] {standard_task_runner.py:88} INFO - Job 278: Subtask clean_texts
[2025-04-12T23:15:24.950+0000] {task_command.py:423} INFO - Running <TaskInstance: weekly_comment_analysis_pipeline.clean_texts manual__2025-04-06T00:00:00+00:00 [running]> on host b22c3b1dd6e4
[2025-04-12T23:15:24.978+0000] {taskinstance.py:2480} INFO - Exporting env vars: AIRFLOW_CTX_DAG_OWNER='***' AIRFLOW_CTX_DAG_ID='weekly_comment_analysis_pipeline' AIRFLOW_CTX_TASK_ID='clean_texts' AIRFLOW_CTX_EXECUTION_DATE='2025-04-06T00:00:00+00:00' AIRFLOW_CTX_TRY_NUMBER='1' AIRFLOW_CTX_DAG_RUN_ID='manual__2025-04-06T00:00:00+00:00'
[2025-04-12T23:15:35.055+0000] {local_task_job_runner.py:302} WARNING - State of this instance has been externally set to success. Terminating instance.
[2025-04-12T23:15:35.057+0000] {process_utils.py:131} INFO - Sending 15 to group 383. PIDs of all processes in the group: [383]
[2025-04-12T23:15:35.057+0000] {process_utils.py:86} INFO - Sending the signal 15 to group 383
[2025-04-12T23:15:35.057+0000] {taskinstance.py:2450} ERROR - Received SIGTERM. Terminating subprocesses.
[2025-04-12T23:15:35.088+0000] {process_utils.py:79} INFO - Process psutil.Process(pid=383, status='terminated', exitcode=0, started='23:15:24') (383) terminated with exit code 0
